#
# There is insufficient memory for the Java Runtime Environment to continue.
# Native memory allocation (malloc) failed to allocate 925056 bytes for Chunk::new
# Possible reasons:
#   The system is out of physical RAM or swap space
#   The process is running with CompressedOops enabled, and the Java Heap may be blocking the growth of the native heap
# Possible solutions:
#   Reduce memory load on the system
#   Increase physical memory or swap space
#   Check if swap backing store is full
#   Decrease Java heap size (-Xmx/-Xms)
#   Decrease number of Java threads
#   Decrease Java thread stack sizes (-Xss)
#   Set larger code cache with -XX:ReservedCodeCacheSize=
#   JVM is running with Zero Based Compressed Oops mode in which the Java heap is
#     placed in the first 32GB address space. The Java Heap base address is the
#     maximum limit for the native heap growth. Please use -XX:HeapBaseMinAddress
#     to set the Java Heap base and to place the Java Heap above 32GB virtual address.
# This output file may be truncated or incomplete.
#
#  Out of Memory Error (arena.cpp:191), pid=36552, tid=4332
#
# JRE version: OpenJDK Runtime Environment Temurin-17.0.9+9 (17.0.9+9) (build 17.0.9+9)
# Java VM: OpenJDK 64-Bit Server VM Temurin-17.0.9+9 (17.0.9+9, mixed mode, sharing, tiered, compressed oops, compressed class ptrs, g1 gc, windows-amd64)
# No core dump will be written. Minidumps are not enabled by default on client versions of Windows
#

---------------  S U M M A R Y ------------

Command Line: --add-opens=java.base/java.util=ALL-UNNAMED --add-opens=java.base/java.lang=ALL-UNNAMED --add-opens=java.base/java.lang.invoke=ALL-UNNAMED --add-opens=java.prefs/java.util.prefs=ALL-UNNAMED --add-opens=java.base/java.nio.charset=ALL-UNNAMED --add-opens=java.base/java.net=ALL-UNNAMED --add-opens=java.base/java.util.concurrent.atomic=ALL-UNNAMED -Xmx4G -Dfile.encoding=utf8 -Duser.country=US -Duser.language=en -Duser.variant org.gradle.launcher.daemon.bootstrap.GradleDaemon 7.6.3

Host: AMD Ryzen 7 5800X 8-Core Processor             , 16 cores, 31G,  Windows 10 , 64 bit Build 19041 (10.0.19041.3636)
Time: Fri May 17 17:10:48 2024 China Standard Time elapsed time: 6.097033 seconds (0d 0h 0m 6s)

---------------  T H R E A D  ---------------

Current thread (0x000001fc2e344700):  JavaThread "C2 CompilerThread3" daemon [_thread_in_native, id=4332, stack(0x000000f2c3700000,0x000000f2c3800000)]


Current CompileTask:
C2:   6097 9602       4       java.beans.Introspector::addMethod (196 bytes)

Stack: [0x000000f2c3700000,0x000000f2c3800000]
Native frames: (J=compiled Java code, j=interpreted, Vv=VM code, C=native code)
V  [jvm.dll+0x67cf49]
V  [jvm.dll+0x83478a]
V  [jvm.dll+0x83624e]
V  [jvm.dll+0x8368b3]
V  [jvm.dll+0x247f1f]
V  [jvm.dll+0xac43c]
V  [jvm.dll+0xaca8c]
V  [jvm.dll+0x2af45f]
V  [jvm.dll+0x5853f7]
V  [jvm.dll+0x222f62]
V  [jvm.dll+0x21c15e]
V  [jvm.dll+0x2198c1]
V  [jvm.dll+0x1a57cd]
V  [jvm.dll+0x2297ae]
V  [jvm.dll+0x22797c]
V  [jvm.dll+0x7e9877]
V  [jvm.dll+0x7e3c3a]
V  [jvm.dll+0x67be35]
C  [ucrtbase.dll+0x21bb2]
C  [KERNEL32.DLL+0x17344]
C  [ntdll.dll+0x526b1]


---------------  P R O C E S S  ---------------

Threads class SMR info:
_java_thread_list=0x000001fc3363fc50, length=236, elements={
0x000001fbc312f500, 0x000001fc280d0b20, 0x000001fc280d38c0, 0x000001fc280ecf30,
0x000001fc280f0920, 0x000001fc280f11f0, 0x000001fc280f1ac0, 0x000001fc280f2770,
0x000001fc28105910, 0x000001fc28111e40, 0x000001fc28219f30, 0x000001fc28246510,
0x000001fc28259da0, 0x000001fc2825eec0, 0x000001fc282a9f60, 0x000001fc286fc870,
0x000001fc287cd6c0, 0x000001fc2e344700, 0x000001fc2ef50c10, 0x000001fc2d981220,
0x000001fc2e6fdff0, 0x000001fc2d606250, 0x000001fc2daa1230, 0x000001fc2dfcd2c0,
0x000001fc2dfcdce0, 0x000001fc2dfcc8a0, 0x000001fc2dfccdb0, 0x000001fc2dfcd7d0,
0x000001fc2e80a8e0, 0x000001fc2e80efc0, 0x000001fc2e80f4d0, 0x000001fc2e80db80,
0x000001fc2e80bd20, 0x000001fc2e808060, 0x000001fc2e80adf0, 0x000001fc2e80a3d0,
0x000001fc2e80c740, 0x000001fc2e80eab0, 0x000001fc2e80cc50, 0x000001fc2e80e5a0,
0x000001fc2e80e090, 0x000001fc2e80f9e0, 0x000001fc2e808570, 0x000001fc2e80b810,
0x000001fc2e8099b0, 0x000001fc2e808a80, 0x000001fc2e80d670, 0x000001fc2e808f90,
0x000001fc2fd9e260, 0x000001fc2fd9e770, 0x000001fc2fd9ec80, 0x000001fc2fd9dd50,
0x000001fc2fda1a10, 0x000001fc2fda3360, 0x000001fc2fda2e50, 0x000001fc2fd9d330,
0x000001fc2fda1f20, 0x000001fc2fda00c0, 0x000001fc2fda2430, 0x000001fc2fda0ae0,
0x000001fc2fda05d0, 0x000001fc2fda2940, 0x000001fc2fd9ce20, 0x000001fc2fd9fbb0,
0x000001fc2fda0ff0, 0x000001fc2fda4290, 0x000001fc2fda1500, 0x000001fc2fda3870,
0x000001fc2fda47a0, 0x000001fc2fd9f190, 0x000001fc2fd9d840, 0x000001fc3284cfb0,
0x000001fc32849800, 0x000001fc3284c590, 0x000001fc3284a730, 0x000001fc328483c0,
0x000001fc32849d10, 0x000001fc3284a220, 0x000001fc3284dee0, 0x000001fc3284c080,
0x000001fc32847490, 0x000001fc32846a70, 0x000001fc3284ac40, 0x000001fc3284bb70,
0x000001fc32847eb0, 0x000001fc3284b150, 0x000001fc3284b660, 0x000001fc32848de0,
0x000001fc3284caa0, 0x000001fc3284d4c0, 0x000001fc328492f0, 0x000001fc32846f80,
0x000001fc3284d9d0, 0x000001fc3284e3f0, 0x000001fc328488d0, 0x000001fc3271db70,
0x000001fc3271b800, 0x000001fc3271bd10, 0x000001fc3271a3c0, 0x000001fc32718a70,
0x000001fc3271eaa0, 0x000001fc3271c730, 0x000001fc3271e590, 0x000001fc3271efb0,
0x000001fc32718050, 0x000001fc3271a8d0, 0x000001fc3271c220, 0x000001fc3271e080,
0x000001fc3271f4c0, 0x000001fc3271f9d0, 0x000001fc32718f80, 0x000001fc32719eb0,
0x000001fc3271ade0, 0x000001fc32718560, 0x000001fc32719490, 0x000001fc3271cc40,
0x000001fc3271b2f0, 0x000001fc3271d150, 0x000001fc3271d660, 0x000001fc327199a0,
0x000001fc32a79ea0, 0x000001fc32a752b0, 0x000001fc32a757c0, 0x000001fc32a7a3b0,
0x000001fc32a7a8c0, 0x000001fc32a75cd0, 0x000001fc32a78a60, 0x000001fc32a76c00,
0x000001fc32a7add0, 0x000001fc32a761e0, 0x000001fc32a766f0, 0x000001fc32a7bd00,
0x000001fc32a74da0, 0x000001fc32a78040, 0x000001fc32a77b30, 0x000001fc32a77110,
0x000001fc32a74890, 0x000001fc32a7b2e0, 0x000001fc32a79480, 0x000001fc32a77620,
0x000001fc32a78550, 0x000001fc32a78f70, 0x000001fc32a79990, 0x000001fc32a7b7f0,
0x000001fc32a7c210, 0x000001fc33655c80, 0x000001fc33654330, 0x000001fc3365a360,
0x000001fc33656bb0, 0x000001fc33656190, 0x000001fc33657ae0, 0x000001fc33654d50,
0x000001fc33659940, 0x000001fc33657ff0, 0x000001fc33654840, 0x000001fc33655260,
0x000001fc33655770, 0x000001fc33659e50, 0x000001fc336566a0, 0x000001fc336570c0,
0x000001fc3365a870, 0x000001fc336575d0, 0x000001fc3365ad80, 0x000001fc33658500,
0x000001fc33658a10, 0x000001fc33658f20, 0x000001fc33659430, 0x000001fc3365b290,
0x000001fc33653e20, 0x000001fc3365b7a0, 0x000001fc320e7bf0, 0x000001fc320e3510,
0x000001fc320e9540, 0x000001fc320e9a50, 0x000001fc320e4440, 0x000001fc320e25e0,
0x000001fc320e8610, 0x000001fc320e71d0, 0x000001fc320e8b20, 0x000001fc320e5d90,
0x000001fc320e76e0, 0x000001fc320e5370, 0x000001fc320e3f30, 0x000001fc320e3a20,
0x000001fc320e4950, 0x000001fc320e8100, 0x000001fc320e4e60, 0x000001fc320e9030,
0x000001fc320e9f60, 0x000001fc320e2af0, 0x000001fc320e3000, 0x000001fc320e5880,
0x000001fc320e62a0, 0x000001fc320e67b0, 0x000001fc320e6cc0, 0x000001fc320a8620,
0x000001fc320a5890, 0x000001fc320a76f0, 0x000001fc320a8b30, 0x000001fc320a5380,
0x000001fc320a9040, 0x000001fc320a9550, 0x000001fc320a4960, 0x000001fc320a9a60,
0x000001fc320a8110, 0x000001fc320a67c0, 0x000001fc320a9f70, 0x000001fc320a3010,
0x000001fc320a3a30, 0x000001fc320a3520, 0x000001fc320aa480, 0x000001fc320aa990,
0x000001fc320a7c00, 0x000001fc320a6cd0, 0x000001fc320a3f40, 0x000001fc320a71e0,
0x000001fc320a4450, 0x000001fc320a5da0, 0x000001fc320a4e70, 0x000001fc320a62b0,
0x000001fc32ee0610, 0x000001fc32ee1a50, 0x000001fc32ee33a0, 0x000001fc32ee0100,
0x000001fc32ee38b0, 0x000001fc32ee0b20, 0x000001fc32ee3dc0, 0x000001fc32edf6e0,
0x000001fc32ede2a0, 0x000001fc32ee42d0, 0x000001fc32ee1f60, 0x000001fc32ee1030,
0x000001fc32ee1540, 0x000001fc32edfbf0, 0x000001fc32ee2470, 0x000001fc32ee2980
}

Java Threads: ( => current thread )
  0x000001fbc312f500 JavaThread "main" [_thread_blocked, id=13868, stack(0x000000f2c1400000,0x000000f2c1500000)]
  0x000001fc280d0b20 JavaThread "Reference Handler" daemon [_thread_blocked, id=17648, stack(0x000000f2c1b00000,0x000000f2c1c00000)]
  0x000001fc280d38c0 JavaThread "Finalizer" daemon [_thread_blocked, id=17616, stack(0x000000f2c1c00000,0x000000f2c1d00000)]
  0x000001fc280ecf30 JavaThread "Signal Dispatcher" daemon [_thread_blocked, id=33176, stack(0x000000f2c1d00000,0x000000f2c1e00000)]
  0x000001fc280f0920 JavaThread "Attach Listener" daemon [_thread_blocked, id=14620, stack(0x000000f2c1e00000,0x000000f2c1f00000)]
  0x000001fc280f11f0 JavaThread "Service Thread" daemon [_thread_blocked, id=22788, stack(0x000000f2c1f00000,0x000000f2c2000000)]
  0x000001fc280f1ac0 JavaThread "Monitor Deflation Thread" daemon [_thread_blocked, id=35856, stack(0x000000f2c2000000,0x000000f2c2100000)]
  0x000001fc280f2770 JavaThread "C2 CompilerThread0" daemon [_thread_in_native, id=13392, stack(0x000000f2c2100000,0x000000f2c2200000)]
  0x000001fc28105910 JavaThread "C1 CompilerThread0" daemon [_thread_blocked, id=35536, stack(0x000000f2c2200000,0x000000f2c2300000)]
  0x000001fc28111e40 JavaThread "Sweeper thread" daemon [_thread_blocked, id=31384, stack(0x000000f2c2300000,0x000000f2c2400000)]
  0x000001fc28219f30 JavaThread "C1 CompilerThread1" daemon [_thread_blocked, id=11920, stack(0x000000f2c2400000,0x000000f2c2500000)]
  0x000001fc28246510 JavaThread "C1 CompilerThread2" daemon [_thread_blocked, id=29436, stack(0x000000f2c2500000,0x000000f2c2600000)]
  0x000001fc28259da0 JavaThread "Common-Cleaner" daemon [_thread_blocked, id=36200, stack(0x000000f2c2600000,0x000000f2c2700000)]
  0x000001fc2825eec0 JavaThread "Notification Thread" daemon [_thread_blocked, id=29604, stack(0x000000f2c2700000,0x000000f2c2800000)]
  0x000001fc282a9f60 JavaThread "C2 CompilerThread1" daemon [_thread_in_native, id=28600, stack(0x000000f2c2900000,0x000000f2c2a00000)]
  0x000001fc286fc870 JavaThread "C2 CompilerThread2" daemon [_thread_in_native, id=24956, stack(0x000000f2c2a00000,0x000000f2c2b00000)]
  0x000001fc287cd6c0 JavaThread "C1 CompilerThread3" daemon [_thread_blocked, id=35220, stack(0x000000f2c2b00000,0x000000f2c2c00000)]
=>0x000001fc2e344700 JavaThread "C2 CompilerThread3" daemon [_thread_in_native, id=4332, stack(0x000000f2c3700000,0x000000f2c3800000)]
  0x000001fc2ef50c10 JavaThread "Daemon health stats" [_thread_blocked, id=16076, stack(0x000000f2c3800000,0x000000f2c3900000)]
  0x000001fc2d981220 JavaThread "Incoming local TCP Connector on port 54778" [_thread_in_native, id=37328, stack(0x000000f2c3900000,0x000000f2c3a00000)]
  0x000001fc2e6fdff0 JavaThread "Daemon periodic checks" [_thread_blocked, id=5708, stack(0x000000f2c3a00000,0x000000f2c3b00000)]
  0x000001fc2d606250 JavaThread "Daemon" [_thread_blocked, id=30492, stack(0x000000f2c3b00000,0x000000f2c3c00000)]
  0x000001fc2daa1230 JavaThread "Handler for socket connection from /127.0.0.1:54778 to /127.0.0.1:54779" [_thread_in_native, id=10068, stack(0x000000f2c3c00000,0x000000f2c3d00000)]
  0x000001fc2dfcd2c0 JavaThread "Cancel handler" [_thread_blocked, id=13256, stack(0x000000f2c3d00000,0x000000f2c3e00000)]
  0x000001fc2dfcdce0 JavaThread "Daemon worker" [_thread_in_Java, id=34520, stack(0x000000f2c3e00000,0x000000f2c3f00000)]
  0x000001fc2dfcc8a0 JavaThread "Asynchronous log dispatcher for DefaultDaemonConnection: socket connection from /127.0.0.1:54778 to /127.0.0.1:54779" [_thread_blocked, id=5244, stack(0x000000f2c3f00000,0x000000f2c4000000)]
  0x000001fc2dfccdb0 JavaThread "Stdin handler" [_thread_blocked, id=7500, stack(0x000000f2c4000000,0x000000f2c4100000)]
  0x000001fc2dfcd7d0 JavaThread "Daemon client event forwarder" [_thread_blocked, id=26492, stack(0x000000f2c4100000,0x000000f2c4200000)]
  0x000001fc2e80a8e0 JavaThread "Cache worker for journal cache (C:\Users\Adrian Estriel\.gradle\caches\journal-1)" [_thread_blocked, id=28960, stack(0x000000f2c4200000,0x000000f2c4300000)]
  0x000001fc2e80efc0 JavaThread "File lock request listener" [_thread_in_native, id=36608, stack(0x000000f2c4300000,0x000000f2c4400000)]
  0x000001fc2e80f4d0 JavaThread "Cache worker for file hash cache (C:\Users\Adrian Estriel\.gradle\caches\7.6.3\fileHashes)" [_thread_blocked, id=5536, stack(0x000000f2c4400000,0x000000f2c4500000)]
  0x000001fc2e80db80 JavaThread "File watcher server" daemon [_thread_in_native, id=23444, stack(0x000000f2c4500000,0x000000f2c4600000)]
  0x000001fc2e80bd20 JavaThread "File watcher consumer" daemon [_thread_blocked, id=26684, stack(0x000000f2c4600000,0x000000f2c4700000)]
  0x000001fc2e808060 JavaThread "Cache worker for checksums cache (C:\VirtualSole_App\virtualsoleV3\android\.gradle\7.6.3\checksums)" [_thread_blocked, id=12956, stack(0x000000f2c4700000,0x000000f2c4800000)]
  0x000001fc2e80adf0 JavaThread "Cache worker for cache directory md-rule (C:\Users\Adrian Estriel\.gradle\caches\7.6.3\md-rule)" [_thread_blocked, id=7476, stack(0x000000f2c4800000,0x000000f2c4900000)]
  0x000001fc2e80a3d0 JavaThread "Cache worker for file content cache (C:\Users\Adrian Estriel\.gradle\caches\7.6.3\fileContent)" [_thread_blocked, id=28268, stack(0x000000f2c4900000,0x000000f2c4a00000)]
  0x000001fc2e80c740 JavaThread "Cache worker for file hash cache (C:\VirtualSole_App\virtualsoleV3\android\.gradle\7.6.3\fileHashes)" [_thread_blocked, id=1928, stack(0x000000f2c4d00000,0x000000f2c4e00000)]
  0x000001fc2e80eab0 JavaThread "Cache worker for cache directory md-supplier (C:\Users\Adrian Estriel\.gradle\caches\7.6.3\md-supplier)" [_thread_blocked, id=28800, stack(0x000000f2c4e00000,0x000000f2c4f00000)]
  0x000001fc2e80cc50 JavaThread "Cache worker for execution history cache (C:\Users\Adrian Estriel\.gradle\caches\7.6.3\executionHistory)" [_thread_blocked, id=17404, stack(0x000000f2c4f00000,0x000000f2c5000000)]
  0x000001fc2e80e5a0 JavaThread "jar transforms" [_thread_blocked, id=23892, stack(0x000000f2c5000000,0x000000f2c5100000)]
  0x000001fc2e80e090 JavaThread "jar transforms Thread 2" [_thread_blocked, id=29628, stack(0x000000f2c5100000,0x000000f2c5200000)]
  0x000001fc2e80f9e0 JavaThread "jar transforms Thread 3" [_thread_blocked, id=25828, stack(0x000000f2c5300000,0x000000f2c5400000)]
  0x000001fc2e808570 JavaThread "Cache worker for kotlin-dsl (C:\Users\Adrian Estriel\.gradle\caches\7.6.3\kotlin-dsl)" [_thread_blocked, id=25256, stack(0x000000f2c5400000,0x000000f2c5500000)]
  0x000001fc2e80b810 JavaThread "jar transforms Thread 4" [_thread_blocked, id=13432, stack(0x000000f2c5500000,0x000000f2c5600000)]
  0x000001fc2e8099b0 JavaThread "Cache worker for dependencies-accessors (C:\VirtualSole_App\virtualsoleV3\android\.gradle\7.6.3\dependencies-accessors)" [_thread_blocked, id=22928, stack(0x000000f2c5600000,0x000000f2c5700000)]
  0x000001fc2e808a80 JavaThread "Cache worker for Build Output Cleanup Cache (C:\Flutter Folder\flutter\packages\flutter_tools\gradle\.gradle\buildOutputCleanup)" [_thread_blocked, id=20248, stack(0x000000f2c5700000,0x000000f2c5800000)]
  0x000001fc2e80d670 JavaThread "jar transforms Thread 5" [_thread_blocked, id=25444, stack(0x000000f2c5800000,0x000000f2c5900000)]
  0x000001fc2e808f90 JavaThread "Memory manager" [_thread_blocked, id=28080, stack(0x000000f2c5900000,0x000000f2c5a00000)]
  0x000001fc2fd9e260 JavaThread "jar transforms Thread 6" [_thread_blocked, id=30044, stack(0x000000f2c5a00000,0x000000f2c5b00000)]
  0x000001fc2fd9e770 JavaThread "included builds" [_thread_blocked, id=22992, stack(0x000000f2c5200000,0x000000f2c5300000)]
  0x000001fc2fd9ec80 JavaThread "Execution worker" [_thread_blocked, id=24232, stack(0x000000f2c5b00000,0x000000f2c5c00000)]
  0x000001fc2fd9dd50 JavaThread "Execution worker Thread 2" [_thread_blocked, id=12384, stack(0x000000f2c5c00000,0x000000f2c5d00000)]
  0x000001fc2fda1a10 JavaThread "Execution worker Thread 3" [_thread_blocked, id=26640, stack(0x000000f2c5d00000,0x000000f2c5e00000)]
  0x000001fc2fda3360 JavaThread "Execution worker Thread 4" [_thread_blocked, id=18176, stack(0x000000f2c5e00000,0x000000f2c5f00000)]
  0x000001fc2fda2e50 JavaThread "Execution worker Thread 5" [_thread_blocked, id=10548, stack(0x000000f2c5f00000,0x000000f2c6000000)]
  0x000001fc2fd9d330 JavaThread "Execution worker Thread 6" [_thread_blocked, id=37612, stack(0x000000f2c6000000,0x000000f2c6100000)]
  0x000001fc2fda1f20 JavaThread "Execution worker Thread 7" [_thread_blocked, id=16652, stack(0x000000f2c6100000,0x000000f2c6200000)]
  0x000001fc2fda00c0 JavaThread "Execution worker Thread 8" [_thread_blocked, id=2500, stack(0x000000f2c6200000,0x000000f2c6300000)]
  0x000001fc2fda2430 JavaThread "Execution worker Thread 9" [_thread_blocked, id=20792, stack(0x000000f2c6300000,0x000000f2c6400000)]
  0x000001fc2fda0ae0 JavaThread "Execution worker Thread 10" [_thread_blocked, id=29404, stack(0x000000f2c6400000,0x000000f2c6500000)]
  0x000001fc2fda05d0 JavaThread "Execution worker Thread 11" [_thread_blocked, id=9676, stack(0x000000f2c6500000,0x000000f2c6600000)]
  0x000001fc2fda2940 JavaThread "Execution worker Thread 12" [_thread_blocked, id=25920, stack(0x000000f2c6600000,0x000000f2c6700000)]
  0x000001fc2fd9ce20 JavaThread "Execution worker Thread 13" [_thread_blocked, id=28996, stack(0x000000f2c6700000,0x000000f2c6800000)]
  0x000001fc2fd9fbb0 JavaThread "Execution worker Thread 14" [_thread_blocked, id=11536, stack(0x000000f2c6800000,0x000000f2c6900000)]
  0x000001fc2fda0ff0 JavaThread "Execution worker Thread 15" [_thread_blocked, id=16560, stack(0x000000f2c6900000,0x000000f2c6a00000)]
  0x000001fc2fda4290 JavaThread "Cache worker for execution history cache (C:\Flutter Folder\flutter\packages\flutter_tools\gradle\.gradle\7.6.3\executionHistory)" [_thread_blocked, id=29620, stack(0x000000f2c6a00000,0x000000f2c6b00000)]
  0x000001fc2fda1500 JavaThread "Unconstrained build operations" [_thread_blocked, id=5044, stack(0x000000f2c6b00000,0x000000f2c6c00000)]
  0x000001fc2fda3870 JavaThread "Unconstrained build operations Thread 2" [_thread_blocked, id=17656, stack(0x000000f2c6c00000,0x000000f2c6d00000)]
  0x000001fc2fda47a0 JavaThread "Unconstrained build operations Thread 3" [_thread_blocked, id=6200, stack(0x000000f2c6d00000,0x000000f2c6e00000)]
  0x000001fc2fd9f190 JavaThread "Unconstrained build operations Thread 4" [_thread_blocked, id=28376, stack(0x000000f2c6e00000,0x000000f2c6f00000)]
  0x000001fc2fd9d840 JavaThread "Unconstrained build operations Thread 5" [_thread_blocked, id=27420, stack(0x000000f2c6f00000,0x000000f2c7000000)]
  0x000001fc3284cfb0 JavaThread "Unconstrained build operations Thread 6" [_thread_blocked, id=30300, stack(0x000000f2c7000000,0x000000f2c7100000)]
  0x000001fc32849800 JavaThread "Unconstrained build operations Thread 7" [_thread_blocked, id=17700, stack(0x000000f2c7100000,0x000000f2c7200000)]
  0x000001fc3284c590 JavaThread "Unconstrained build operations Thread 8" [_thread_blocked, id=23364, stack(0x000000f2c7200000,0x000000f2c7300000)]
  0x000001fc3284a730 JavaThread "Unconstrained build operations Thread 9" [_thread_blocked, id=30380, stack(0x000000f2c7300000,0x000000f2c7400000)]
  0x000001fc328483c0 JavaThread "Unconstrained build operations Thread 10" [_thread_blocked, id=15612, stack(0x000000f2c7400000,0x000000f2c7500000)]
  0x000001fc32849d10 JavaThread "Unconstrained build operations Thread 11" [_thread_blocked, id=31132, stack(0x000000f2c7500000,0x000000f2c7600000)]
  0x000001fc3284a220 JavaThread "Unconstrained build operations Thread 12" [_thread_blocked, id=12892, stack(0x000000f2c7600000,0x000000f2c7700000)]
  0x000001fc3284dee0 JavaThread "Unconstrained build operations Thread 13" [_thread_blocked, id=22216, stack(0x000000f2c7700000,0x000000f2c7800000)]
  0x000001fc3284c080 JavaThread "Unconstrained build operations Thread 14" [_thread_blocked, id=18512, stack(0x000000f2c7800000,0x000000f2c7900000)]
  0x000001fc32847490 JavaThread "Unconstrained build operations Thread 15" [_thread_blocked, id=32276, stack(0x000000f2c7900000,0x000000f2c7a00000)]
  0x000001fc32846a70 JavaThread "Unconstrained build operations Thread 16" [_thread_blocked, id=37420, stack(0x000000f2c7a00000,0x000000f2c7b00000)]
  0x000001fc3284ac40 JavaThread "Unconstrained build operations Thread 17" [_thread_blocked, id=13040, stack(0x000000f2c7b00000,0x000000f2c7c00000)]
  0x000001fc3284bb70 JavaThread "Unconstrained build operations Thread 18" [_thread_blocked, id=37512, stack(0x000000f2c7c00000,0x000000f2c7d00000)]
  0x000001fc32847eb0 JavaThread "Unconstrained build operations Thread 19" [_thread_blocked, id=36936, stack(0x000000f2c7d00000,0x000000f2c7e00000)]
  0x000001fc3284b150 JavaThread "Unconstrained build operations Thread 20" [_thread_blocked, id=36584, stack(0x000000f2c7e00000,0x000000f2c7f00000)]
  0x000001fc3284b660 JavaThread "Unconstrained build operations Thread 21" [_thread_blocked, id=29952, stack(0x000000f2c7f00000,0x000000f2c8000000)]
  0x000001fc32848de0 JavaThread "Unconstrained build operations Thread 22" [_thread_blocked, id=36452, stack(0x000000f2c8000000,0x000000f2c8100000)]
  0x000001fc3284caa0 JavaThread "Unconstrained build operations Thread 23" [_thread_blocked, id=34516, stack(0x000000f2c8100000,0x000000f2c8200000)]
  0x000001fc3284d4c0 JavaThread "Unconstrained build operations Thread 24" [_thread_blocked, id=35640, stack(0x000000f2c8200000,0x000000f2c8300000)]
  0x000001fc328492f0 JavaThread "Unconstrained build operations Thread 25" [_thread_blocked, id=30356, stack(0x000000f2c8300000,0x000000f2c8400000)]
  0x000001fc32846f80 JavaThread "Unconstrained build operations Thread 26" [_thread_blocked, id=26908, stack(0x000000f2c8400000,0x000000f2c8500000)]
  0x000001fc3284d9d0 JavaThread "Unconstrained build operations Thread 27" [_thread_blocked, id=14180, stack(0x000000f2c8500000,0x000000f2c8600000)]
  0x000001fc3284e3f0 JavaThread "Unconstrained build operations Thread 28" [_thread_blocked, id=13356, stack(0x000000f2c8600000,0x000000f2c8700000)]
  0x000001fc328488d0 JavaThread "Unconstrained build operations Thread 29" [_thread_blocked, id=36472, stack(0x000000f2c8700000,0x000000f2c8800000)]
  0x000001fc3271db70 JavaThread "Unconstrained build operations Thread 30" [_thread_blocked, id=13936, stack(0x000000f2c8800000,0x000000f2c8900000)]
  0x000001fc3271b800 JavaThread "Unconstrained build operations Thread 31" [_thread_blocked, id=32408, stack(0x000000f2c8900000,0x000000f2c8a00000)]
  0x000001fc3271bd10 JavaThread "Unconstrained build operations Thread 32" [_thread_blocked, id=5408, stack(0x000000f2c8a00000,0x000000f2c8b00000)]
  0x000001fc3271a3c0 JavaThread "Unconstrained build operations Thread 33" [_thread_blocked, id=37408, stack(0x000000f2c8b00000,0x000000f2c8c00000)]
  0x000001fc32718a70 JavaThread "Unconstrained build operations Thread 34" [_thread_blocked, id=25892, stack(0x000000f2c8c00000,0x000000f2c8d00000)]
  0x000001fc3271eaa0 JavaThread "Unconstrained build operations Thread 35" [_thread_blocked, id=11624, stack(0x000000f2c8d00000,0x000000f2c8e00000)]
  0x000001fc3271c730 JavaThread "Unconstrained build operations Thread 36" [_thread_blocked, id=37448, stack(0x000000f2c8e00000,0x000000f2c8f00000)]
  0x000001fc3271e590 JavaThread "Unconstrained build operations Thread 37" [_thread_blocked, id=16460, stack(0x000000f2c8f00000,0x000000f2c9000000)]
  0x000001fc3271efb0 JavaThread "Unconstrained build operations Thread 38" [_thread_blocked, id=36396, stack(0x000000f2c9000000,0x000000f2c9100000)]
  0x000001fc32718050 JavaThread "Unconstrained build operations Thread 39" [_thread_blocked, id=25132, stack(0x000000f2c9100000,0x000000f2c9200000)]
  0x000001fc3271a8d0 JavaThread "Unconstrained build operations Thread 40" [_thread_blocked, id=11372, stack(0x000000f2c9200000,0x000000f2c9300000)]
  0x000001fc3271c220 JavaThread "Unconstrained build operations Thread 41" [_thread_blocked, id=16064, stack(0x000000f2c9300000,0x000000f2c9400000)]
  0x000001fc3271e080 JavaThread "Unconstrained build operations Thread 42" [_thread_blocked, id=31932, stack(0x000000f2c9400000,0x000000f2c9500000)]
  0x000001fc3271f4c0 JavaThread "Unconstrained build operations Thread 43" [_thread_blocked, id=34656, stack(0x000000f2c9500000,0x000000f2c9600000)]
  0x000001fc3271f9d0 JavaThread "Unconstrained build operations Thread 44" [_thread_blocked, id=17952, stack(0x000000f2c9600000,0x000000f2c9700000)]
  0x000001fc32718f80 JavaThread "Unconstrained build operations Thread 45" [_thread_blocked, id=33160, stack(0x000000f2c9700000,0x000000f2c9800000)]
  0x000001fc32719eb0 JavaThread "Unconstrained build operations Thread 46" [_thread_blocked, id=9056, stack(0x000000f2c9800000,0x000000f2c9900000)]
  0x000001fc3271ade0 JavaThread "Unconstrained build operations Thread 47" [_thread_blocked, id=23744, stack(0x000000f2c9900000,0x000000f2c9a00000)]
  0x000001fc32718560 JavaThread "Unconstrained build operations Thread 48" [_thread_blocked, id=36672, stack(0x000000f2c9a00000,0x000000f2c9b00000)]
  0x000001fc32719490 JavaThread "Unconstrained build operations Thread 49" [_thread_blocked, id=19916, stack(0x000000f2c9b00000,0x000000f2c9c00000)]
  0x000001fc3271cc40 JavaThread "Unconstrained build operations Thread 50" [_thread_blocked, id=34956, stack(0x000000f2c9c00000,0x000000f2c9d00000)]
  0x000001fc3271b2f0 JavaThread "Unconstrained build operations Thread 51" [_thread_blocked, id=34124, stack(0x000000f2c9d00000,0x000000f2c9e00000)]
  0x000001fc3271d150 JavaThread "Unconstrained build operations Thread 52" [_thread_blocked, id=34320, stack(0x000000f2c9e00000,0x000000f2c9f00000)]
  0x000001fc3271d660 JavaThread "Unconstrained build operations Thread 53" [_thread_blocked, id=17248, stack(0x000000f2c9f00000,0x000000f2ca000000)]
  0x000001fc327199a0 JavaThread "Unconstrained build operations Thread 54" [_thread_blocked, id=36816, stack(0x000000f2ca000000,0x000000f2ca100000)]
  0x000001fc32a79ea0 JavaThread "Unconstrained build operations Thread 55" [_thread_blocked, id=33096, stack(0x000000f2ca100000,0x000000f2ca200000)]
  0x000001fc32a752b0 JavaThread "Unconstrained build operations Thread 56" [_thread_blocked, id=36688, stack(0x000000f2ca200000,0x000000f2ca300000)]
  0x000001fc32a757c0 JavaThread "Unconstrained build operations Thread 57" [_thread_blocked, id=35896, stack(0x000000f2ca300000,0x000000f2ca400000)]
  0x000001fc32a7a3b0 JavaThread "Unconstrained build operations Thread 58" [_thread_blocked, id=1096, stack(0x000000f2ca400000,0x000000f2ca500000)]
  0x000001fc32a7a8c0 JavaThread "Unconstrained build operations Thread 59" [_thread_blocked, id=28760, stack(0x000000f2ca500000,0x000000f2ca600000)]
  0x000001fc32a75cd0 JavaThread "Unconstrained build operations Thread 60" [_thread_blocked, id=4764, stack(0x000000f2ca600000,0x000000f2ca700000)]
  0x000001fc32a78a60 JavaThread "Unconstrained build operations Thread 61" [_thread_blocked, id=30760, stack(0x000000f2ca700000,0x000000f2ca800000)]
  0x000001fc32a76c00 JavaThread "Unconstrained build operations Thread 62" [_thread_blocked, id=13184, stack(0x000000f2ca800000,0x000000f2ca900000)]
  0x000001fc32a7add0 JavaThread "Unconstrained build operations Thread 63" [_thread_blocked, id=13328, stack(0x000000f2ca900000,0x000000f2caa00000)]
  0x000001fc32a761e0 JavaThread "Unconstrained build operations Thread 64" [_thread_blocked, id=11652, stack(0x000000f2caa00000,0x000000f2cab00000)]
  0x000001fc32a766f0 JavaThread "Unconstrained build operations Thread 65" [_thread_blocked, id=20556, stack(0x000000f2cab00000,0x000000f2cac00000)]
  0x000001fc32a7bd00 JavaThread "Unconstrained build operations Thread 66" [_thread_blocked, id=34888, stack(0x000000f2cac00000,0x000000f2cad00000)]
  0x000001fc32a74da0 JavaThread "Unconstrained build operations Thread 67" [_thread_blocked, id=14036, stack(0x000000f2cad00000,0x000000f2cae00000)]
  0x000001fc32a78040 JavaThread "Unconstrained build operations Thread 68" [_thread_blocked, id=29092, stack(0x000000f2cae00000,0x000000f2caf00000)]
  0x000001fc32a77b30 JavaThread "Unconstrained build operations Thread 69" [_thread_blocked, id=23204, stack(0x000000f2caf00000,0x000000f2cb000000)]
  0x000001fc32a77110 JavaThread "Unconstrained build operations Thread 70" [_thread_blocked, id=35752, stack(0x000000f2cb000000,0x000000f2cb100000)]
  0x000001fc32a74890 JavaThread "Unconstrained build operations Thread 71" [_thread_blocked, id=31160, stack(0x000000f2cb100000,0x000000f2cb200000)]
  0x000001fc32a7b2e0 JavaThread "Unconstrained build operations Thread 72" [_thread_blocked, id=37548, stack(0x000000f2cb200000,0x000000f2cb300000)]
  0x000001fc32a79480 JavaThread "Unconstrained build operations Thread 73" [_thread_blocked, id=14040, stack(0x000000f2cb300000,0x000000f2cb400000)]
  0x000001fc32a77620 JavaThread "Unconstrained build operations Thread 74" [_thread_blocked, id=35060, stack(0x000000f2cb400000,0x000000f2cb500000)]
  0x000001fc32a78550 JavaThread "Unconstrained build operations Thread 75" [_thread_blocked, id=29804, stack(0x000000f2cb500000,0x000000f2cb600000)]
  0x000001fc32a78f70 JavaThread "Unconstrained build operations Thread 76" [_thread_blocked, id=25724, stack(0x000000f2cb600000,0x000000f2cb700000)]
  0x000001fc32a79990 JavaThread "Unconstrained build operations Thread 77" [_thread_blocked, id=34660, stack(0x000000f2cb700000,0x000000f2cb800000)]
  0x000001fc32a7b7f0 JavaThread "Unconstrained build operations Thread 78" [_thread_blocked, id=35700, stack(0x000000f2cb800000,0x000000f2cb900000)]
  0x000001fc32a7c210 JavaThread "Unconstrained build operations Thread 79" [_thread_blocked, id=27164, stack(0x000000f2cb900000,0x000000f2cba00000)]
  0x000001fc33655c80 JavaThread "Unconstrained build operations Thread 80" [_thread_blocked, id=32228, stack(0x000000f2cba00000,0x000000f2cbb00000)]
  0x000001fc33654330 JavaThread "Unconstrained build operations Thread 81" [_thread_blocked, id=22712, stack(0x000000f2cbb00000,0x000000f2cbc00000)]
  0x000001fc3365a360 JavaThread "Unconstrained build operations Thread 82" [_thread_blocked, id=32120, stack(0x000000f2cbc00000,0x000000f2cbd00000)]
  0x000001fc33656bb0 JavaThread "Unconstrained build operations Thread 83" [_thread_blocked, id=33932, stack(0x000000f2cbd00000,0x000000f2cbe00000)]
  0x000001fc33656190 JavaThread "Unconstrained build operations Thread 84" [_thread_blocked, id=32132, stack(0x000000f2cbe00000,0x000000f2cbf00000)]
  0x000001fc33657ae0 JavaThread "Unconstrained build operations Thread 85" [_thread_blocked, id=5912, stack(0x000000f2cbf00000,0x000000f2cc000000)]
  0x000001fc33654d50 JavaThread "Unconstrained build operations Thread 86" [_thread_blocked, id=35276, stack(0x000000f2cc000000,0x000000f2cc100000)]
  0x000001fc33659940 JavaThread "Unconstrained build operations Thread 87" [_thread_blocked, id=16692, stack(0x000000f2cc100000,0x000000f2cc200000)]
  0x000001fc33657ff0 JavaThread "Unconstrained build operations Thread 88" [_thread_blocked, id=35416, stack(0x000000f2cc200000,0x000000f2cc300000)]
  0x000001fc33654840 JavaThread "Unconstrained build operations Thread 89" [_thread_blocked, id=1724, stack(0x000000f2cc300000,0x000000f2cc400000)]
  0x000001fc33655260 JavaThread "Unconstrained build operations Thread 90" [_thread_blocked, id=17392, stack(0x000000f2cc400000,0x000000f2cc500000)]
  0x000001fc33655770 JavaThread "Unconstrained build operations Thread 91" [_thread_blocked, id=25332, stack(0x000000f2cc500000,0x000000f2cc600000)]
  0x000001fc33659e50 JavaThread "Unconstrained build operations Thread 92" [_thread_blocked, id=35464, stack(0x000000f2cc600000,0x000000f2cc700000)]
  0x000001fc336566a0 JavaThread "Unconstrained build operations Thread 93" [_thread_blocked, id=35520, stack(0x000000f2cc700000,0x000000f2cc800000)]
  0x000001fc336570c0 JavaThread "Unconstrained build operations Thread 94" [_thread_blocked, id=3876, stack(0x000000f2cc800000,0x000000f2cc900000)]
  0x000001fc3365a870 JavaThread "Unconstrained build operations Thread 95" [_thread_blocked, id=29944, stack(0x000000f2cc900000,0x000000f2cca00000)]
  0x000001fc336575d0 JavaThread "Unconstrained build operations Thread 96" [_thread_blocked, id=28704, stack(0x000000f2cca00000,0x000000f2ccb00000)]
  0x000001fc3365ad80 JavaThread "Unconstrained build operations Thread 97" [_thread_blocked, id=32588, stack(0x000000f2ccb00000,0x000000f2ccc00000)]
  0x000001fc33658500 JavaThread "Unconstrained build operations Thread 98" [_thread_blocked, id=36236, stack(0x000000f2ccc00000,0x000000f2ccd00000)]
  0x000001fc33658a10 JavaThread "Unconstrained build operations Thread 99" [_thread_blocked, id=13320, stack(0x000000f2ccd00000,0x000000f2cce00000)]
  0x000001fc33658f20 JavaThread "Unconstrained build operations Thread 100" [_thread_blocked, id=11496, stack(0x000000f2cce00000,0x000000f2ccf00000)]
  0x000001fc33659430 JavaThread "Unconstrained build operations Thread 101" [_thread_blocked, id=25984, stack(0x000000f2ccf00000,0x000000f2cd000000)]
  0x000001fc3365b290 JavaThread "Unconstrained build operations Thread 102" [_thread_blocked, id=35124, stack(0x000000f2cd000000,0x000000f2cd100000)]
  0x000001fc33653e20 JavaThread "Unconstrained build operations Thread 103" [_thread_blocked, id=32460, stack(0x000000f2cd100000,0x000000f2cd200000)]
  0x000001fc3365b7a0 JavaThread "Unconstrained build operations Thread 104" [_thread_blocked, id=31364, stack(0x000000f2cd200000,0x000000f2cd300000)]
  0x000001fc320e7bf0 JavaThread "Unconstrained build operations Thread 105" [_thread_blocked, id=11096, stack(0x000000f2cd300000,0x000000f2cd400000)]
  0x000001fc320e3510 JavaThread "Unconstrained build operations Thread 106" [_thread_blocked, id=24376, stack(0x000000f2cd400000,0x000000f2cd500000)]
  0x000001fc320e9540 JavaThread "Unconstrained build operations Thread 107" [_thread_blocked, id=31556, stack(0x000000f2cd500000,0x000000f2cd600000)]
  0x000001fc320e9a50 JavaThread "Unconstrained build operations Thread 108" [_thread_blocked, id=14232, stack(0x000000f2cd600000,0x000000f2cd700000)]
  0x000001fc320e4440 JavaThread "Unconstrained build operations Thread 109" [_thread_blocked, id=31112, stack(0x000000f2cd700000,0x000000f2cd800000)]
  0x000001fc320e25e0 JavaThread "Unconstrained build operations Thread 110" [_thread_blocked, id=18876, stack(0x000000f2cd800000,0x000000f2cd900000)]
  0x000001fc320e8610 JavaThread "Unconstrained build operations Thread 111" [_thread_blocked, id=34020, stack(0x000000f2cd900000,0x000000f2cda00000)]
  0x000001fc320e71d0 JavaThread "Unconstrained build operations Thread 112" [_thread_blocked, id=37136, stack(0x000000f2cda00000,0x000000f2cdb00000)]
  0x000001fc320e8b20 JavaThread "Unconstrained build operations Thread 113" [_thread_blocked, id=37832, stack(0x000000f2cdb00000,0x000000f2cdc00000)]
  0x000001fc320e5d90 JavaThread "Unconstrained build operations Thread 114" [_thread_blocked, id=35556, stack(0x000000f2cdc00000,0x000000f2cdd00000)]
  0x000001fc320e76e0 JavaThread "Unconstrained build operations Thread 115" [_thread_blocked, id=14548, stack(0x000000f2cdd00000,0x000000f2cde00000)]
  0x000001fc320e5370 JavaThread "Unconstrained build operations Thread 116" [_thread_blocked, id=26808, stack(0x000000f2cde00000,0x000000f2cdf00000)]
  0x000001fc320e3f30 JavaThread "Unconstrained build operations Thread 117" [_thread_blocked, id=35300, stack(0x000000f2cdf00000,0x000000f2ce000000)]
  0x000001fc320e3a20 JavaThread "Unconstrained build operations Thread 118" [_thread_blocked, id=22416, stack(0x000000f2ce000000,0x000000f2ce100000)]
  0x000001fc320e4950 JavaThread "Unconstrained build operations Thread 119" [_thread_blocked, id=27712, stack(0x000000f2ce100000,0x000000f2ce200000)]
  0x000001fc320e8100 JavaThread "Unconstrained build operations Thread 120" [_thread_blocked, id=25616, stack(0x000000f2ce200000,0x000000f2ce300000)]
  0x000001fc320e4e60 JavaThread "Unconstrained build operations Thread 121" [_thread_blocked, id=12492, stack(0x000000f2ce300000,0x000000f2ce400000)]
  0x000001fc320e9030 JavaThread "Unconstrained build operations Thread 122" [_thread_blocked, id=29052, stack(0x000000f2ce400000,0x000000f2ce500000)]
  0x000001fc320e9f60 JavaThread "Unconstrained build operations Thread 123" [_thread_blocked, id=36044, stack(0x000000f2ce500000,0x000000f2ce600000)]
  0x000001fc320e2af0 JavaThread "Unconstrained build operations Thread 124" [_thread_blocked, id=23068, stack(0x000000f2ce600000,0x000000f2ce700000)]
  0x000001fc320e3000 JavaThread "Unconstrained build operations Thread 125" [_thread_blocked, id=13864, stack(0x000000f2ce700000,0x000000f2ce800000)]
  0x000001fc320e5880 JavaThread "Unconstrained build operations Thread 126" [_thread_blocked, id=32064, stack(0x000000f2ce800000,0x000000f2ce900000)]
  0x000001fc320e62a0 JavaThread "Unconstrained build operations Thread 127" [_thread_blocked, id=29152, stack(0x000000f2ce900000,0x000000f2cea00000)]
  0x000001fc320e67b0 JavaThread "Unconstrained build operations Thread 128" [_thread_blocked, id=29528, stack(0x000000f2cea00000,0x000000f2ceb00000)]
  0x000001fc320e6cc0 JavaThread "Unconstrained build operations Thread 129" [_thread_blocked, id=34692, stack(0x000000f2ceb00000,0x000000f2cec00000)]
  0x000001fc320a8620 JavaThread "Unconstrained build operations Thread 130" [_thread_blocked, id=36260, stack(0x000000f2cec00000,0x000000f2ced00000)]
  0x000001fc320a5890 JavaThread "Unconstrained build operations Thread 131" [_thread_blocked, id=34848, stack(0x000000f2ced00000,0x000000f2cee00000)]
  0x000001fc320a76f0 JavaThread "Unconstrained build operations Thread 132" [_thread_blocked, id=24512, stack(0x000000f2cee00000,0x000000f2cef00000)]
  0x000001fc320a8b30 JavaThread "Unconstrained build operations Thread 133" [_thread_blocked, id=36268, stack(0x000000f2cef00000,0x000000f2cf000000)]
  0x000001fc320a5380 JavaThread "Unconstrained build operations Thread 134" [_thread_blocked, id=28288, stack(0x000000f2cf000000,0x000000f2cf100000)]
  0x000001fc320a9040 JavaThread "Unconstrained build operations Thread 135" [_thread_blocked, id=30768, stack(0x000000f2cf100000,0x000000f2cf200000)]
  0x000001fc320a9550 JavaThread "Unconstrained build operations Thread 136" [_thread_blocked, id=26472, stack(0x000000f2cf200000,0x000000f2cf300000)]
  0x000001fc320a4960 JavaThread "Unconstrained build operations Thread 137" [_thread_blocked, id=11488, stack(0x000000f2cf300000,0x000000f2cf400000)]
  0x000001fc320a9a60 JavaThread "Unconstrained build operations Thread 138" [_thread_blocked, id=34084, stack(0x000000f2cf400000,0x000000f2cf500000)]
  0x000001fc320a8110 JavaThread "Unconstrained build operations Thread 139" [_thread_blocked, id=5716, stack(0x000000f2cf500000,0x000000f2cf600000)]
  0x000001fc320a67c0 JavaThread "Unconstrained build operations Thread 140" [_thread_blocked, id=23352, stack(0x000000f2cf600000,0x000000f2cf700000)]
  0x000001fc320a9f70 JavaThread "Unconstrained build operations Thread 141" [_thread_blocked, id=37128, stack(0x000000f2cf700000,0x000000f2cf800000)]
  0x000001fc320a3010 JavaThread "Unconstrained build operations Thread 142" [_thread_blocked, id=33816, stack(0x000000f2cf800000,0x000000f2cf900000)]
  0x000001fc320a3a30 JavaThread "Unconstrained build operations Thread 143" [_thread_blocked, id=37884, stack(0x000000f2cf900000,0x000000f2cfa00000)]
  0x000001fc320a3520 JavaThread "Unconstrained build operations Thread 144" [_thread_blocked, id=31164, stack(0x000000f2cfa00000,0x000000f2cfb00000)]
  0x000001fc320aa480 JavaThread "Unconstrained build operations Thread 145" [_thread_blocked, id=30980, stack(0x000000f2cfb00000,0x000000f2cfc00000)]
  0x000001fc320aa990 JavaThread "Unconstrained build operations Thread 146" [_thread_blocked, id=32328, stack(0x000000f2cfc00000,0x000000f2cfd00000)]
  0x000001fc320a7c00 JavaThread "Unconstrained build operations Thread 147" [_thread_blocked, id=29036, stack(0x000000f2cfd00000,0x000000f2cfe00000)]
  0x000001fc320a6cd0 JavaThread "Unconstrained build operations Thread 148" [_thread_blocked, id=36528, stack(0x000000f2cfe00000,0x000000f2cff00000)]
  0x000001fc320a3f40 JavaThread "Unconstrained build operations Thread 149" [_thread_blocked, id=32820, stack(0x000000f2cff00000,0x000000f2d0000000)]
  0x000001fc320a71e0 JavaThread "Unconstrained build operations Thread 150" [_thread_blocked, id=14128, stack(0x000000f2d0000000,0x000000f2d0100000)]
  0x000001fc320a4450 JavaThread "Unconstrained build operations Thread 151" [_thread_blocked, id=28816, stack(0x000000f2d0100000,0x000000f2d0200000)]
  0x000001fc320a5da0 JavaThread "Unconstrained build operations Thread 152" [_thread_blocked, id=37780, stack(0x000000f2d0200000,0x000000f2d0300000)]
  0x000001fc320a4e70 JavaThread "Unconstrained build operations Thread 153" [_thread_blocked, id=37384, stack(0x000000f2d0300000,0x000000f2d0400000)]
  0x000001fc320a62b0 JavaThread "Unconstrained build operations Thread 154" [_thread_blocked, id=37688, stack(0x000000f2d0400000,0x000000f2d0500000)]
  0x000001fc32ee0610 JavaThread "Unconstrained build operations Thread 155" [_thread_blocked, id=8400, stack(0x000000f2d0500000,0x000000f2d0600000)]
  0x000001fc32ee1a50 JavaThread "Unconstrained build operations Thread 156" [_thread_blocked, id=36732, stack(0x000000f2d0600000,0x000000f2d0700000)]
  0x000001fc32ee33a0 JavaThread "Unconstrained build operations Thread 157" [_thread_blocked, id=13008, stack(0x000000f2d0700000,0x000000f2d0800000)]
  0x000001fc32ee0100 JavaThread "Unconstrained build operations Thread 158" [_thread_blocked, id=13872, stack(0x000000f2d0800000,0x000000f2d0900000)]
  0x000001fc32ee38b0 JavaThread "Unconstrained build operations Thread 159" [_thread_blocked, id=34924, stack(0x000000f2d0900000,0x000000f2d0a00000)]
  0x000001fc32ee0b20 JavaThread "jar transforms Thread 7" [_thread_blocked, id=34396, stack(0x000000f2d0a00000,0x000000f2d0b00000)]
  0x000001fc32ee3dc0 JavaThread "jar transforms Thread 8" [_thread_blocked, id=14044, stack(0x000000f2d0b00000,0x000000f2d0c00000)]
  0x000001fc32edf6e0 JavaThread "jar transforms Thread 9" [_thread_blocked, id=33188, stack(0x000000f2d0c00000,0x000000f2d0d00000)]
  0x000001fc32ede2a0 JavaThread "jar transforms Thread 10" [_thread_blocked, id=27388, stack(0x000000f2d0d00000,0x000000f2d0e00000)]
  0x000001fc32ee42d0 JavaThread "jar transforms Thread 11" [_thread_blocked, id=32836, stack(0x000000f2d0e00000,0x000000f2d0f00000)]
  0x000001fc32ee1f60 JavaThread "jar transforms Thread 12" [_thread_blocked, id=34896, stack(0x000000f2d0f00000,0x000000f2d1000000)]
  0x000001fc32ee1030 JavaThread "jar transforms Thread 13" [_thread_blocked, id=9552, stack(0x000000f2d1200000,0x000000f2d1300000)]
  0x000001fc32ee1540 JavaThread "jar transforms Thread 14" [_thread_blocked, id=33356, stack(0x000000f2d1300000,0x000000f2d1400000)]
  0x000001fc32edfbf0 JavaThread "jar transforms Thread 15" [_thread_blocked, id=34220, stack(0x000000f2d1400000,0x000000f2d1500000)]
  0x000001fc32ee2470 JavaThread "jar transforms Thread 16" [_thread_blocked, id=22616, stack(0x000000f2d1500000,0x000000f2d1600000)]
  0x000001fc32ee2980 JavaThread "Cache worker for Build Output Cleanup Cache (C:\VirtualSole_App\virtualsoleV3\android\.gradle\buildOutputCleanup)" [_thread_blocked, id=35500, stack(0x000000f2d1600000,0x000000f2d1700000)]

Other Threads:
  0x000001fc280ce010 VMThread "VM Thread" [stack: 0x000000f2c1a00000,0x000000f2c1b00000] [id=29724]
  0x000001fc2825fdc0 WatcherThread [stack: 0x000000f2c2800000,0x000000f2c2900000] [id=35328]
  0x000001fbc319c950 GCTaskThread "GC Thread#0" [stack: 0x000000f2c1500000,0x000000f2c1600000] [id=32584]
  0x000001fc2d0d95f0 GCTaskThread "GC Thread#1" [stack: 0x000000f2c2c00000,0x000000f2c2d00000] [id=26300]
  0x000001fc28b27850 GCTaskThread "GC Thread#2" [stack: 0x000000f2c2d00000,0x000000f2c2e00000] [id=33268]
  0x000001fc28b28120 GCTaskThread "GC Thread#3" [stack: 0x000000f2c2e00000,0x000000f2c2f00000] [id=37648]
  0x000001fc28b283e0 GCTaskThread "GC Thread#4" [stack: 0x000000f2c2f00000,0x000000f2c3000000] [id=37568]
  0x000001fc2d3dd8a0 GCTaskThread "GC Thread#5" [stack: 0x000000f2c3000000,0x000000f2c3100000] [id=36160]
  0x000001fc2d3ddf30 GCTaskThread "GC Thread#6" [stack: 0x000000f2c3100000,0x000000f2c3200000] [id=25420]
  0x000001fc2d1660f0 GCTaskThread "GC Thread#7" [stack: 0x000000f2c3200000,0x000000f2c3300000] [id=37852]
  0x000001fc2d166b50 GCTaskThread "GC Thread#8" [stack: 0x000000f2c3300000,0x000000f2c3400000] [id=24464]
  0x000001fc2d167210 GCTaskThread "GC Thread#9" [stack: 0x000000f2c3400000,0x000000f2c3500000] [id=21276]
  0x000001fc2d4341f0 GCTaskThread "GC Thread#10" [stack: 0x000000f2c3500000,0x000000f2c3600000] [id=37060]
  0x000001fc2d434c50 GCTaskThread "GC Thread#11" [stack: 0x000000f2c3600000,0x000000f2c3700000] [id=10568]
  0x000001fc2d2bc570 GCTaskThread "GC Thread#12" [stack: 0x000000f2c4a00000,0x000000f2c4b00000] [id=26216]
  0x000001fbc31ae7c0 ConcurrentGCThread "G1 Main Marker" [stack: 0x000000f2c1600000,0x000000f2c1700000] [id=36808]
  0x000001fbc31af890 ConcurrentGCThread "G1 Conc#0" [stack: 0x000000f2c1700000,0x000000f2c1800000] [id=30528]
  0x000001fc2d2bc830 ConcurrentGCThread "G1 Conc#1" [stack: 0x000000f2c4b00000,0x000000f2c4c00000] [id=12048]
  0x000001fc2d2bdb70 ConcurrentGCThread "G1 Conc#2" [stack: 0x000000f2c4c00000,0x000000f2c4d00000] [id=22972]
  0x000001fbe6ce12e0 ConcurrentGCThread "G1 Refine#0" [stack: 0x000000f2c1800000,0x000000f2c1900000] [id=28132]
  0x000001fbe6ce1b20 ConcurrentGCThread "G1 Service" [stack: 0x000000f2c1900000,0x000000f2c1a00000] [id=16804]

Threads with active compile tasks:
C2 CompilerThread0     6160 9701   !   4       jdk.internal.loader.URLClassPath$JarLoader::getResource (354 bytes)
C2 CompilerThread1     6161 9621 %     4       groovy.lang.MetaClassImpl::inheritInterfaceNewMetaMethods @ 100 (195 bytes)
C2 CompilerThread2     6161 9603   !   4       com.sun.beans.TypeResolver::resolve (261 bytes)
C2 CompilerThread3     6161 9602       4       java.beans.Introspector::addMethod (196 bytes)

VM state: not at safepoint (normal execution)

VM Mutex/Monitor currently owned by a thread: None

Heap address: 0x0000000700000000, size: 4096 MB, Compressed Oops mode: Zero based, Oop shift amount: 3

CDS archive(s) mapped at: [0x000001fbe7000000-0x000001fbe7ba0000-0x000001fbe7ba0000), size 12189696, SharedBaseAddress: 0x000001fbe7000000, ArchiveRelocationMode: 1.
Compressed class space mapped at: 0x000001fbe8000000-0x000001fc28000000, reserved size: 1073741824
Narrow klass base: 0x000001fbe7000000, Narrow klass shift: 0, Narrow klass range: 0x100000000

GC Precious Log:
 CPUs: 16 total, 16 available
 Memory: 32669M
 Large Page Support: Disabled
 NUMA Support: Disabled
 Compressed Oops: Enabled (Zero based)
 Heap Region Size: 2M
 Heap Min Capacity: 8M
 Heap Initial Capacity: 512M
 Heap Max Capacity: 4G
 Pre-touch: Disabled
 Parallel Workers: 13
 Concurrent Workers: 3
 Concurrent Refinement Workers: 13
 Periodic GC: Disabled

Heap:
 garbage-first heap   total 141312K, used 100651K [0x0000000700000000, 0x0000000800000000)
  region size 2048K, 15 young (30720K), 2 survivors (4096K)
 Metaspace       used 70090K, committed 70720K, reserved 1114112K
  class space    used 9631K, committed 9920K, reserved 1048576K

Heap Regions: E=young(eden), S=young(survivor), O=old, HS=humongous(starts), HC=humongous(continues), CS=collection set, F=free, OA=open archive, CA=closed archive, TAMS=top-at-mark-start (previous, next)
|   0|0x0000000700000000, 0x0000000700200000, 0x0000000700200000|100%|HS|  |TAMS 0x0000000700200000, 0x0000000700000000| Complete 
|   1|0x0000000700200000, 0x0000000700400000, 0x0000000700400000|100%|HC|  |TAMS 0x0000000700400000, 0x0000000700200000| Complete 
|   2|0x0000000700400000, 0x0000000700600000, 0x0000000700600000|100%| O|  |TAMS 0x0000000700600000, 0x0000000700400000| Untracked 
|   3|0x0000000700600000, 0x0000000700800000, 0x0000000700800000|100%| O|  |TAMS 0x0000000700800000, 0x0000000700600000| Untracked 
|   4|0x0000000700800000, 0x0000000700a00000, 0x0000000700a00000|100%| O|  |TAMS 0x0000000700a00000, 0x0000000700800000| Untracked 
|   5|0x0000000700a00000, 0x0000000700a71200, 0x0000000700c00000| 22%| O|  |TAMS 0x0000000700a71200, 0x0000000700a00000| Untracked 
|   6|0x0000000700c00000, 0x0000000700e00000, 0x0000000700e00000|100%| O|  |TAMS 0x0000000700e00000, 0x0000000700c00000| Untracked 
|   7|0x0000000700e00000, 0x0000000701000000, 0x0000000701000000|100%| O|  |TAMS 0x0000000701000000, 0x0000000700e00000| Untracked 
|   8|0x0000000701000000, 0x0000000701200000, 0x0000000701200000|100%| O|  |TAMS 0x0000000701200000, 0x0000000701000000| Untracked 
|   9|0x0000000701200000, 0x0000000701400000, 0x0000000701400000|100%| O|  |TAMS 0x0000000701400000, 0x0000000701200000| Untracked 
|  10|0x0000000701400000, 0x0000000701600000, 0x0000000701600000|100%| O|  |TAMS 0x0000000701600000, 0x0000000701400000| Untracked 
|  11|0x0000000701600000, 0x0000000701800000, 0x0000000701800000|100%| O|  |TAMS 0x0000000701800000, 0x0000000701600000| Untracked 
|  12|0x0000000701800000, 0x0000000701a00000, 0x0000000701a00000|100%| O|  |TAMS 0x0000000701a00000, 0x0000000701800000| Untracked 
|  13|0x0000000701a00000, 0x0000000701c00000, 0x0000000701c00000|100%| O|  |TAMS 0x0000000701c00000, 0x0000000701a00000| Untracked 
|  14|0x0000000701c00000, 0x0000000701e00000, 0x0000000701e00000|100%| O|  |TAMS 0x0000000701e00000, 0x0000000701c00000| Untracked 
|  15|0x0000000701e00000, 0x0000000702000000, 0x0000000702000000|100%| O|  |TAMS 0x0000000702000000, 0x0000000701e00000| Untracked 
|  16|0x0000000702000000, 0x0000000702200000, 0x0000000702200000|100%| O|  |TAMS 0x0000000702200000, 0x0000000702000000| Untracked 
|  17|0x0000000702200000, 0x0000000702400000, 0x0000000702400000|100%| O|  |TAMS 0x0000000702400000, 0x0000000702200000| Untracked 
|  18|0x0000000702400000, 0x0000000702600000, 0x0000000702600000|100%| O|  |TAMS 0x0000000702600000, 0x0000000702400000| Untracked 
|  19|0x0000000702600000, 0x0000000702800000, 0x0000000702800000|100%| O|  |TAMS 0x0000000702800000, 0x0000000702600000| Untracked 
|  20|0x0000000702800000, 0x0000000702a00000, 0x0000000702a00000|100%| O|  |TAMS 0x0000000702a00000, 0x0000000702800000| Untracked 
|  21|0x0000000702a00000, 0x0000000702c00000, 0x0000000702c00000|100%| O|  |TAMS 0x0000000702c00000, 0x0000000702a00000| Untracked 
|  22|0x0000000702c00000, 0x0000000702e00000, 0x0000000702e00000|100%| O|  |TAMS 0x0000000702e00000, 0x0000000702c00000| Untracked 
|  23|0x0000000702e00000, 0x0000000703000000, 0x0000000703000000|100%| O|  |TAMS 0x0000000703000000, 0x0000000702e00000| Untracked 
|  24|0x0000000703000000, 0x0000000703200000, 0x0000000703200000|100%|HS|  |TAMS 0x0000000703200000, 0x0000000703000000| Complete 
|  25|0x0000000703200000, 0x0000000703400000, 0x0000000703400000|100%|HC|  |TAMS 0x0000000703400000, 0x0000000703200000| Complete 
|  26|0x0000000703400000, 0x0000000703600000, 0x0000000703600000|100%| O|  |TAMS 0x0000000703600000, 0x0000000703400000| Untracked 
|  27|0x0000000703600000, 0x0000000703800000, 0x0000000703800000|100%| O|  |TAMS 0x0000000703800000, 0x0000000703600000| Untracked 
|  28|0x0000000703800000, 0x0000000703a00000, 0x0000000703a00000|100%|HS|  |TAMS 0x0000000703a00000, 0x0000000703800000| Complete 
|  29|0x0000000703a00000, 0x0000000703c00000, 0x0000000703c00000|100%| O|  |TAMS 0x0000000703c00000, 0x0000000703a00000| Untracked 
|  30|0x0000000703c00000, 0x0000000703e00000, 0x0000000703e00000|100%| O|  |TAMS 0x0000000703e00000, 0x0000000703c00000| Untracked 
|  31|0x0000000703e00000, 0x0000000704000000, 0x0000000704000000|100%| O|  |TAMS 0x0000000704000000, 0x0000000703e00000| Complete 
|  32|0x0000000704000000, 0x0000000704200000, 0x0000000704200000|100%| O|  |TAMS 0x0000000704200000, 0x0000000704000000| Untracked 
|  33|0x0000000704200000, 0x0000000704400000, 0x0000000704400000|100%| O|  |TAMS 0x0000000704400000, 0x0000000704200000| Untracked 
|  34|0x0000000704400000, 0x0000000704600000, 0x0000000704600000|100%| O|  |TAMS 0x00000007044b0c00, 0x0000000704400000| Untracked 
|  35|0x0000000704600000, 0x0000000704800000, 0x0000000704800000|100%| O|  |TAMS 0x0000000704600000, 0x0000000704600000| Untracked 
|  36|0x0000000704800000, 0x00000007049baa00, 0x0000000704a00000| 86%| O|  |TAMS 0x0000000704800000, 0x0000000704800000| Untracked 
|  37|0x0000000704a00000, 0x0000000704a00000, 0x0000000704c00000|  0%| F|  |TAMS 0x0000000704a00000, 0x0000000704a00000| Untracked 
|  38|0x0000000704c00000, 0x0000000704c00000, 0x0000000704e00000|  0%| F|  |TAMS 0x0000000704c00000, 0x0000000704c00000| Untracked 
|  39|0x0000000704e00000, 0x0000000704e00000, 0x0000000705000000|  0%| F|  |TAMS 0x0000000704e00000, 0x0000000704e00000| Untracked 
|  40|0x0000000705000000, 0x0000000705000000, 0x0000000705200000|  0%| F|  |TAMS 0x0000000705000000, 0x0000000705000000| Untracked 
|  41|0x0000000705200000, 0x0000000705200000, 0x0000000705400000|  0%| F|  |TAMS 0x0000000705200000, 0x0000000705200000| Untracked 
|  42|0x0000000705400000, 0x0000000705400000, 0x0000000705600000|  0%| F|  |TAMS 0x0000000705400000, 0x0000000705400000| Untracked 
|  43|0x0000000705600000, 0x0000000705600000, 0x0000000705800000|  0%| F|  |TAMS 0x0000000705600000, 0x0000000705600000| Untracked 
|  44|0x0000000705800000, 0x0000000705800000, 0x0000000705a00000|  0%| F|  |TAMS 0x0000000705800000, 0x0000000705800000| Untracked 
|  45|0x0000000705a00000, 0x0000000705a00000, 0x0000000705c00000|  0%| F|  |TAMS 0x0000000705a00000, 0x0000000705a00000| Untracked 
|  46|0x0000000705c00000, 0x0000000705c00000, 0x0000000705e00000|  0%| F|  |TAMS 0x0000000705c00000, 0x0000000705c00000| Untracked 
|  47|0x0000000705e00000, 0x0000000705e00000, 0x0000000706000000|  0%| F|  |TAMS 0x0000000705e00000, 0x0000000705e00000| Untracked 
|  48|0x0000000706000000, 0x0000000706000000, 0x0000000706200000|  0%| F|  |TAMS 0x0000000706000000, 0x0000000706000000| Untracked 
|  49|0x0000000706200000, 0x0000000706200000, 0x0000000706400000|  0%| F|  |TAMS 0x0000000706200000, 0x0000000706200000| Untracked 
|  50|0x0000000706400000, 0x0000000706400000, 0x0000000706600000|  0%| F|  |TAMS 0x0000000706400000, 0x0000000706400000| Untracked 
|  51|0x0000000706600000, 0x0000000706600000, 0x0000000706800000|  0%| F|  |TAMS 0x0000000706600000, 0x0000000706600000| Untracked 
|  52|0x0000000706800000, 0x0000000706800000, 0x0000000706a00000|  0%| F|  |TAMS 0x0000000706800000, 0x0000000706800000| Untracked 
|  53|0x0000000706a00000, 0x0000000706a00000, 0x0000000706c00000|  0%| F|  |TAMS 0x0000000706a00000, 0x0000000706a00000| Untracked 
|  54|0x0000000706c00000, 0x0000000706c00000, 0x0000000706e00000|  0%| F|  |TAMS 0x0000000706c00000, 0x0000000706c00000| Untracked 
|  55|0x0000000706e00000, 0x0000000706fad060, 0x0000000707000000| 83%| S|CS|TAMS 0x0000000706e00000, 0x0000000706e00000| Complete 
|  56|0x0000000707000000, 0x0000000707000000, 0x0000000707200000|  0%| F|  |TAMS 0x0000000707000000, 0x0000000707000000| Untracked 
|  57|0x0000000707200000, 0x0000000707200000, 0x0000000707400000|  0%| F|  |TAMS 0x0000000707200000, 0x0000000707200000| Untracked 
|  58|0x0000000707400000, 0x0000000707400000, 0x0000000707600000|  0%| F|  |TAMS 0x0000000707400000, 0x0000000707400000| Untracked 
|  59|0x0000000707600000, 0x0000000707600000, 0x0000000707800000|  0%| F|  |TAMS 0x0000000707600000, 0x0000000707600000| Untracked 
|  60|0x0000000707800000, 0x0000000707800000, 0x0000000707a00000|  0%| F|  |TAMS 0x0000000707800000, 0x0000000707800000| Untracked 
|  61|0x0000000707a00000, 0x0000000707a00000, 0x0000000707c00000|  0%| F|  |TAMS 0x0000000707a00000, 0x0000000707a00000| Untracked 
| 193|0x0000000718200000, 0x0000000718200000, 0x0000000718400000|  0%| F|  |TAMS 0x0000000718200000, 0x0000000718200000| Untracked 
| 194|0x0000000718400000, 0x0000000718400000, 0x0000000718600000|  0%| F|  |TAMS 0x0000000718400000, 0x0000000718400000| Untracked 
| 195|0x0000000718600000, 0x0000000718600000, 0x0000000718800000|  0%| F|  |TAMS 0x0000000718600000, 0x0000000718600000| Untracked 
| 196|0x0000000718800000, 0x0000000718800000, 0x0000000718a00000|  0%| F|  |TAMS 0x0000000718800000, 0x0000000718800000| Untracked 
| 197|0x0000000718a00000, 0x0000000718a00000, 0x0000000718c00000|  0%| F|  |TAMS 0x0000000718a00000, 0x0000000718a00000| Untracked 
| 198|0x0000000718c00000, 0x0000000718c00000, 0x0000000718e00000|  0%| F|  |TAMS 0x0000000718c00000, 0x0000000718c00000| Untracked 
| 255|0x000000071fe00000, 0x000000071ff440a8, 0x0000000720000000| 63%| E|  |TAMS 0x000000071fe00000, 0x000000071fe00000| Complete 

Card table byte_map: [0x000001fbdace0000,0x000001fbdb4e0000] _byte_map_base: 0x000001fbd74e0000

Marking Bits (Prev, Next): (CMBitMap*) 0x000001fbc319ce80, (CMBitMap*) 0x000001fbc319cec0
 Prev Bits: [0x000001fbdbce0000, 0x000001fbdfce0000)
 Next Bits: [0x000001fbdfce0000, 0x000001fbe3ce0000)

Polling page: 0x000001fbc28f0000

Metaspace:

Usage:
  Non-class:     59.05 MB used.
      Class:      9.41 MB used.
       Both:     68.45 MB used.

Virtual space:
  Non-class space:       64.00 MB reserved,      59.38 MB ( 93%) committed,  1 nodes.
      Class space:        1.00 GB reserved,       9.69 MB ( <1%) committed,  1 nodes.
             Both:        1.06 GB reserved,      69.06 MB (  6%) committed. 

Chunk freelists:
   Non-Class:  4.57 MB
       Class:  6.25 MB
        Both:  10.83 MB

MaxMetaspaceSize: unlimited
CompressedClassSpaceSize: 1.00 GB
Initial GC threshold: 21.00 MB
Current GC threshold: 114.94 MB
CDS: on
MetaspaceReclaimPolicy: balanced
 - commit_granule_bytes: 65536.
 - commit_granule_words: 8192.
 - virtual_space_node_default_size: 8388608.
 - enlarge_chunks_in_place: 1.
 - new_chunks_are_fully_committed: 0.
 - uncommit_free_chunks: 1.
 - use_allocation_guard: 0.
 - handle_deallocations: 1.


Internal statistics:

num_allocs_failed_limit: 6.
num_arena_births: 820.
num_arena_deaths: 0.
num_vsnodes_births: 2.
num_vsnodes_deaths: 0.
num_space_committed: 1105.
num_space_uncommitted: 0.
num_chunks_returned_to_freelist: 6.
num_chunks_taken_from_freelist: 3630.
num_chunk_merges: 6.
num_chunk_splits: 2405.
num_chunks_enlarged: 1624.
num_inconsistent_stats: 0.

CodeHeap 'non-profiled nmethods': size=119168Kb used=4503Kb max_used=5131Kb free=114664Kb
 bounds [0x000001fbd27f0000, 0x000001fbd2d00000, 0x000001fbd9c50000]
CodeHeap 'profiled nmethods': size=119104Kb used=16532Kb max_used=17325Kb free=102571Kb
 bounds [0x000001fbcac50000, 0x000001fbcbd40000, 0x000001fbd20a0000]
CodeHeap 'non-nmethods': size=7488Kb used=4079Kb max_used=4129Kb free=3408Kb
 bounds [0x000001fbd20a0000, 0x000001fbd24c0000, 0x000001fbd27f0000]
 total_blobs=9213 nmethods=8293 adapters=828
 compilation: enabled
              stopped_count=0, restarted_count=0
 full_count=0

Compilation events (20 events):
Event: 6.075 Thread 0x000001fc282a9f60 nmethod 9586 0x000001fbd288c190 code [0x000001fbd288c420, 0x000001fbd288dfc0]
Event: 6.075 Thread 0x000001fc282a9f60 9607       4       groovy.lang.MetaMethod::isPrivate (15 bytes)
Event: 6.075 Thread 0x000001fc282a9f60 nmethod 9607 0x000001fbd2a46290 code [0x000001fbd2a46400, 0x000001fbd2a46498]
Event: 6.075 Thread 0x000001fc282a9f60 9621 %     4       groovy.lang.MetaClassImpl::inheritInterfaceNewMetaMethods @ 100 (195 bytes)
Event: 6.077 Thread 0x000001fc28246510 9623       3       groovyjarjarasm.asm.MethodWriter::visitMethodInsn (191 bytes)
Event: 6.077 Thread 0x000001fc287cd6c0 9624       3       groovyjarjarasm.asm.SymbolTable::addConstantMethodref (24 bytes)
Event: 6.077 Thread 0x000001fc28105910 9625       3       groovyjarjarasm.asm.Type::getReturnTypeOffset (64 bytes)
Event: 6.077 Thread 0x000001fc287cd6c0 nmethod 9624 0x000001fbcb7a5510 code [0x000001fbcb7a56c0, 0x000001fbcb7a5868]
Event: 6.078 Thread 0x000001fc28246510 nmethod 9623 0x000001fbcb169b10 code [0x000001fbcb169d40, 0x000001fbcb16a568]
Event: 6.078 Thread 0x000001fc28105910 nmethod 9625 0x000001fbcb471490 code [0x000001fbcb4717c0, 0x000001fbcb472cd8]
Event: 6.081 Thread 0x000001fc28105910 9626       3       org.codehaus.groovy.runtime.MetaClassHelper::getMaximumInterfaceDistance (101 bytes)
Event: 6.081 Thread 0x000001fc28246510 9627       3       groovyjarjarasm.asm.Edge::<init> (20 bytes)
Event: 6.081 Thread 0x000001fc28105910 nmethod 9626 0x000001fbcafa1990 code [0x000001fbcafa1ba0, 0x000001fbcafa2158]
Event: 6.081 Thread 0x000001fc28246510 nmethod 9627 0x000001fbcb5ef010 code [0x000001fbcb5ef1c0, 0x000001fbcb5ef3f8]
Event: 6.084 Thread 0x000001fc28246510 9629       3       org.codehaus.groovy.reflection.ClassInfo::getWeakMetaClass (21 bytes)
Event: 6.084 Thread 0x000001fc28219f30 9630       3       org.codehaus.groovy.reflection.ClassInfo::isValidWeakMetaClass (30 bytes)
Event: 6.084 Thread 0x000001fc28219f30 nmethod 9630 0x000001fbcb74d690 code [0x000001fbcb74d840, 0x000001fbcb74dc18]
Event: 6.084 Thread 0x000001fc28246510 nmethod 9629 0x000001fbcb818410 code [0x000001fbcb8185c0, 0x000001fbcb818988]
Event: 6.087 Thread 0x000001fc287cd6c0 9631       3       org.codehaus.groovy.runtime.metaclass.MetaMethodIndex$Header::<init> (26 bytes)
Event: 6.087 Thread 0x000001fc287cd6c0 nmethod 9631 0x000001fbcba14690 code [0x000001fbcba14840, 0x000001fbcba14b48]

GC Heap History (20 events):
Event: 4.846 GC heap before
{Heap before GC invocations=15 (full 0):
 garbage-first heap   total 90112K, used 62102K [0x0000000700000000, 0x0000000800000000)
  region size 2048K, 14 young (28672K), 3 survivors (6144K)
 Metaspace       used 55342K, committed 56000K, reserved 1114112K
  class space    used 7794K, committed 8128K, reserved 1048576K
}
Event: 4.849 GC heap after
{Heap after GC invocations=16 (full 0):
 garbage-first heap   total 90112K, used 49744K [0x0000000700000000, 0x0000000800000000)
  region size 2048K, 2 young (4096K), 2 survivors (4096K)
 Metaspace       used 55342K, committed 56000K, reserved 1114112K
  class space    used 7794K, committed 8128K, reserved 1048576K
}
Event: 4.885 GC heap before
{Heap before GC invocations=17 (full 0):
 garbage-first heap   total 102400K, used 53840K [0x0000000700000000, 0x0000000800000000)
  region size 2048K, 4 young (8192K), 2 survivors (4096K)
 Metaspace       used 55342K, committed 56000K, reserved 1114112K
  class space    used 7794K, committed 8128K, reserved 1048576K
}
Event: 4.887 GC heap after
{Heap after GC invocations=18 (full 0):
 garbage-first heap   total 102400K, used 56062K [0x0000000700000000, 0x0000000800000000)
  region size 2048K, 2 young (4096K), 2 survivors (4096K)
 Metaspace       used 55342K, committed 56000K, reserved 1114112K
  class space    used 7794K, committed 8128K, reserved 1048576K
}
Event: 5.055 GC heap before
{Heap before GC invocations=19 (full 0):
 garbage-first heap   total 110592K, used 72446K [0x0000000700000000, 0x0000000800000000)
  region size 2048K, 9 young (18432K), 2 survivors (4096K)
 Metaspace       used 56537K, committed 57152K, reserved 1114112K
  class space    used 7949K, committed 8256K, reserved 1048576K
}
Event: 5.057 GC heap after
{Heap after GC invocations=20 (full 0):
 garbage-first heap   total 110592K, used 60043K [0x0000000700000000, 0x0000000800000000)
  region size 2048K, 1 young (2048K), 1 survivors (2048K)
 Metaspace       used 56537K, committed 57152K, reserved 1114112K
  class space    used 7949K, committed 8256K, reserved 1048576K
}
Event: 5.196 GC heap before
{Heap before GC invocations=20 (full 0):
 garbage-first heap   total 110592K, used 74379K [0x0000000700000000, 0x0000000800000000)
  region size 2048K, 9 young (18432K), 1 survivors (2048K)
 Metaspace       used 58523K, committed 59136K, reserved 1114112K
  class space    used 8204K, committed 8512K, reserved 1048576K
}
Event: 5.197 GC heap after
{Heap after GC invocations=21 (full 0):
 garbage-first heap   total 110592K, used 60641K [0x0000000700000000, 0x0000000800000000)
  region size 2048K, 2 young (4096K), 2 survivors (4096K)
 Metaspace       used 58523K, committed 59136K, reserved 1114112K
  class space    used 8204K, committed 8512K, reserved 1048576K
}
Event: 5.359 GC heap before
{Heap before GC invocations=22 (full 0):
 garbage-first heap   total 116736K, used 79073K [0x0000000700000000, 0x0000000800000000)
  region size 2048K, 11 young (22528K), 2 survivors (4096K)
 Metaspace       used 61377K, committed 62016K, reserved 1114112K
  class space    used 8532K, committed 8832K, reserved 1048576K
}
Event: 5.360 GC heap after
{Heap after GC invocations=23 (full 0):
 garbage-first heap   total 116736K, used 61112K [0x0000000700000000, 0x0000000800000000)
  region size 2048K, 1 young (2048K), 1 survivors (2048K)
 Metaspace       used 61377K, committed 62016K, reserved 1114112K
  class space    used 8532K, committed 8832K, reserved 1048576K
}
Event: 5.501 GC heap before
{Heap before GC invocations=23 (full 0):
 garbage-first heap   total 116736K, used 81592K [0x0000000700000000, 0x0000000800000000)
  region size 2048K, 12 young (24576K), 1 survivors (2048K)
 Metaspace       used 63466K, committed 64128K, reserved 1114112K
  class space    used 8775K, committed 9088K, reserved 1048576K
}
Event: 5.504 GC heap after
{Heap after GC invocations=24 (full 0):
 garbage-first heap   total 116736K, used 68022K [0x0000000700000000, 0x0000000800000000)
  region size 2048K, 2 young (4096K), 2 survivors (4096K)
 Metaspace       used 63466K, committed 64128K, reserved 1114112K
  class space    used 8775K, committed 9088K, reserved 1048576K
}
Event: 5.628 GC heap before
{Heap before GC invocations=25 (full 0):
 garbage-first heap   total 131072K, used 86454K [0x0000000700000000, 0x0000000800000000)
  region size 2048K, 11 young (22528K), 2 survivors (4096K)
 Metaspace       used 64685K, committed 65280K, reserved 1114112K
  class space    used 8944K, committed 9216K, reserved 1048576K
}
Event: 5.630 GC heap after
{Heap after GC invocations=26 (full 0):
 garbage-first heap   total 131072K, used 68704K [0x0000000700000000, 0x0000000800000000)
  region size 2048K, 2 young (4096K), 2 survivors (4096K)
 Metaspace       used 64685K, committed 65280K, reserved 1114112K
  class space    used 8944K, committed 9216K, reserved 1048576K
}
Event: 5.769 GC heap before
{Heap before GC invocations=26 (full 0):
 garbage-first heap   total 131072K, used 93280K [0x0000000700000000, 0x0000000800000000)
  region size 2048K, 14 young (28672K), 2 survivors (4096K)
 Metaspace       used 66431K, committed 67072K, reserved 1114112K
  class space    used 9153K, committed 9472K, reserved 1048576K
}
Event: 5.770 GC heap after
{Heap after GC invocations=27 (full 0):
 garbage-first heap   total 131072K, used 70555K [0x0000000700000000, 0x0000000800000000)
  region size 2048K, 1 young (2048K), 1 survivors (2048K)
 Metaspace       used 66431K, committed 67072K, reserved 1114112K
  class space    used 9153K, committed 9472K, reserved 1048576K
}
Event: 5.950 GC heap before
{Heap before GC invocations=28 (full 0):
 garbage-first heap   total 131072K, used 95131K [0x0000000700000000, 0x0000000800000000)
  region size 2048K, 14 young (28672K), 1 survivors (2048K)
 Metaspace       used 68836K, committed 69504K, reserved 1114112K
  class space    used 9449K, committed 9728K, reserved 1048576K
}
Event: 5.951 GC heap after
{Heap after GC invocations=29 (full 0):
 garbage-first heap   total 131072K, used 71558K [0x0000000700000000, 0x0000000800000000)
  region size 2048K, 2 young (4096K), 2 survivors (4096K)
 Metaspace       used 68836K, committed 69504K, reserved 1114112K
  class space    used 9449K, committed 9728K, reserved 1048576K
}
Event: 6.073 GC heap before
{Heap before GC invocations=29 (full 0):
 garbage-first heap   total 131072K, used 98182K [0x0000000700000000, 0x0000000800000000)
  region size 2048K, 15 young (30720K), 2 survivors (4096K)
 Metaspace       used 69874K, committed 70528K, reserved 1114112K
  class space    used 9595K, committed 9920K, reserved 1048576K
}
Event: 6.075 GC heap after
{Heap after GC invocations=30 (full 0):
 garbage-first heap   total 131072K, used 74027K [0x0000000700000000, 0x0000000800000000)
  region size 2048K, 2 young (4096K), 2 survivors (4096K)
 Metaspace       used 69874K, committed 70528K, reserved 1114112K
  class space    used 9595K, committed 9920K, reserved 1048576K
}

Dll operation events (12 events):
Event: 0.005 Loaded shared library C:\Users\Adrian Estriel\AppData\Local\Programs\Eclipse Adoptium\jdk-17.0.9.9-hotspot\bin\java.dll
Event: 0.015 Loaded shared library C:\Users\Adrian Estriel\AppData\Local\Programs\Eclipse Adoptium\jdk-17.0.9.9-hotspot\bin\jsvml.dll
Event: 0.040 Loaded shared library C:\Users\Adrian Estriel\AppData\Local\Programs\Eclipse Adoptium\jdk-17.0.9.9-hotspot\bin\net.dll
Event: 0.042 Loaded shared library C:\Users\Adrian Estriel\AppData\Local\Programs\Eclipse Adoptium\jdk-17.0.9.9-hotspot\bin\nio.dll
Event: 0.044 Loaded shared library C:\Users\Adrian Estriel\AppData\Local\Programs\Eclipse Adoptium\jdk-17.0.9.9-hotspot\bin\zip.dll
Event: 0.160 Loaded shared library C:\Users\Adrian Estriel\AppData\Local\Programs\Eclipse Adoptium\jdk-17.0.9.9-hotspot\bin\jimage.dll
Event: 0.211 Loaded shared library C:\Users\Adrian Estriel\AppData\Local\Programs\Eclipse Adoptium\jdk-17.0.9.9-hotspot\bin\verify.dll
Event: 0.324 Loaded shared library C:\Users\Adrian Estriel\.gradle\native\c067742578af261105cb4f569cf0c3c89f3d7b1fecec35dd04571415982c5e48\windows-amd64\native-platform.dll
Event: 0.329 Loaded shared library C:\Users\Adrian Estriel\.gradle\native\38dada09dfb8b06ba9b0570ebf7e218e3eb74d4ef43ca46872605cf95ebc2f47\windows-amd64\native-platform-file-events.dll
Event: 0.977 Loaded shared library C:\Users\Adrian Estriel\AppData\Local\Programs\Eclipse Adoptium\jdk-17.0.9.9-hotspot\bin\management.dll
Event: 0.979 Loaded shared library C:\Users\Adrian Estriel\AppData\Local\Programs\Eclipse Adoptium\jdk-17.0.9.9-hotspot\bin\management_ext.dll
Event: 1.239 Loaded shared library C:\Users\Adrian Estriel\AppData\Local\Programs\Eclipse Adoptium\jdk-17.0.9.9-hotspot\bin\sunmscapi.dll

Deoptimization events (20 events):
Event: 5.959 Thread 0x000001fc2dfcdce0 Uncommon trap: trap_request=0xffffff45 fr.pc=0x000001fbd2c0aea4 relative=0x00000000000019a4
Event: 5.959 Thread 0x000001fc2dfcdce0 Uncommon trap: reason=unstable_if action=reinterpret pc=0x000001fbd2c0aea4 method=sun.net.www.protocol.jar.Handler.parseURL(Ljava/net/URL;Ljava/lang/String;II)V @ 116 c2
Event: 5.959 Thread 0x000001fc2dfcdce0 DEOPT PACKING pc=0x000001fbd2c0aea4 sp=0x000000f2c3ef31e0
Event: 5.959 Thread 0x000001fc2dfcdce0 DEOPT UNPACKING pc=0x000001fbd20f69a3 sp=0x000000f2c3ef3170 mode 2
Event: 5.959 Thread 0x000001fc2dfcdce0 Uncommon trap: trap_request=0xffffff45 fr.pc=0x000001fbd299b9c4 relative=0x0000000000000c24
Event: 5.959 Thread 0x000001fc2dfcdce0 Uncommon trap: reason=unstable_if action=reinterpret pc=0x000001fbd299b9c4 method=java.util.regex.Pattern.escape(ZZZ)I @ 8 c2
Event: 5.959 Thread 0x000001fc2dfcdce0 DEOPT PACKING pc=0x000001fbd299b9c4 sp=0x000000f2c3ef2fd0
Event: 5.959 Thread 0x000001fc2dfcdce0 DEOPT UNPACKING pc=0x000001fbd20f69a3 sp=0x000000f2c3ef2f70 mode 2
Event: 6.006 Thread 0x000001fc2dfcdce0 DEOPT PACKING pc=0x000001fbcb36f365 sp=0x000000f2c3ef3730
Event: 6.006 Thread 0x000001fc2dfcdce0 DEOPT UNPACKING pc=0x000001fbd20f7143 sp=0x000000f2c3ef2c20 mode 0
Event: 6.007 Thread 0x000001fc2dfcdce0 DEOPT PACKING pc=0x000001fbcb1db8e6 sp=0x000000f2c3ef3760
Event: 6.007 Thread 0x000001fc2dfcdce0 DEOPT UNPACKING pc=0x000001fbd20f7143 sp=0x000000f2c3ef2c28 mode 0
Event: 6.038 Thread 0x000001fc2dfcdce0 Uncommon trap: trap_request=0xffffff45 fr.pc=0x000001fbd2b68bac relative=0x000000000000046c
Event: 6.038 Thread 0x000001fc2dfcdce0 Uncommon trap: reason=unstable_if action=reinterpret pc=0x000001fbd2b68bac method=java.util.StringJoiner.add(Ljava/lang/CharSequence;)Ljava/util/StringJoiner; @ 33 c2
Event: 6.038 Thread 0x000001fc2dfcdce0 DEOPT PACKING pc=0x000001fbd2b68bac sp=0x000000f2c3ef3080
Event: 6.038 Thread 0x000001fc2dfcdce0 DEOPT UNPACKING pc=0x000001fbd20f69a3 sp=0x000000f2c3ef3030 mode 2
Event: 6.081 Thread 0x000001fc2dfcdce0 Uncommon trap: trap_request=0xfffffff4 fr.pc=0x000001fbd28f7ed4 relative=0x00000000000011d4
Event: 6.081 Thread 0x000001fc2dfcdce0 Uncommon trap: reason=null_check action=make_not_entrant pc=0x000001fbd28f7ed4 method=org.gradle.tooling.internal.provider.runner.ClientBuildEventGenerator$Enabled.accept(Lorg/gradle/internal/operations/BuildOperationDescriptor;)Lorg/gradle/tooling/intern
Event: 6.081 Thread 0x000001fc2dfcdce0 DEOPT PACKING pc=0x000001fbd28f7ed4 sp=0x000000f2c3ef3b00
Event: 6.081 Thread 0x000001fc2dfcdce0 DEOPT UNPACKING pc=0x000001fbd20f69a3 sp=0x000000f2c3ef3ac8 mode 2

Classes unloaded (0 events):
No events

Classes redefined (0 events):
No events

Internal exceptions (20 events):
Event: 6.052 Thread 0x000001fc2dfcdce0 Exception <a 'java/lang/ClassNotFoundException'{0x00000007068637c0}: org/gradle/api/internal/tasks/DefaultTaskCollectionCustomizer> (0x00000007068637c0) 
thrown [s\src\hotspot\share\classfile\systemDictionary.cpp, line 256]
Event: 6.054 Thread 0x000001fc2dfcdce0 Exception <a 'java/lang/ClassNotFoundException'{0x00000007068ab550}: org/gradle/api/internal/tasks/DefaultTaskContainerCustomizer> (0x00000007068ab550) 
thrown [s\src\hotspot\share\classfile\systemDictionary.cpp, line 256]
Event: 6.055 Thread 0x000001fc2dfcdce0 Exception <a 'java/lang/ClassNotFoundException'{0x0000000706917548}: org/gradle/api/internal/tasks/DefaultTaskContainer_DecoratedCustomizer> (0x0000000706917548) 
thrown [s\src\hotspot\share\classfile\systemDictionary.cpp, line 256]
Event: 6.060 Thread 0x000001fc2dfcdce0 Exception <a 'java/lang/ClassNotFoundException'{0x00000007069ae940}: java/lang/SystemBeanInfo> (0x00000007069ae940) 
thrown [s\src\hotspot\share\classfile\systemDictionary.cpp, line 256]
Event: 6.061 Thread 0x000001fc2dfcdce0 Exception <a 'java/lang/ClassNotFoundException'{0x00000007069b8890}: java/lang/SystemCustomizer> (0x00000007069b8890) 
thrown [s\src\hotspot\share\classfile\systemDictionary.cpp, line 256]
Event: 6.061 Thread 0x000001fc2dfcdce0 Exception <a 'java/lang/ClassNotFoundException'{0x000000070660fd60}: java/util/Collections$UnmodifiableMapBeanInfo> (0x000000070660fd60) 
thrown [s\src\hotspot\share\classfile\systemDictionary.cpp, line 256]
Event: 6.062 Thread 0x000001fc2dfcdce0 Exception <a 'java/lang/ClassNotFoundException'{0x0000000706619e40}: java/util/Collections$UnmodifiableMapCustomizer> (0x0000000706619e40) 
thrown [s\src\hotspot\share\classfile\systemDictionary.cpp, line 256]
Event: 6.067 Thread 0x000001fc2dfcdce0 Exception <a 'java/lang/ClassNotFoundException'{0x00000007066cb8e8}: java/nio/file/PathsBeanInfo> (0x00000007066cb8e8) 
thrown [s\src\hotspot\share\classfile\systemDictionary.cpp, line 256]
Event: 6.068 Thread 0x000001fc2dfcdce0 Exception <a 'java/lang/ClassNotFoundException'{0x00000007066d5840}: java/nio/file/PathsCustomizer> (0x00000007066d5840) 
thrown [s\src\hotspot\share\classfile\systemDictionary.cpp, line 256]
Event: 6.069 Thread 0x000001fc2dfcdce0 Exception <a 'java/lang/ClassNotFoundException'{0x0000000706773ec0}: sun/nio/fs/WindowsPathBeanInfo> (0x0000000706773ec0) 
thrown [s\src\hotspot\share\classfile\systemDictionary.cpp, line 256]
Event: 6.069 Thread 0x000001fc2dfcdce0 Exception <a 'java/lang/ClassNotFoundException'{0x000000070677de70}: sun/nio/fs/WindowsPathCustomizer> (0x000000070677de70) 
thrown [s\src\hotspot\share\classfile\systemDictionary.cpp, line 256]
Event: 6.076 Thread 0x000001fc2dfcdce0 Exception <a 'java/lang/ClassNotFoundException'{0x000000071ff089c0}: java/lang/StringBeanInfo> (0x000000071ff089c0) 
thrown [s\src\hotspot\share\classfile\systemDictionary.cpp, line 256]
Event: 6.076 Thread 0x000001fc2dfcdce0 Exception <a 'java/lang/ClassNotFoundException'{0x000000071ff12910}: java/lang/StringCustomizer> (0x000000071ff12910) 
thrown [s\src\hotspot\share\classfile\systemDictionary.cpp, line 256]
Event: 6.081 Thread 0x000001fc2dfcdce0 Implicit null exception at 0x000001fbd28f6d47 to 0x000001fbd28f7ec0
Event: 6.090 Thread 0x000001fc2dfcdce0 Exception <a 'java/lang/ClassNotFoundException'{0x0000000718c564c0}: org/gradle/api/internal/artifacts/repositories/DefaultMavenArtifactRepository_DecoratedBeanInfo> (0x0000000718c564c0) 
thrown [s\src\hotspot\share\classfile\systemDictionary.cpp, line 256]
Event: 6.091 Thread 0x000001fc2dfcdce0 Exception <a 'java/lang/ClassNotFoundException'{0x0000000718c7c788}: org/gradle/api/internal/artifacts/repositories/DefaultMavenArtifactRepositoryBeanInfo> (0x0000000718c7c788) 
thrown [s\src\hotspot\share\classfile\systemDictionary.cpp, line 256]
Event: 6.092 Thread 0x000001fc2dfcdce0 Exception <a 'java/lang/ClassNotFoundException'{0x0000000718ca3068}: org/gradle/api/internal/artifacts/repositories/AbstractAuthenticationSupportedRepositoryBeanInfo> (0x0000000718ca3068) 
thrown [s\src\hotspot\share\classfile\systemDictionary.cpp, line 256]
Event: 6.092 Thread 0x000001fc2dfcdce0 Exception <a 'java/lang/ClassNotFoundException'{0x0000000718cc96e8}: org/gradle/api/internal/artifacts/repositories/AbstractResolutionAwareArtifactRepositoryBeanInfo> (0x0000000718cc96e8) 
thrown [s\src\hotspot\share\classfile\systemDictionary.cpp, line 256]
Event: 6.093 Thread 0x000001fc2dfcdce0 Exception <a 'java/lang/ClassNotFoundException'{0x0000000718cef980}: org/gradle/api/internal/artifacts/repositories/AbstractArtifactRepositoryBeanInfo> (0x0000000718cef980) 
thrown [s\src\hotspot\share\classfile\systemDictionary.cpp, line 256]
Event: 6.094 Thread 0x000001fc2dfcdce0 Exception <a 'java/lang/ClassNotFoundException'{0x0000000718d15e60}: org/gradle/api/internal/artifacts/repositories/AbstractArtifactRepositoryCustomizer> (0x0000000718d15e60) 
thrown [s\src\hotspot\share\classfile\systemDictionary.cpp, line 256]

VM Operations (20 events):
Event: 5.769 Executing VM operation: G1CollectForAllocation
Event: 5.770 Executing VM operation: G1CollectForAllocation done
Event: 5.790 Executing VM operation: G1PauseRemark
Event: 5.791 Executing VM operation: G1PauseRemark done
Event: 5.792 Executing VM operation: HandshakeAllThreads
Event: 5.792 Executing VM operation: HandshakeAllThreads done
Event: 5.800 Executing VM operation: G1PauseCleanup
Event: 5.801 Executing VM operation: G1PauseCleanup done
Event: 5.808 Executing VM operation: HandshakeAllThreads
Event: 5.808 Executing VM operation: HandshakeAllThreads done
Event: 5.824 Executing VM operation: HandshakeAllThreads
Event: 5.824 Executing VM operation: HandshakeAllThreads done
Event: 5.867 Executing VM operation: HandshakeAllThreads
Event: 5.867 Executing VM operation: HandshakeAllThreads done
Event: 5.950 Executing VM operation: G1CollectForAllocation
Event: 5.951 Executing VM operation: G1CollectForAllocation done
Event: 6.072 Executing VM operation: HandshakeAllThreads
Event: 6.072 Executing VM operation: HandshakeAllThreads done
Event: 6.073 Executing VM operation: G1CollectForAllocation
Event: 6.075 Executing VM operation: G1CollectForAllocation done

Events (20 events):
Event: 6.068 loading class sun/nio/fs/WindowsPathBeanInfo
Event: 6.068 loading class sun/nio/fs/WindowsPathBeanInfo done
Event: 6.069 loading class sun/nio/fs/WindowsPathBeanInfo
Event: 6.069 loading class sun/nio/fs/WindowsPathBeanInfo done
Event: 6.069 loading class sun/nio/fs/WindowsPathCustomizer
Event: 6.069 loading class sun/nio/fs/WindowsPathCustomizer done
Event: 6.069 loading class sun/nio/fs/WindowsPathCustomizer
Event: 6.069 loading class sun/nio/fs/WindowsPathCustomizer done
Event: 6.070 loading class java/nio/file/WatchEvent
Event: 6.070 loading class java/nio/file/WatchEvent done
Event: 6.071 loading class java/io/LineNumberReader
Event: 6.071 loading class java/io/LineNumberReader done
Event: 6.076 loading class java/lang/StringBeanInfo
Event: 6.076 loading class java/lang/StringBeanInfo done
Event: 6.076 loading class java/lang/StringBeanInfo
Event: 6.076 loading class java/lang/StringBeanInfo done
Event: 6.076 loading class java/lang/StringCustomizer
Event: 6.076 loading class java/lang/StringCustomizer done
Event: 6.076 loading class java/lang/StringCustomizer
Event: 6.076 loading class java/lang/StringCustomizer done


Dynamic libraries:
0x00007ff6e5a50000 - 0x00007ff6e5a5e000 	C:\Users\Adrian Estriel\AppData\Local\Programs\Eclipse Adoptium\jdk-17.0.9.9-hotspot\bin\java.exe
0x00007ffac0db0000 - 0x00007ffac0fa8000 	C:\WINDOWS\SYSTEM32\ntdll.dll
0x00007ffabf360000 - 0x00007ffabf41d000 	C:\WINDOWS\System32\KERNEL32.DLL
0x00007ffabea70000 - 0x00007ffabed66000 	C:\WINDOWS\System32\KERNELBASE.dll
0x00007ffabe460000 - 0x00007ffabe560000 	C:\WINDOWS\System32\ucrtbase.dll
0x00007ffa969d0000 - 0x00007ffa969e7000 	C:\Users\Adrian Estriel\AppData\Local\Programs\Eclipse Adoptium\jdk-17.0.9.9-hotspot\bin\jli.dll
0x00007ffaaeab0000 - 0x00007ffaaeacb000 	C:\Users\Adrian Estriel\AppData\Local\Programs\Eclipse Adoptium\jdk-17.0.9.9-hotspot\bin\VCRUNTIME140.dll
0x00007ffac08e0000 - 0x00007ffac0a7f000 	C:\WINDOWS\System32\USER32.dll
0x00007ffabe7c0000 - 0x00007ffabe7e2000 	C:\WINDOWS\System32\win32u.dll
0x00007ffaab590000 - 0x00007ffaab82a000 	C:\WINDOWS\WinSxS\amd64_microsoft.windows.common-controls_6595b64144ccf1df_6.0.19041.3636_none_60b6a03d71f818d5\COMCTL32.dll
0x00007ffabf530000 - 0x00007ffabf55b000 	C:\WINDOWS\System32\GDI32.dll
0x00007ffabfd40000 - 0x00007ffabfdde000 	C:\WINDOWS\System32\msvcrt.dll
0x00007ffabe950000 - 0x00007ffabea67000 	C:\WINDOWS\System32\gdi32full.dll
0x00007ffabe640000 - 0x00007ffabe6dd000 	C:\WINDOWS\System32\msvcp_win.dll
0x00007ffac08a0000 - 0x00007ffac08d2000 	C:\WINDOWS\System32\IMM32.DLL
0x00007ffab95f0000 - 0x00007ffab95fc000 	C:\Users\Adrian Estriel\AppData\Local\Programs\Eclipse Adoptium\jdk-17.0.9.9-hotspot\bin\vcruntime140_1.dll
0x00007ffa7cbd0000 - 0x00007ffa7cc5d000 	C:\Users\Adrian Estriel\AppData\Local\Programs\Eclipse Adoptium\jdk-17.0.9.9-hotspot\bin\msvcp140.dll
0x00007ffa192d0000 - 0x00007ffa19f31000 	C:\Users\Adrian Estriel\AppData\Local\Programs\Eclipse Adoptium\jdk-17.0.9.9-hotspot\bin\server\jvm.dll
0x00007ffac0cc0000 - 0x00007ffac0d70000 	C:\WINDOWS\System32\ADVAPI32.dll
0x00007ffac0210000 - 0x00007ffac02b0000 	C:\WINDOWS\System32\sechost.dll
0x00007ffabede0000 - 0x00007ffabef03000 	C:\WINDOWS\System32\RPCRT4.dll
0x00007ffabe6e0000 - 0x00007ffabe707000 	C:\WINDOWS\System32\bcrypt.dll
0x00007ffab5480000 - 0x00007ffab5489000 	C:\WINDOWS\SYSTEM32\WSOCK32.dll
0x00007ffab8680000 - 0x00007ffab86a7000 	C:\WINDOWS\SYSTEM32\WINMM.dll
0x00007ffab5450000 - 0x00007ffab545a000 	C:\WINDOWS\SYSTEM32\VERSION.dll
0x00007ffabd9f0000 - 0x00007ffabda3b000 	C:\WINDOWS\SYSTEM32\POWRPROF.dll
0x00007ffabfe90000 - 0x00007ffabfefb000 	C:\WINDOWS\System32\WS2_32.dll
0x00007ffabd860000 - 0x00007ffabd872000 	C:\WINDOWS\SYSTEM32\UMPDC.dll
0x00007ffabcca0000 - 0x00007ffabccb2000 	C:\WINDOWS\SYSTEM32\kernel.appcore.dll
0x00007ffab7ea0000 - 0x00007ffab7eaa000 	C:\Users\Adrian Estriel\AppData\Local\Programs\Eclipse Adoptium\jdk-17.0.9.9-hotspot\bin\jimage.dll
0x00007ffabc170000 - 0x00007ffabc354000 	C:\WINDOWS\SYSTEM32\DBGHELP.DLL
0x00007ffa92e50000 - 0x00007ffa92e84000 	C:\WINDOWS\SYSTEM32\dbgcore.DLL
0x00007ffabe5b0000 - 0x00007ffabe632000 	C:\WINDOWS\System32\bcryptPrimitives.dll
0x00007ffa8d4b0000 - 0x00007ffa8d4d5000 	C:\Users\Adrian Estriel\AppData\Local\Programs\Eclipse Adoptium\jdk-17.0.9.9-hotspot\bin\java.dll
0x00007ffa7a4b0000 - 0x00007ffa7a587000 	C:\Users\Adrian Estriel\AppData\Local\Programs\Eclipse Adoptium\jdk-17.0.9.9-hotspot\bin\jsvml.dll
0x00007ffabf560000 - 0x00007ffabfccb000 	C:\WINDOWS\System32\SHELL32.dll
0x00007ffabc360000 - 0x00007ffabcafe000 	C:\WINDOWS\SYSTEM32\windows.storage.dll
0x00007ffabeff0000 - 0x00007ffabf343000 	C:\WINDOWS\System32\combase.dll
0x00007ffabde90000 - 0x00007ffabdebe000 	C:\WINDOWS\SYSTEM32\Wldp.dll
0x00007ffabff60000 - 0x00007ffac002d000 	C:\WINDOWS\System32\OLEAUT32.dll
0x00007ffabf420000 - 0x00007ffabf4cd000 	C:\WINDOWS\System32\SHCORE.dll
0x00007ffac03d0000 - 0x00007ffac0425000 	C:\WINDOWS\System32\shlwapi.dll
0x00007ffabe390000 - 0x00007ffabe3b3000 	C:\WINDOWS\SYSTEM32\profapi.dll
0x00007ffa8e000000 - 0x00007ffa8e019000 	C:\Users\Adrian Estriel\AppData\Local\Programs\Eclipse Adoptium\jdk-17.0.9.9-hotspot\bin\net.dll
0x00007ffab6b50000 - 0x00007ffab6c5a000 	C:\WINDOWS\SYSTEM32\WINHTTP.dll
0x00007ffabdbf0000 - 0x00007ffabdc5a000 	C:\WINDOWS\system32\mswsock.dll
0x00007ffa8df90000 - 0x00007ffa8dfa6000 	C:\Users\Adrian Estriel\AppData\Local\Programs\Eclipse Adoptium\jdk-17.0.9.9-hotspot\bin\nio.dll
0x00007ffa8ba00000 - 0x00007ffa8ba18000 	C:\Users\Adrian Estriel\AppData\Local\Programs\Eclipse Adoptium\jdk-17.0.9.9-hotspot\bin\zip.dll
0x00007ffa8ee00000 - 0x00007ffa8ee10000 	C:\Users\Adrian Estriel\AppData\Local\Programs\Eclipse Adoptium\jdk-17.0.9.9-hotspot\bin\verify.dll
0x00007ffa7baa0000 - 0x00007ffa7bac7000 	C:\Users\Adrian Estriel\.gradle\native\c067742578af261105cb4f569cf0c3c89f3d7b1fecec35dd04571415982c5e48\windows-amd64\native-platform.dll
0x00007ffa7a240000 - 0x00007ffa7a384000 	C:\Users\Adrian Estriel\.gradle\native\38dada09dfb8b06ba9b0570ebf7e218e3eb74d4ef43ca46872605cf95ebc2f47\windows-amd64\native-platform-file-events.dll
0x00007ffa98360000 - 0x00007ffa98369000 	C:\Users\Adrian Estriel\AppData\Local\Programs\Eclipse Adoptium\jdk-17.0.9.9-hotspot\bin\management.dll
0x00007ffa97220000 - 0x00007ffa9722b000 	C:\Users\Adrian Estriel\AppData\Local\Programs\Eclipse Adoptium\jdk-17.0.9.9-hotspot\bin\management_ext.dll
0x00007ffabf350000 - 0x00007ffabf358000 	C:\WINDOWS\System32\PSAPI.DLL
0x00007ffabdde0000 - 0x00007ffabddf8000 	C:\WINDOWS\SYSTEM32\CRYPTSP.dll
0x00007ffabd4a0000 - 0x00007ffabd4d4000 	C:\WINDOWS\system32\rsaenh.dll
0x00007ffabe310000 - 0x00007ffabe33e000 	C:\WINDOWS\SYSTEM32\USERENV.dll
0x00007ffabde00000 - 0x00007ffabde0c000 	C:\WINDOWS\SYSTEM32\CRYPTBASE.dll
0x00007ffabd880000 - 0x00007ffabd8bb000 	C:\WINDOWS\SYSTEM32\IPHLPAPI.DLL
0x00007ffabfcd0000 - 0x00007ffabfcd8000 	C:\WINDOWS\System32\NSI.dll
0x00007ffab84a0000 - 0x00007ffab84b7000 	C:\WINDOWS\SYSTEM32\dhcpcsvc6.DLL
0x00007ffab83b0000 - 0x00007ffab83cd000 	C:\WINDOWS\SYSTEM32\dhcpcsvc.DLL
0x00007ffabd8d0000 - 0x00007ffabd99b000 	C:\WINDOWS\SYSTEM32\DNSAPI.dll
0x00007ffa92e20000 - 0x00007ffa92e2e000 	C:\Users\Adrian Estriel\AppData\Local\Programs\Eclipse Adoptium\jdk-17.0.9.9-hotspot\bin\sunmscapi.dll
0x00007ffabe7f0000 - 0x00007ffabe94e000 	C:\WINDOWS\System32\CRYPT32.dll
0x00007ffabdf00000 - 0x00007ffabdf28000 	C:\WINDOWS\SYSTEM32\ncrypt.dll
0x00007ffabdec0000 - 0x00007ffabdefb000 	C:\WINDOWS\SYSTEM32\NTASN1.dll
0x00007ffab9100000 - 0x00007ffab9107000 	C:\WINDOWS\system32\wshunix.dll

dbghelp: loaded successfully - version: 4.0.5 - missing functions: none
symbol engine: initialized successfully - sym options: 0x614 - pdb path: .;C:\Users\Adrian Estriel\AppData\Local\Programs\Eclipse Adoptium\jdk-17.0.9.9-hotspot\bin;C:\WINDOWS\SYSTEM32;C:\WINDOWS\WinSxS\amd64_microsoft.windows.common-controls_6595b64144ccf1df_6.0.19041.3636_none_60b6a03d71f818d5;C:\Users\Adrian Estriel\AppData\Local\Programs\Eclipse Adoptium\jdk-17.0.9.9-hotspot\bin\server;C:\Users\Adrian Estriel\.gradle\native\c067742578af261105cb4f569cf0c3c89f3d7b1fecec35dd04571415982c5e48\windows-amd64;C:\Users\Adrian Estriel\.gradle\native\38dada09dfb8b06ba9b0570ebf7e218e3eb74d4ef43ca46872605cf95ebc2f47\windows-amd64

VM Arguments:
jvm_args: --add-opens=java.base/java.util=ALL-UNNAMED --add-opens=java.base/java.lang=ALL-UNNAMED --add-opens=java.base/java.lang.invoke=ALL-UNNAMED --add-opens=java.prefs/java.util.prefs=ALL-UNNAMED --add-opens=java.base/java.nio.charset=ALL-UNNAMED --add-opens=java.base/java.net=ALL-UNNAMED --add-opens=java.base/java.util.concurrent.atomic=ALL-UNNAMED -Xmx4G -Dfile.encoding=utf8 -Duser.country=US -Duser.language=en -Duser.variant 
java_command: org.gradle.launcher.daemon.bootstrap.GradleDaemon 7.6.3
java_class_path (initial): C:\Users\Adrian Estriel\.gradle\wrapper\dists\gradle-7.6.3-all\aocdy2d2z8kodnny3rsumj8i8\gradle-7.6.3\lib\gradle-launcher-7.6.3.jar
Launcher Type: SUN_STANDARD

[Global flags]
     intx CICompilerCount                          = 12                                        {product} {ergonomic}
     uint ConcGCThreads                            = 3                                         {product} {ergonomic}
     uint G1ConcRefinementThreads                  = 13                                        {product} {ergonomic}
   size_t G1HeapRegionSize                         = 2097152                                   {product} {ergonomic}
    uintx GCDrainStackTargetSize                   = 64                                        {product} {ergonomic}
   size_t InitialHeapSize                          = 536870912                                 {product} {ergonomic}
   size_t MarkStackSize                            = 4194304                                   {product} {ergonomic}
   size_t MaxHeapSize                              = 4294967296                                {product} {command line}
   size_t MaxNewSize                               = 2575302656                                {product} {ergonomic}
   size_t MinHeapDeltaBytes                        = 2097152                                   {product} {ergonomic}
   size_t MinHeapSize                              = 8388608                                   {product} {ergonomic}
    uintx NonNMethodCodeHeapSize                   = 7602480                                {pd product} {ergonomic}
    uintx NonProfiledCodeHeapSize                  = 122027880                              {pd product} {ergonomic}
    uintx ProfiledCodeHeapSize                     = 122027880                              {pd product} {ergonomic}
    uintx ReservedCodeCacheSize                    = 251658240                              {pd product} {ergonomic}
     bool SegmentedCodeCache                       = true                                      {product} {ergonomic}
   size_t SoftMaxHeapSize                          = 4294967296                             {manageable} {ergonomic}
     bool UseCompressedClassPointers               = true                           {product lp64_product} {ergonomic}
     bool UseCompressedOops                        = true                           {product lp64_product} {ergonomic}
     bool UseG1GC                                  = true                                      {product} {ergonomic}
     bool UseLargePagesIndividualAllocation        = false                                  {pd product} {ergonomic}

Logging:
Log output configuration:
 #0: stdout all=warning uptime,level,tags
 #1: stderr all=off uptime,level,tags

Environment Variables:
JAVA_HOME=C:\Users\Adrian Estriel\AppData\Local\Programs\Eclipse Adoptium\jdk-17.0.9.9-hotspot\
PATH=C:\Program Files (x86)\Common Files\Oracle\Java\javapath;C:\WINDOWS\system32;C:\WINDOWS;C:\WINDOWS\System32\Wbem;C:\WINDOWS\System32\WindowsPowerShell\v1.0\;C:\WINDOWS\System32\OpenSSH\;C:\Program Files\nodejs\;C:\Program Files\Git\cmd;C:\Program Files (x86)\PDFtk\bin\;C:\Program Files\dotnet\;C:\Users\Adrian Estriel\AppData\Local\Programs\Python\Python310\;C:\Users\Adrian Estriel\AppData\Local\Programs\Python\Python310\Scripts\;C:\Program Files (x86)\NVIDIA Corporation\PhysX\Common;C:\Program Files\NVIDIA Corporation\NVIDIA NvDLISR;C:\Program Files\Microsoft SQL Server\150\Tools\Binn\;C:\Program Files\Microsoft SQL Server\Client SDK\ODBC\170\Tools\Binn\;C:\Program Files (x86)\Windows Kits\10\Windows Performance Toolkit\;C:\ProgramData\chocolatey\bin;C:\Users\Adrian Estriel\scoop\shims;C:\Users\Adrian Estriel\AppData\Local\Programs\Eclipse Adoptium\jdk-17.0.9.9-hotspot\bin;C:\FFmpeg\bin;C:\Users\Adrian Estriel\AppData\Local\Programs\Microsoft VS Code\bin;C:\Users\Adrian Estriel\.dotnet\tools;C:\Flutter Folder\flutter\bin;
USERNAME=Adrian Estriel
OS=Windows_NT
PROCESSOR_IDENTIFIER=AMD64 Family 25 Model 33 Stepping 0, AuthenticAMD
TMP=C:\Users\ADRIAN~1\AppData\Local\Temp
TEMP=C:\Users\ADRIAN~1\AppData\Local\Temp



Periodic native trim disabled


---------------  S Y S T E M  ---------------

OS:
 Windows 10 , 64 bit Build 19041 (10.0.19041.3636)
OS uptime: 0 days 9:02 hours

CPU: total 16 (initial active 16) (16 cores per cpu, 2 threads per core) family 25 model 33 stepping 0 microcode 0x0, cx8, cmov, fxsr, ht, mmx, 3dnowpref, sse, sse2, sse3, ssse3, sse4a, sse4.1, sse4.2, popcnt, lzcnt, tsc, tscinvbit, avx, avx2, aes, erms, clmul, bmi1, bmi2, adx, sha, fma, vzeroupper, clflush, clflushopt
Processor Information for all 16 processors :
  Max Mhz: 3801, Current Mhz: 3801, Mhz Limit: 3801

Memory: 4k page, system-wide physical 32669M (10102M free)
TotalPageFile size 32669M (AvailPageFile size 287M)
current process WorkingSet (physical memory assigned to process): 391M, peak: 395M
current process commit charge ("private bytes"): 461M, peak: 736M

vm_info: OpenJDK 64-Bit Server VM (17.0.9+9) for windows-amd64 JRE (17.0.9+9), built on Oct 26 2023 14:01:42 by "admin" with MS VC++ 16.10 / 16.11 (VS2019)

END.
