#
# There is insufficient memory for the Java Runtime Environment to continue.
# Native memory allocation (mmap) failed to map 8388608 bytes for G1 virtual space
# Possible reasons:
#   The system is out of physical RAM or swap space
#   The process is running with CompressedOops enabled, and the Java Heap may be blocking the growth of the native heap
# Possible solutions:
#   Reduce memory load on the system
#   Increase physical memory or swap space
#   Check if swap backing store is full
#   Decrease Java heap size (-Xmx/-Xms)
#   Decrease number of Java threads
#   Decrease Java thread stack sizes (-Xss)
#   Set larger code cache with -XX:ReservedCodeCacheSize=
#   JVM is running with Zero Based Compressed Oops mode in which the Java heap is
#     placed in the first 32GB address space. The Java Heap base address is the
#     maximum limit for the native heap growth. Please use -XX:HeapBaseMinAddress
#     to set the Java Heap base and to place the Java Heap above 32GB virtual address.
# This output file may be truncated or incomplete.
#
#  Out of Memory Error (os_windows.cpp:3825), pid=16552, tid=29184
#
# JRE version:  (17.0.10) (build )
# Java VM: OpenJDK 64-Bit Server VM (17.0.10+0--11572160, mixed mode, sharing, tiered, compressed oops, compressed class ptrs, g1 gc, windows-amd64)
# No core dump will be written. Minidumps are not enabled by default on client versions of Windows
#

---------------  S U M M A R Y ------------

Command Line: 

Host: AMD Ryzen 7 5800X 8-Core Processor             , 16 cores, 31G,  Windows 10 , 64 bit Build 19041 (10.0.19041.3636)
Time: Tue May  7 20:20:11 2024 China Standard Time elapsed time: 0.013430 seconds (0d 0h 0m 0s)

---------------  T H R E A D  ---------------

Current thread (0x000002a31017f430):  JavaThread "Unknown thread" [_thread_in_vm, id=29184, stack(0x000000a72ba00000,0x000000a72bb00000)]

Stack: [0x000000a72ba00000,0x000000a72bb00000]
Native frames: (J=compiled Java code, j=interpreted, Vv=VM code, C=native code)
V  [jvm.dll+0x688e89]
V  [jvm.dll+0x84247a]
V  [jvm.dll+0x8440be]
V  [jvm.dll+0x844723]
V  [jvm.dll+0x24be0f]
V  [jvm.dll+0x685c59]
V  [jvm.dll+0x67a50a]
V  [jvm.dll+0x30cbab]
V  [jvm.dll+0x314056]
V  [jvm.dll+0x363df8]
V  [jvm.dll+0x363fff]
V  [jvm.dll+0x2e2978]
V  [jvm.dll+0x2e38e4]
V  [jvm.dll+0x813011]
V  [jvm.dll+0x371c81]
V  [jvm.dll+0x7f1b66]
V  [jvm.dll+0x3f58df]
V  [jvm.dll+0x3f7511]
C  [jli.dll+0x528f]
C  [ucrtbase.dll+0x21bb2]
C  [KERNEL32.DLL+0x17344]
C  [ntdll.dll+0x526b1]


---------------  P R O C E S S  ---------------

Threads class SMR info:
_java_thread_list=0x00007fffe814ef58, length=0, elements={
}

Java Threads: ( => current thread )

Other Threads:
  0x000002a31022b740 GCTaskThread "GC Thread#0" [stack: 0x000000a72bb00000,0x000000a72bc00000] [id=11656]
  0x000002a31023e500 ConcurrentGCThread "G1 Main Marker" [stack: 0x000000a72bc00000,0x000000a72bd00000] [id=29464]
  0x000002a335e20820 ConcurrentGCThread "G1 Conc#0" [stack: 0x000000a72bd00000,0x000000a72be00000] [id=6392]

[error occurred during error reporting (printing all threads), id 0xc0000005, EXCEPTION_ACCESS_VIOLATION (0xc0000005) at pc=0x00007fffe7903547]

VM state: not at safepoint (not fully initialized)

VM Mutex/Monitor currently owned by a thread:  ([mutex/lock_event])
[0x000002a31017a610] Heap_lock - owner thread: 0x000002a31017f430

Heap address: 0x0000000601800000, size: 8168 MB, Compressed Oops mode: Zero based, Oop shift amount: 3

CDS archive(s) mapped at: [0x0000000000000000-0x0000000000000000-0x0000000000000000), size 0, SharedBaseAddress: 0x0000000800000000, ArchiveRelocationMode: 1.
Narrow klass base: 0x0000000000000000, Narrow klass shift: 0, Narrow klass range: 0x0

GC Precious Log:
<Empty>

Heap:
 garbage-first heap   total 0K, used 0K [0x0000000601800000, 0x0000000800000000)
  region size 4096K, 0 young (0K), 0 survivors (0K)
 Metaspace       used 0K, committed 0K, reserved 0K
  class space    used 0K, committed 0K, reserved 0K

Heap Regions: E=young(eden), S=young(survivor), O=old, HS=humongous(starts), HC=humongous(continues), CS=collection set, F=free, OA=open archive, CA=closed archive, TAMS=top-at-mark-start (previous, next)

Card table byte_map: [0x000002a323ee0000,0x000002a324ee0000] _byte_map_base: 0x000002a320ed4000

Marking Bits (Prev, Next): (CMBitMap*) 0x000002a31022cc80, (CMBitMap*) 0x000002a31022ccc0
 Prev Bits: [0x000002a325ee0000, 0x000002a32de80000)
 Next Bits: [0x000002a32de80000, 0x000002a335e20000)

GC Heap History (0 events):
No events

Dll operation events (1 events):
Event: 0.007 Loaded shared library C:\Program Files\Android\Android Studio\jbr\bin\java.dll

Deoptimization events (0 events):
No events

Classes unloaded (0 events):
No events

Classes redefined (0 events):
No events

Internal exceptions (0 events):
No events

VM Operations (0 events):
No events

Events (0 events):
No events


Dynamic libraries:
0x00007ff69c760000 - 0x00007ff69c76a000 	C:\Program Files\Android\Android Studio\jbr\bin\java.EXE
0x00007ff892b10000 - 0x00007ff892d08000 	C:\WINDOWS\SYSTEM32\ntdll.dll
0x00007ff891300000 - 0x00007ff8913bd000 	C:\WINDOWS\System32\KERNEL32.DLL
0x00007ff8902b0000 - 0x00007ff8905a6000 	C:\WINDOWS\System32\KERNELBASE.dll
0x00007ff8908c0000 - 0x00007ff8909c0000 	C:\WINDOWS\System32\ucrtbase.dll
0x00007ff8553f0000 - 0x00007ff85540b000 	C:\Program Files\Android\Android Studio\jbr\bin\VCRUNTIME140.dll
0x00007ff856c70000 - 0x00007ff856c87000 	C:\Program Files\Android\Android Studio\jbr\bin\jli.dll
0x00007ff891d80000 - 0x00007ff891f1f000 	C:\WINDOWS\System32\USER32.dll
0x00007ff87cf60000 - 0x00007ff87d1fa000 	C:\WINDOWS\WinSxS\amd64_microsoft.windows.common-controls_6595b64144ccf1df_6.0.19041.3636_none_60b6a03d71f818d5\COMCTL32.dll
0x00007ff8909c0000 - 0x00007ff8909e2000 	C:\WINDOWS\System32\win32u.dll
0x00007ff890c70000 - 0x00007ff890d0e000 	C:\WINDOWS\System32\msvcrt.dll
0x00007ff891f80000 - 0x00007ff891fab000 	C:\WINDOWS\System32\GDI32.dll
0x00007ff8909f0000 - 0x00007ff890b07000 	C:\WINDOWS\System32\gdi32full.dll
0x00007ff8901c0000 - 0x00007ff89025d000 	C:\WINDOWS\System32\msvcp_win.dll
0x00007ff892960000 - 0x00007ff892992000 	C:\WINDOWS\System32\IMM32.DLL
0x00007ff86e450000 - 0x00007ff86e45c000 	C:\Program Files\Android\Android Studio\jbr\bin\vcruntime140_1.dll
0x00007ff855360000 - 0x00007ff8553ed000 	C:\Program Files\Android\Android Studio\jbr\bin\msvcp140.dll
0x00007fffe7610000 - 0x00007fffe8293000 	C:\Program Files\Android\Android Studio\jbr\bin\server\jvm.dll
0x00007ff8928b0000 - 0x00007ff892960000 	C:\WINDOWS\System32\ADVAPI32.dll
0x00007ff8915b0000 - 0x00007ff891650000 	C:\WINDOWS\System32\sechost.dll
0x00007ff890b40000 - 0x00007ff890c63000 	C:\WINDOWS\System32\RPCRT4.dll
0x00007ff890b10000 - 0x00007ff890b37000 	C:\WINDOWS\System32\bcrypt.dll
0x00007ff88f750000 - 0x00007ff88f79b000 	C:\WINDOWS\SYSTEM32\POWRPROF.dll
0x00007ff88a3a0000 - 0x00007ff88a3c7000 	C:\WINDOWS\SYSTEM32\WINMM.dll
0x00007ff85ed50000 - 0x00007ff85ed59000 	C:\WINDOWS\SYSTEM32\WSOCK32.dll
0x00007ff888d00000 - 0x00007ff888d0a000 	C:\WINDOWS\SYSTEM32\VERSION.dll
0x00007ff891ba0000 - 0x00007ff891c0b000 	C:\WINDOWS\System32\WS2_32.dll
0x00007ff88f5c0000 - 0x00007ff88f5d2000 	C:\WINDOWS\SYSTEM32\UMPDC.dll
0x00007ff88ea00000 - 0x00007ff88ea12000 	C:\WINDOWS\SYSTEM32\kernel.appcore.dll
0x00007ff867a30000 - 0x00007ff867a3a000 	C:\Program Files\Android\Android Studio\jbr\bin\jimage.dll
0x00007ff88e670000 - 0x00007ff88e854000 	C:\WINDOWS\SYSTEM32\DBGHELP.DLL
0x00007ff86a340000 - 0x00007ff86a374000 	C:\WINDOWS\SYSTEM32\dbgcore.DLL
0x00007ff890780000 - 0x00007ff890802000 	C:\WINDOWS\System32\bcryptPrimitives.dll
0x00007ff855330000 - 0x00007ff855355000 	C:\Program Files\Android\Android Studio\jbr\bin\java.dll

dbghelp: loaded successfully - version: 4.0.5 - missing functions: none
symbol engine: initialized successfully - sym options: 0x614 - pdb path: .;C:\Program Files\Android\Android Studio\jbr\bin;C:\WINDOWS\SYSTEM32;C:\WINDOWS\WinSxS\amd64_microsoft.windows.common-controls_6595b64144ccf1df_6.0.19041.3636_none_60b6a03d71f818d5;C:\Program Files\Android\Android Studio\jbr\bin\server

VM Arguments:
java_command: <unknown>
java_class_path (initial): <not set>
Launcher Type: SUN_STANDARD

[Global flags]
     intx CICompilerCount                          = 12                                        {product} {ergonomic}
     uint ConcGCThreads                            = 3                                         {product} {ergonomic}
     uint G1ConcRefinementThreads                  = 13                                        {product} {ergonomic}
   size_t G1HeapRegionSize                         = 4194304                                   {product} {ergonomic}
    uintx GCDrainStackTargetSize                   = 64                                        {product} {ergonomic}
   size_t InitialHeapSize                          = 536870912                                 {product} {ergonomic}
   size_t MarkStackSize                            = 4194304                                   {product} {ergonomic}
   size_t MaxHeapSize                              = 8564768768                                {product} {ergonomic}
   size_t MinHeapDeltaBytes                        = 4194304                                   {product} {ergonomic}
   size_t MinHeapSize                              = 8388608                                   {product} {ergonomic}
    uintx NonNMethodCodeHeapSize                   = 7602480                                {pd product} {ergonomic}
    uintx NonProfiledCodeHeapSize                  = 122027880                              {pd product} {ergonomic}
    uintx ProfiledCodeHeapSize                     = 122027880                              {pd product} {ergonomic}
    uintx ReservedCodeCacheSize                    = 251658240                              {pd product} {ergonomic}
     bool SegmentedCodeCache                       = true                                      {product} {ergonomic}
   size_t SoftMaxHeapSize                          = 8564768768                             {manageable} {ergonomic}
     bool UseCompressedClassPointers               = true                           {product lp64_product} {ergonomic}
     bool UseCompressedOops                        = true                           {product lp64_product} {ergonomic}
     bool UseG1GC                                  = true                                      {product} {ergonomic}
     bool UseLargePagesIndividualAllocation        = false                                  {pd product} {ergonomic}

Logging:
Log output configuration:
 #0: stdout all=warning uptime,level,tags
 #1: stderr all=off uptime,level,tags

Environment Variables:
JAVA_HOME=C:\Users\Adrian Estriel\AppData\Local\Programs\Eclipse Adoptium\jdk-17.0.9.9-hotspot\
PATH=C:\Program Files (x86)\Common Files\Oracle\Java\javapath;C:\WINDOWS\system32;C:\WINDOWS;C:\WINDOWS\System32\Wbem;C:\WINDOWS\System32\WindowsPowerShell\v1.0\;C:\WINDOWS\System32\OpenSSH\;C:\Program Files\nodejs\;C:\Program Files\Git\cmd;C:\Program Files (x86)\PDFtk\bin\;C:\Program Files\dotnet\;C:\Users\Adrian Estriel\AppData\Local\Programs\Python\Python310\;C:\Users\Adrian Estriel\AppData\Local\Programs\Python\Python310\Scripts\;C:\Program Files (x86)\NVIDIA Corporation\PhysX\Common;C:\Program Files\NVIDIA Corporation\NVIDIA NvDLISR;C:\Program Files\MATLAB\R2023b\bin;C:\Program Files\Microsoft SQL Server\150\Tools\Binn\;C:\Program Files\Microsoft SQL Server\Client SDK\ODBC\170\Tools\Binn\;C:\Program Files (x86)\Windows Kits\10\Windows Performance Toolkit\;C:\ProgramData\chocolatey\bin;C:\Users\Adrian Estriel\scoop\shims;C:\Users\Adrian Estriel\AppData\Local\Programs\Eclipse Adoptium\jdk-17.0.9.9-hotspot\bin;C:\FFmpeg\bin;C:\Users\Adrian Estriel\AppData\Local\Programs\Microsoft VS Code\bin;C:\Users\Adrian Estriel\.dotnet\tools;C:\Flutter Folder\flutter\bin;;C:\Flutter Folder\flutter\bin\mingit\cmd;C:\Flutter Folder\flutter\bin\mingit\cmd
USERNAME=Adrian Estriel
OS=Windows_NT
PROCESSOR_IDENTIFIER=AMD64 Family 25 Model 33 Stepping 0, AuthenticAMD
TMP=C:\Users\ADRIAN~1\AppData\Local\Temp
TEMP=C:\Users\ADRIAN~1\AppData\Local\Temp



Periodic native trim disabled

JNI global refs:
JNI global refs: 0, weak refs: 0

JNI global refs memory usage: 0, weak refs: 0

OOME stack traces (most recent first):
Classloader memory used:


---------------  S Y S T E M  ---------------

OS:
 Windows 10 , 64 bit Build 19041 (10.0.19041.3636)
OS uptime: 0 days 9:55 hours

CPU: total 16 (initial active 16) (16 cores per cpu, 2 threads per core) family 25 model 33 stepping 0 microcode 0x0, cx8, cmov, fxsr, ht, mmx, 3dnowpref, sse, sse2, sse3, ssse3, sse4a, sse4.1, sse4.2, popcnt, lzcnt, tsc, tscinvbit, avx, avx2, aes, erms, clmul, bmi1, bmi2, adx, sha, fma, vzeroupper, clflush, clflushopt
Processor Information for all 16 processors :
  Max Mhz: 3801, Current Mhz: 3801, Mhz Limit: 3801

Memory: 4k page, system-wide physical 32669M (12611M free)
TotalPageFile size 32669M (AvailPageFile size 22M)
current process WorkingSet (physical memory assigned to process): 11M, peak: 11M
current process commit charge ("private bytes"): 592M, peak: 600M

vm_info: OpenJDK 64-Bit Server VM (17.0.10+0--11572160) for windows-amd64 JRE (17.0.10+0--11572160), built on Mar 13 2024 23:56:38 by "androidbuild" with MS VC++ 16.10 / 16.11 (VS2019)

END.
