#
# There is insufficient memory for the Java Runtime Environment to continue.
# Native memory allocation (mmap) failed to map 65536 bytes for Failed to commit metaspace.
# Possible reasons:
#   The system is out of physical RAM or swap space
#   The process is running with CompressedOops enabled, and the Java Heap may be blocking the growth of the native heap
# Possible solutions:
#   Reduce memory load on the system
#   Increase physical memory or swap space
#   Check if swap backing store is full
#   Decrease Java heap size (-Xmx/-Xms)
#   Decrease number of Java threads
#   Decrease Java thread stack sizes (-Xss)
#   Set larger code cache with -XX:ReservedCodeCacheSize=
#   JVM is running with Zero Based Compressed Oops mode in which the Java heap is
#     placed in the first 32GB address space. The Java Heap base address is the
#     maximum limit for the native heap growth. Please use -XX:HeapBaseMinAddress
#     to set the Java Heap base and to place the Java Heap above 32GB virtual address.
# This output file may be truncated or incomplete.
#
#  Out of Memory Error (virtualSpaceNode.cpp:110), pid=23936, tid=28364
#
# JRE version: OpenJDK Runtime Environment (17.0.10) (build 17.0.10+0--11572160)
# Java VM: OpenJDK 64-Bit Server VM (17.0.10+0--11572160, mixed mode, tiered, compressed oops, compressed class ptrs, g1 gc, windows-amd64)
# No core dump will be written. Minidumps are not enabled by default on client versions of Windows
#

---------------  S U M M A R Y ------------

Command Line: -Dorg.gradle.appname=gradlew org.gradle.wrapper.GradleWrapperMain -q -Ptarget-platform=android-x64 -Ptarget=C:\VirtualSole_App\virtualsole\lib\main.dart -Pbase-application-name=android.app.Application -Pdart-defines=RkxVVFRFUl9XRUJfQVVUT19ERVRFQ1Q9dHJ1ZQ==,RkxVVFRFUl9XRUJfQ0FOVkFTS0lUX1VSTD1odHRwczovL3d3dy5nc3RhdGljLmNvbS9mbHV0dGVyLWNhbnZhc2tpdC9jNGNkNDhlMTg2NDYwYjMyZDQ0NTg1Y2UzYzEwMzI3MWFiNjc2MzU1Lw== -Pdart-obfuscation=false -Ptrack-widget-creation=true -Ptree-shake-icons=false -Pfilesystem-scheme=org-dartlang-root assembleDebug

Host: AMD Ryzen 7 5800X 8-Core Processor             , 16 cores, 31G,  Windows 10 , 64 bit Build 19041 (10.0.19041.3636)
Time: Tue May  7 20:53:53 2024 China Standard Time elapsed time: 0.105118 seconds (0d 0h 0m 0s)

---------------  T H R E A D  ---------------

Current thread (0x000002402b1b2fa0):  JavaThread "main" [_thread_in_vm, id=28364, stack(0x0000006bd7600000,0x0000006bd7700000)]

Stack: [0x0000006bd7600000,0x0000006bd7700000]
Native frames: (J=compiled Java code, j=interpreted, Vv=VM code, C=native code)
V  [jvm.dll+0x688e89]
V  [jvm.dll+0x84247a]
V  [jvm.dll+0x8440be]
V  [jvm.dll+0x844723]
V  [jvm.dll+0x24be0f]
V  [jvm.dll+0x83d45b]
V  [jvm.dll+0x62d4a6]
V  [jvm.dll+0x62d50a]
V  [jvm.dll+0x62fd3a]
V  [jvm.dll+0x62de46]
V  [jvm.dll+0x240ee0]
V  [jvm.dll+0x1ef4fb]
V  [jvm.dll+0x1e4e1c]
V  [jvm.dll+0x54dd1c]
V  [jvm.dll+0x1f59bb]
V  [jvm.dll+0x7bac1b]
V  [jvm.dll+0x7bc08c]
V  [jvm.dll+0x7bc3d8]
V  [jvm.dll+0x24386e]
V  [jvm.dll+0x243abf]
V  [jvm.dll+0x56bf33]
V  [jvm.dll+0x56e464]
V  [jvm.dll+0x38ba9b]
V  [jvm.dll+0x38b552]
C  0x0000024035af89d5

The last pc belongs to getstatic (printed below).
Java frames: (J=compiled Java code, j=interpreted, Vv=VM code)
j  java.nio.file.FileSystems.getDefault()Ljava/nio/file/FileSystem;+6 java.base@17.0.10
j  java.nio.file.Path.of(Ljava/lang/String;[Ljava/lang/String;)Ljava/nio/file/Path;+0 java.base@17.0.10
j  java.nio.file.Paths.get(Ljava/lang/String;[Ljava/lang/String;)Ljava/nio/file/Path;+2 java.base@17.0.10
j  jdk.internal.jimage.ImageReaderFactory.<clinit>()V+25 java.base@17.0.10
v  ~StubRoutines::call_stub
j  jdk.internal.module.SystemModuleFinders$SystemImage.<clinit>()V+0 java.base@17.0.10
v  ~StubRoutines::call_stub
j  jdk.internal.module.SystemModuleFinders$SystemModuleReader.containsImageLocation(Ljava/lang/String;)Z+22 java.base@17.0.10
j  jdk.internal.module.SystemModuleFinders$SystemModuleReader.find(Ljava/lang/String;)Ljava/util/Optional;+2 java.base@17.0.10
j  jdk.internal.loader.BuiltinClassLoader$2.run()Ljava/util/List;+51 java.base@17.0.10
j  jdk.internal.loader.BuiltinClassLoader$2.run()Ljava/lang/Object;+1 java.base@17.0.10
j  java.security.AccessController.executePrivileged(Ljava/security/PrivilegedExceptionAction;Ljava/security/AccessControlContext;Ljava/lang/Class;)Ljava/lang/Object;+29 java.base@17.0.10
j  java.security.AccessController.doPrivileged(Ljava/security/PrivilegedExceptionAction;)Ljava/lang/Object;+9 java.base@17.0.10
j  jdk.internal.loader.BuiltinClassLoader.findMiscResource(Ljava/lang/String;)Ljava/util/List;+83 java.base@17.0.10
j  jdk.internal.loader.BuiltinClassLoader.findResource(Ljava/lang/String;)Ljava/net/URL;+95 java.base@17.0.10
j  jdk.internal.loader.BootLoader.findResource(Ljava/lang/String;)Ljava/net/URL;+4 java.base@17.0.10
j  java.lang.ClassLoader.getResource(Ljava/lang/String;)Ljava/net/URL;+25 java.base@17.0.10
j  java.lang.ClassLoader.getResource(Ljava/lang/String;)Ljava/net/URL;+17 java.base@17.0.10
j  java.lang.ClassLoader.getResourceAsStream(Ljava/lang/String;)Ljava/io/InputStream;+7 java.base@17.0.10
j  java.lang.Class.getResourceAsStream(Ljava/lang/String;)Ljava/io/InputStream;+123 java.base@17.0.10
j  org.gradle.wrapper.GradleWrapperMain.wrapperVersion()Ljava/lang/String;+5
j  org.gradle.wrapper.GradleWrapperMain.main([Ljava/lang/String;)V+165
v  ~StubRoutines::call_stub
getstatic  178 getstatic  [0x0000024035af8920, 0x0000024035af8b20]  512 bytes
[MachCode]
  0x0000024035af8920: 4883 ec08 | c5fa 1104 | 24eb 1f48 | 83ec 10c5 | fb11 0424 | eb14 4883 | ec10 4889 | 0424 48c7 
  0x0000024035af8940: 4424 0800 | 0000 00eb | 0150 410f | b755 0148 | 8b4d d0c1 | e202 8b5c | d120 c1eb | 1081 e3ff 
  0x0000024035af8960: 0000 0081 | fbb2 0000 | 000f 84b6 | 0000 00bb | b200 0000 | e805 0000 | 00e9 9b00 | 0000 488b 
  0x0000024035af8980: d348 8d44 | 2408 4c89 | 6dc0 498b | cfc5 f877 | 4989 afa8 | 0200 0049 | 8987 9802 | 0000 4883 
  0x0000024035af89a0: ec20 f7c4 | 0f00 0000 | 0f84 1a00 | 0000 4883 | ec08 49ba | f0b4 bc27 | f87f 0000 | 41ff d248 
  0x0000024035af89c0: 83c4 08e9 | 0d00 0000 | 49ba f0b4 | bc27 f87f | 0000 41ff | d248 83c4 | 2049 c787 | 9802 0000 
  0x0000024035af89e0: 0000 0000 | 49c7 87a8 | 0200 0000 | 0000 0049 | c787 a002 | 0000 0000 | 0000 c5f8 | 7749 817f 
  0x0000024035af8a00: 0800 0000 | 000f 8405 | 0000 00e9 | f084 feff | 4c8b 6dc0 | 4c8b 75c8 | c341 0fb7 | 5501 488b 
  0x0000024035af8a20: 4dd0 c1e2 | 0248 8b5c | d130 8b44 | d138 4c8b | 4cd1 284d | 8b49 704d | 8b09 c1e8 | 1c83 e00f 
  0x0000024035af8a40: 0f85 0b00 | 0000 410f | be04 1950 | e9b5 0000 | 0083 f801 | 0f85 0b00 | 0000 410f | b604 1950 
  0x0000024035af8a60: e9a1 0000 | 0083 f808 | 0f85 0e00 | 0000 418b | 0419 48c1 | e003 50e9 | 8a00 0000 | 83f8 040f 
  0x0000024035af8a80: 850a 0000 | 0041 8b04 | 1950 e977 | 0000 0083 | f802 0f85 | 0b00 0000 | 410f b704 | 1950 e963 
  0x0000024035af8aa0: 0000 0083 | f803 0f85 | 0b00 0000 | 410f bf04 | 1950 e94f | 0000 0083 | f805 0f85 | 1a00 0000 
  0x0000024035af8ac0: 498b 0419 | 4883 ec10 | 4889 0424 | 48c7 4424 | 0800 0000 | 00e9 2c00 | 0000 83f8 | 060f 8514 
  0x0000024035af8ae0: 0000 00c4 | c17a 1004 | 1948 83ec | 08c5 fa11 | 0424 e90f | 0000 00c4 | c17b 1004 | 1948 83ec 
  0x0000024035af8b00: 10c5 fb11 | 0424 410f | b65d 0349 | 83c5 0349 | ba80 ae3f | 28f8 7f00 | 0041 ff24 | da66 6690 
[/MachCode]

---------------  P R O C E S S  ---------------

Threads class SMR info:
_java_thread_list=0x00000240540a6780, length=14, elements={
0x000002402b1b2fa0, 0x0000024053ecb170, 0x0000024053ecf410, 0x0000024053ee35c0,
0x0000024053ee5bb0, 0x0000024053ee6090, 0x0000024053f747c0, 0x0000024053f74fd0,
0x0000024053f24c40, 0x0000024053f48ee0, 0x00000240540b3540, 0x00000240540b7a80,
0x00000240540d5fe0, 0x00000240540ea020
}

Java Threads: ( => current thread )
=>0x000002402b1b2fa0 JavaThread "main" [_thread_in_vm, id=28364, stack(0x0000006bd7600000,0x0000006bd7700000)]
  0x0000024053ecb170 JavaThread "Reference Handler" daemon [_thread_blocked, id=27324, stack(0x0000006bd7d00000,0x0000006bd7e00000)]
  0x0000024053ecf410 JavaThread "Finalizer" daemon [_thread_blocked, id=29772, stack(0x0000006bd7e00000,0x0000006bd7f00000)]
  0x0000024053ee35c0 JavaThread "Signal Dispatcher" daemon [_thread_blocked, id=31684, stack(0x0000006bd7f00000,0x0000006bd8000000)]
  0x0000024053ee5bb0 JavaThread "Attach Listener" daemon [_thread_blocked, id=16004, stack(0x0000006bd8000000,0x0000006bd8100000)]
  0x0000024053ee6090 JavaThread "Service Thread" daemon [_thread_blocked, id=7916, stack(0x0000006bd8100000,0x0000006bd8200000)]
  0x0000024053f747c0 JavaThread "Monitor Deflation Thread" daemon [_thread_blocked, id=30352, stack(0x0000006bd8200000,0x0000006bd8300000)]
  0x0000024053f74fd0 JavaThread "C2 CompilerThread0" daemon [_thread_blocked, id=16812, stack(0x0000006bd8300000,0x0000006bd8400000)]
  0x0000024053f24c40 JavaThread "C1 CompilerThread0" daemon [_thread_blocked, id=25148, stack(0x0000006bd8400000,0x0000006bd8500000)]
  0x0000024053f48ee0 JavaThread "Sweeper thread" daemon [_thread_blocked, id=30184, stack(0x0000006bd8500000,0x0000006bd8600000)]
  0x00000240540b3540 JavaThread "C1 CompilerThread1" daemon [_thread_blocked, id=32384, stack(0x0000006bd8600000,0x0000006bd8700000)]
  0x00000240540b7a80 JavaThread "C1 CompilerThread2" daemon [_thread_blocked, id=9156, stack(0x0000006bd8700000,0x0000006bd8800000)]
  0x00000240540d5fe0 JavaThread "Notification Thread" daemon [_thread_blocked, id=30952, stack(0x0000006bd8800000,0x0000006bd8900000)]
  0x00000240540ea020 JavaThread "Common-Cleaner" daemon [_thread_blocked, id=27008, stack(0x0000006bd8a00000,0x0000006bd8b00000)]

Other Threads:
  0x0000024053ec89d0 VMThread "VM Thread" [stack: 0x0000006bd7c00000,0x0000006bd7d00000] [id=25672]
  0x0000024054032f10 WatcherThread [stack: 0x0000006bd8900000,0x0000006bd8a00000] [id=26496]
  0x000002402b25ff90 GCTaskThread "GC Thread#0" [stack: 0x0000006bd7700000,0x0000006bd7800000] [id=6196]
  0x0000024050e54060 ConcurrentGCThread "G1 Main Marker" [stack: 0x0000006bd7800000,0x0000006bd7900000] [id=25736]
  0x000002402b26ceb0 ConcurrentGCThread "G1 Conc#0" [stack: 0x0000006bd7900000,0x0000006bd7a00000] [id=24292]
  0x0000024050f40920 ConcurrentGCThread "G1 Refine#0" [stack: 0x0000006bd7a00000,0x0000006bd7b00000] [id=13628]
  0x0000024050f40e70 ConcurrentGCThread "G1 Service" [stack: 0x0000006bd7b00000,0x0000006bd7c00000] [id=30704]

Threads with active compile tasks:

VM state: not at safepoint (normal execution)

VM Mutex/Monitor currently owned by a thread:  ([mutex/lock_event])
[0x000002402b1adaa0] Metaspace_lock - owner thread: 0x000002402b1b2fa0

Heap address: 0x0000000601800000, size: 8168 MB, Compressed Oops mode: Zero based, Oop shift amount: 3

CDS archive(s) not mapped
Compressed class space mapped at: 0x0000000800000000-0x0000000840000000, reserved size: 1073741824
Narrow klass base: 0x0000000800000000, Narrow klass shift: 0, Narrow klass range: 0x40000000

GC Precious Log:
 CPUs: 16 total, 16 available
 Memory: 32669M
 Large Page Support: Disabled
 NUMA Support: Disabled
 Compressed Oops: Enabled (Zero based)
 Heap Region Size: 4M
 Heap Min Capacity: 8M
 Heap Initial Capacity: 512M
 Heap Max Capacity: 8168M
 Pre-touch: Disabled
 Parallel Workers: 13
 Concurrent Workers: 3
 Concurrent Refinement Workers: 13
 Periodic GC: Disabled

Heap:
 garbage-first heap   total 524288K, used 0K [0x0000000601800000, 0x0000000800000000)
  region size 4096K, 1 young (4096K), 0 survivors (0K)
 Metaspace       used 6414K, committed 6528K, reserved 1114112K
  class space    used 549K, committed 640K, reserved 1048576K

Heap Regions: E=young(eden), S=young(survivor), O=old, HS=humongous(starts), HC=humongous(continues), CS=collection set, F=free, OA=open archive, CA=closed archive, TAMS=top-at-mark-start (previous, next)
|   0|0x0000000601800000, 0x0000000601800000, 0x0000000601c00000|  0%| F|  |TAMS 0x0000000601800000, 0x0000000601800000| Untracked 
|   1|0x0000000601c00000, 0x0000000601c00000, 0x0000000602000000|  0%| F|  |TAMS 0x0000000601c00000, 0x0000000601c00000| Untracked 
|   2|0x0000000602000000, 0x0000000602000000, 0x0000000602400000|  0%| F|  |TAMS 0x0000000602000000, 0x0000000602000000| Untracked 
|   3|0x0000000602400000, 0x0000000602400000, 0x0000000602800000|  0%| F|  |TAMS 0x0000000602400000, 0x0000000602400000| Untracked 
|   4|0x0000000602800000, 0x0000000602800000, 0x0000000602c00000|  0%| F|  |TAMS 0x0000000602800000, 0x0000000602800000| Untracked 
|   5|0x0000000602c00000, 0x0000000602c00000, 0x0000000603000000|  0%| F|  |TAMS 0x0000000602c00000, 0x0000000602c00000| Untracked 
|   6|0x0000000603000000, 0x0000000603000000, 0x0000000603400000|  0%| F|  |TAMS 0x0000000603000000, 0x0000000603000000| Untracked 
|   7|0x0000000603400000, 0x0000000603400000, 0x0000000603800000|  0%| F|  |TAMS 0x0000000603400000, 0x0000000603400000| Untracked 
|   8|0x0000000603800000, 0x0000000603800000, 0x0000000603c00000|  0%| F|  |TAMS 0x0000000603800000, 0x0000000603800000| Untracked 
|   9|0x0000000603c00000, 0x0000000603c00000, 0x0000000604000000|  0%| F|  |TAMS 0x0000000603c00000, 0x0000000603c00000| Untracked 
|  10|0x0000000604000000, 0x0000000604000000, 0x0000000604400000|  0%| F|  |TAMS 0x0000000604000000, 0x0000000604000000| Untracked 
|  11|0x0000000604400000, 0x0000000604400000, 0x0000000604800000|  0%| F|  |TAMS 0x0000000604400000, 0x0000000604400000| Untracked 
|  12|0x0000000604800000, 0x0000000604800000, 0x0000000604c00000|  0%| F|  |TAMS 0x0000000604800000, 0x0000000604800000| Untracked 
|  13|0x0000000604c00000, 0x0000000604c00000, 0x0000000605000000|  0%| F|  |TAMS 0x0000000604c00000, 0x0000000604c00000| Untracked 
|  14|0x0000000605000000, 0x0000000605000000, 0x0000000605400000|  0%| F|  |TAMS 0x0000000605000000, 0x0000000605000000| Untracked 
|  15|0x0000000605400000, 0x0000000605400000, 0x0000000605800000|  0%| F|  |TAMS 0x0000000605400000, 0x0000000605400000| Untracked 
|  16|0x0000000605800000, 0x0000000605800000, 0x0000000605c00000|  0%| F|  |TAMS 0x0000000605800000, 0x0000000605800000| Untracked 
|  17|0x0000000605c00000, 0x0000000605c00000, 0x0000000606000000|  0%| F|  |TAMS 0x0000000605c00000, 0x0000000605c00000| Untracked 
|  18|0x0000000606000000, 0x0000000606000000, 0x0000000606400000|  0%| F|  |TAMS 0x0000000606000000, 0x0000000606000000| Untracked 
|  19|0x0000000606400000, 0x0000000606400000, 0x0000000606800000|  0%| F|  |TAMS 0x0000000606400000, 0x0000000606400000| Untracked 
|  20|0x0000000606800000, 0x0000000606800000, 0x0000000606c00000|  0%| F|  |TAMS 0x0000000606800000, 0x0000000606800000| Untracked 
|  21|0x0000000606c00000, 0x0000000606c00000, 0x0000000607000000|  0%| F|  |TAMS 0x0000000606c00000, 0x0000000606c00000| Untracked 
|  22|0x0000000607000000, 0x0000000607000000, 0x0000000607400000|  0%| F|  |TAMS 0x0000000607000000, 0x0000000607000000| Untracked 
|  23|0x0000000607400000, 0x0000000607400000, 0x0000000607800000|  0%| F|  |TAMS 0x0000000607400000, 0x0000000607400000| Untracked 
|  24|0x0000000607800000, 0x0000000607800000, 0x0000000607c00000|  0%| F|  |TAMS 0x0000000607800000, 0x0000000607800000| Untracked 
|  25|0x0000000607c00000, 0x0000000607c00000, 0x0000000608000000|  0%| F|  |TAMS 0x0000000607c00000, 0x0000000607c00000| Untracked 
|  26|0x0000000608000000, 0x0000000608000000, 0x0000000608400000|  0%| F|  |TAMS 0x0000000608000000, 0x0000000608000000| Untracked 
|  27|0x0000000608400000, 0x0000000608400000, 0x0000000608800000|  0%| F|  |TAMS 0x0000000608400000, 0x0000000608400000| Untracked 
|  28|0x0000000608800000, 0x0000000608800000, 0x0000000608c00000|  0%| F|  |TAMS 0x0000000608800000, 0x0000000608800000| Untracked 
|  29|0x0000000608c00000, 0x0000000608c00000, 0x0000000609000000|  0%| F|  |TAMS 0x0000000608c00000, 0x0000000608c00000| Untracked 
|  30|0x0000000609000000, 0x0000000609000000, 0x0000000609400000|  0%| F|  |TAMS 0x0000000609000000, 0x0000000609000000| Untracked 
|  31|0x0000000609400000, 0x0000000609400000, 0x0000000609800000|  0%| F|  |TAMS 0x0000000609400000, 0x0000000609400000| Untracked 
|  32|0x0000000609800000, 0x0000000609800000, 0x0000000609c00000|  0%| F|  |TAMS 0x0000000609800000, 0x0000000609800000| Untracked 
|  33|0x0000000609c00000, 0x0000000609c00000, 0x000000060a000000|  0%| F|  |TAMS 0x0000000609c00000, 0x0000000609c00000| Untracked 
|  34|0x000000060a000000, 0x000000060a000000, 0x000000060a400000|  0%| F|  |TAMS 0x000000060a000000, 0x000000060a000000| Untracked 
|  35|0x000000060a400000, 0x000000060a400000, 0x000000060a800000|  0%| F|  |TAMS 0x000000060a400000, 0x000000060a400000| Untracked 
|  36|0x000000060a800000, 0x000000060a800000, 0x000000060ac00000|  0%| F|  |TAMS 0x000000060a800000, 0x000000060a800000| Untracked 
|  37|0x000000060ac00000, 0x000000060ac00000, 0x000000060b000000|  0%| F|  |TAMS 0x000000060ac00000, 0x000000060ac00000| Untracked 
|  38|0x000000060b000000, 0x000000060b000000, 0x000000060b400000|  0%| F|  |TAMS 0x000000060b000000, 0x000000060b000000| Untracked 
|  39|0x000000060b400000, 0x000000060b400000, 0x000000060b800000|  0%| F|  |TAMS 0x000000060b400000, 0x000000060b400000| Untracked 
|  40|0x000000060b800000, 0x000000060b800000, 0x000000060bc00000|  0%| F|  |TAMS 0x000000060b800000, 0x000000060b800000| Untracked 
|  41|0x000000060bc00000, 0x000000060bc00000, 0x000000060c000000|  0%| F|  |TAMS 0x000000060bc00000, 0x000000060bc00000| Untracked 
|  42|0x000000060c000000, 0x000000060c000000, 0x000000060c400000|  0%| F|  |TAMS 0x000000060c000000, 0x000000060c000000| Untracked 
|  43|0x000000060c400000, 0x000000060c400000, 0x000000060c800000|  0%| F|  |TAMS 0x000000060c400000, 0x000000060c400000| Untracked 
|  44|0x000000060c800000, 0x000000060c800000, 0x000000060cc00000|  0%| F|  |TAMS 0x000000060c800000, 0x000000060c800000| Untracked 
|  45|0x000000060cc00000, 0x000000060cc00000, 0x000000060d000000|  0%| F|  |TAMS 0x000000060cc00000, 0x000000060cc00000| Untracked 
|  46|0x000000060d000000, 0x000000060d000000, 0x000000060d400000|  0%| F|  |TAMS 0x000000060d000000, 0x000000060d000000| Untracked 
|  47|0x000000060d400000, 0x000000060d400000, 0x000000060d800000|  0%| F|  |TAMS 0x000000060d400000, 0x000000060d400000| Untracked 
|  48|0x000000060d800000, 0x000000060d800000, 0x000000060dc00000|  0%| F|  |TAMS 0x000000060d800000, 0x000000060d800000| Untracked 
|  49|0x000000060dc00000, 0x000000060dc00000, 0x000000060e000000|  0%| F|  |TAMS 0x000000060dc00000, 0x000000060dc00000| Untracked 
|  50|0x000000060e000000, 0x000000060e000000, 0x000000060e400000|  0%| F|  |TAMS 0x000000060e000000, 0x000000060e000000| Untracked 
|  51|0x000000060e400000, 0x000000060e400000, 0x000000060e800000|  0%| F|  |TAMS 0x000000060e400000, 0x000000060e400000| Untracked 
|  52|0x000000060e800000, 0x000000060e800000, 0x000000060ec00000|  0%| F|  |TAMS 0x000000060e800000, 0x000000060e800000| Untracked 
|  53|0x000000060ec00000, 0x000000060ec00000, 0x000000060f000000|  0%| F|  |TAMS 0x000000060ec00000, 0x000000060ec00000| Untracked 
|  54|0x000000060f000000, 0x000000060f000000, 0x000000060f400000|  0%| F|  |TAMS 0x000000060f000000, 0x000000060f000000| Untracked 
|  55|0x000000060f400000, 0x000000060f400000, 0x000000060f800000|  0%| F|  |TAMS 0x000000060f400000, 0x000000060f400000| Untracked 
|  56|0x000000060f800000, 0x000000060f800000, 0x000000060fc00000|  0%| F|  |TAMS 0x000000060f800000, 0x000000060f800000| Untracked 
|  57|0x000000060fc00000, 0x000000060fc00000, 0x0000000610000000|  0%| F|  |TAMS 0x000000060fc00000, 0x000000060fc00000| Untracked 
|  58|0x0000000610000000, 0x0000000610000000, 0x0000000610400000|  0%| F|  |TAMS 0x0000000610000000, 0x0000000610000000| Untracked 
|  59|0x0000000610400000, 0x0000000610400000, 0x0000000610800000|  0%| F|  |TAMS 0x0000000610400000, 0x0000000610400000| Untracked 
|  60|0x0000000610800000, 0x0000000610800000, 0x0000000610c00000|  0%| F|  |TAMS 0x0000000610800000, 0x0000000610800000| Untracked 
|  61|0x0000000610c00000, 0x0000000610c00000, 0x0000000611000000|  0%| F|  |TAMS 0x0000000610c00000, 0x0000000610c00000| Untracked 
|  62|0x0000000611000000, 0x0000000611000000, 0x0000000611400000|  0%| F|  |TAMS 0x0000000611000000, 0x0000000611000000| Untracked 
|  63|0x0000000611400000, 0x0000000611400000, 0x0000000611800000|  0%| F|  |TAMS 0x0000000611400000, 0x0000000611400000| Untracked 
|  64|0x0000000611800000, 0x0000000611800000, 0x0000000611c00000|  0%| F|  |TAMS 0x0000000611800000, 0x0000000611800000| Untracked 
|  65|0x0000000611c00000, 0x0000000611c00000, 0x0000000612000000|  0%| F|  |TAMS 0x0000000611c00000, 0x0000000611c00000| Untracked 
|  66|0x0000000612000000, 0x0000000612000000, 0x0000000612400000|  0%| F|  |TAMS 0x0000000612000000, 0x0000000612000000| Untracked 
|  67|0x0000000612400000, 0x0000000612400000, 0x0000000612800000|  0%| F|  |TAMS 0x0000000612400000, 0x0000000612400000| Untracked 
|  68|0x0000000612800000, 0x0000000612800000, 0x0000000612c00000|  0%| F|  |TAMS 0x0000000612800000, 0x0000000612800000| Untracked 
|  69|0x0000000612c00000, 0x0000000612c00000, 0x0000000613000000|  0%| F|  |TAMS 0x0000000612c00000, 0x0000000612c00000| Untracked 
|  70|0x0000000613000000, 0x0000000613000000, 0x0000000613400000|  0%| F|  |TAMS 0x0000000613000000, 0x0000000613000000| Untracked 
|  71|0x0000000613400000, 0x0000000613400000, 0x0000000613800000|  0%| F|  |TAMS 0x0000000613400000, 0x0000000613400000| Untracked 
|  72|0x0000000613800000, 0x0000000613800000, 0x0000000613c00000|  0%| F|  |TAMS 0x0000000613800000, 0x0000000613800000| Untracked 
|  73|0x0000000613c00000, 0x0000000613c00000, 0x0000000614000000|  0%| F|  |TAMS 0x0000000613c00000, 0x0000000613c00000| Untracked 
|  74|0x0000000614000000, 0x0000000614000000, 0x0000000614400000|  0%| F|  |TAMS 0x0000000614000000, 0x0000000614000000| Untracked 
|  75|0x0000000614400000, 0x0000000614400000, 0x0000000614800000|  0%| F|  |TAMS 0x0000000614400000, 0x0000000614400000| Untracked 
|  76|0x0000000614800000, 0x0000000614800000, 0x0000000614c00000|  0%| F|  |TAMS 0x0000000614800000, 0x0000000614800000| Untracked 
|  77|0x0000000614c00000, 0x0000000614c00000, 0x0000000615000000|  0%| F|  |TAMS 0x0000000614c00000, 0x0000000614c00000| Untracked 
|  78|0x0000000615000000, 0x0000000615000000, 0x0000000615400000|  0%| F|  |TAMS 0x0000000615000000, 0x0000000615000000| Untracked 
|  79|0x0000000615400000, 0x0000000615400000, 0x0000000615800000|  0%| F|  |TAMS 0x0000000615400000, 0x0000000615400000| Untracked 
|  80|0x0000000615800000, 0x0000000615800000, 0x0000000615c00000|  0%| F|  |TAMS 0x0000000615800000, 0x0000000615800000| Untracked 
|  81|0x0000000615c00000, 0x0000000615c00000, 0x0000000616000000|  0%| F|  |TAMS 0x0000000615c00000, 0x0000000615c00000| Untracked 
|  82|0x0000000616000000, 0x0000000616000000, 0x0000000616400000|  0%| F|  |TAMS 0x0000000616000000, 0x0000000616000000| Untracked 
|  83|0x0000000616400000, 0x0000000616400000, 0x0000000616800000|  0%| F|  |TAMS 0x0000000616400000, 0x0000000616400000| Untracked 
|  84|0x0000000616800000, 0x0000000616800000, 0x0000000616c00000|  0%| F|  |TAMS 0x0000000616800000, 0x0000000616800000| Untracked 
|  85|0x0000000616c00000, 0x0000000616c00000, 0x0000000617000000|  0%| F|  |TAMS 0x0000000616c00000, 0x0000000616c00000| Untracked 
|  86|0x0000000617000000, 0x0000000617000000, 0x0000000617400000|  0%| F|  |TAMS 0x0000000617000000, 0x0000000617000000| Untracked 
|  87|0x0000000617400000, 0x0000000617400000, 0x0000000617800000|  0%| F|  |TAMS 0x0000000617400000, 0x0000000617400000| Untracked 
|  88|0x0000000617800000, 0x0000000617800000, 0x0000000617c00000|  0%| F|  |TAMS 0x0000000617800000, 0x0000000617800000| Untracked 
|  89|0x0000000617c00000, 0x0000000617c00000, 0x0000000618000000|  0%| F|  |TAMS 0x0000000617c00000, 0x0000000617c00000| Untracked 
|  90|0x0000000618000000, 0x0000000618000000, 0x0000000618400000|  0%| F|  |TAMS 0x0000000618000000, 0x0000000618000000| Untracked 
|  91|0x0000000618400000, 0x0000000618400000, 0x0000000618800000|  0%| F|  |TAMS 0x0000000618400000, 0x0000000618400000| Untracked 
|  92|0x0000000618800000, 0x0000000618800000, 0x0000000618c00000|  0%| F|  |TAMS 0x0000000618800000, 0x0000000618800000| Untracked 
|  93|0x0000000618c00000, 0x0000000618c00000, 0x0000000619000000|  0%| F|  |TAMS 0x0000000618c00000, 0x0000000618c00000| Untracked 
|  94|0x0000000619000000, 0x0000000619000000, 0x0000000619400000|  0%| F|  |TAMS 0x0000000619000000, 0x0000000619000000| Untracked 
|  95|0x0000000619400000, 0x0000000619400000, 0x0000000619800000|  0%| F|  |TAMS 0x0000000619400000, 0x0000000619400000| Untracked 
|  96|0x0000000619800000, 0x0000000619800000, 0x0000000619c00000|  0%| F|  |TAMS 0x0000000619800000, 0x0000000619800000| Untracked 
|  97|0x0000000619c00000, 0x0000000619c00000, 0x000000061a000000|  0%| F|  |TAMS 0x0000000619c00000, 0x0000000619c00000| Untracked 
|  98|0x000000061a000000, 0x000000061a000000, 0x000000061a400000|  0%| F|  |TAMS 0x000000061a000000, 0x000000061a000000| Untracked 
|  99|0x000000061a400000, 0x000000061a400000, 0x000000061a800000|  0%| F|  |TAMS 0x000000061a400000, 0x000000061a400000| Untracked 
| 100|0x000000061a800000, 0x000000061a800000, 0x000000061ac00000|  0%| F|  |TAMS 0x000000061a800000, 0x000000061a800000| Untracked 
| 101|0x000000061ac00000, 0x000000061ac00000, 0x000000061b000000|  0%| F|  |TAMS 0x000000061ac00000, 0x000000061ac00000| Untracked 
| 102|0x000000061b000000, 0x000000061b000000, 0x000000061b400000|  0%| F|  |TAMS 0x000000061b000000, 0x000000061b000000| Untracked 
| 103|0x000000061b400000, 0x000000061b400000, 0x000000061b800000|  0%| F|  |TAMS 0x000000061b400000, 0x000000061b400000| Untracked 
| 104|0x000000061b800000, 0x000000061b800000, 0x000000061bc00000|  0%| F|  |TAMS 0x000000061b800000, 0x000000061b800000| Untracked 
| 105|0x000000061bc00000, 0x000000061bc00000, 0x000000061c000000|  0%| F|  |TAMS 0x000000061bc00000, 0x000000061bc00000| Untracked 
| 106|0x000000061c000000, 0x000000061c000000, 0x000000061c400000|  0%| F|  |TAMS 0x000000061c000000, 0x000000061c000000| Untracked 
| 107|0x000000061c400000, 0x000000061c400000, 0x000000061c800000|  0%| F|  |TAMS 0x000000061c400000, 0x000000061c400000| Untracked 
| 108|0x000000061c800000, 0x000000061c800000, 0x000000061cc00000|  0%| F|  |TAMS 0x000000061c800000, 0x000000061c800000| Untracked 
| 109|0x000000061cc00000, 0x000000061cc00000, 0x000000061d000000|  0%| F|  |TAMS 0x000000061cc00000, 0x000000061cc00000| Untracked 
| 110|0x000000061d000000, 0x000000061d000000, 0x000000061d400000|  0%| F|  |TAMS 0x000000061d000000, 0x000000061d000000| Untracked 
| 111|0x000000061d400000, 0x000000061d400000, 0x000000061d800000|  0%| F|  |TAMS 0x000000061d400000, 0x000000061d400000| Untracked 
| 112|0x000000061d800000, 0x000000061d800000, 0x000000061dc00000|  0%| F|  |TAMS 0x000000061d800000, 0x000000061d800000| Untracked 
| 113|0x000000061dc00000, 0x000000061dc00000, 0x000000061e000000|  0%| F|  |TAMS 0x000000061dc00000, 0x000000061dc00000| Untracked 
| 114|0x000000061e000000, 0x000000061e000000, 0x000000061e400000|  0%| F|  |TAMS 0x000000061e000000, 0x000000061e000000| Untracked 
| 115|0x000000061e400000, 0x000000061e400000, 0x000000061e800000|  0%| F|  |TAMS 0x000000061e400000, 0x000000061e400000| Untracked 
| 116|0x000000061e800000, 0x000000061e800000, 0x000000061ec00000|  0%| F|  |TAMS 0x000000061e800000, 0x000000061e800000| Untracked 
| 117|0x000000061ec00000, 0x000000061ec00000, 0x000000061f000000|  0%| F|  |TAMS 0x000000061ec00000, 0x000000061ec00000| Untracked 
| 118|0x000000061f000000, 0x000000061f000000, 0x000000061f400000|  0%| F|  |TAMS 0x000000061f000000, 0x000000061f000000| Untracked 
| 119|0x000000061f400000, 0x000000061f400000, 0x000000061f800000|  0%| F|  |TAMS 0x000000061f400000, 0x000000061f400000| Untracked 
| 120|0x000000061f800000, 0x000000061f800000, 0x000000061fc00000|  0%| F|  |TAMS 0x000000061f800000, 0x000000061f800000| Untracked 
| 121|0x000000061fc00000, 0x000000061fc00000, 0x0000000620000000|  0%| F|  |TAMS 0x000000061fc00000, 0x000000061fc00000| Untracked 
| 122|0x0000000620000000, 0x0000000620000000, 0x0000000620400000|  0%| F|  |TAMS 0x0000000620000000, 0x0000000620000000| Untracked 
| 123|0x0000000620400000, 0x0000000620400000, 0x0000000620800000|  0%| F|  |TAMS 0x0000000620400000, 0x0000000620400000| Untracked 
| 124|0x0000000620800000, 0x0000000620800000, 0x0000000620c00000|  0%| F|  |TAMS 0x0000000620800000, 0x0000000620800000| Untracked 
| 125|0x0000000620c00000, 0x0000000620c00000, 0x0000000621000000|  0%| F|  |TAMS 0x0000000620c00000, 0x0000000620c00000| Untracked 
| 126|0x0000000621000000, 0x0000000621000000, 0x0000000621400000|  0%| F|  |TAMS 0x0000000621000000, 0x0000000621000000| Untracked 
| 127|0x0000000621400000, 0x00000006216e2260, 0x0000000621800000| 72%| E|  |TAMS 0x0000000621400000, 0x0000000621400000| Complete 

Card table byte_map: [0x000002403ef10000,0x000002403ff10000] _byte_map_base: 0x000002403bf04000

Marking Bits (Prev, Next): (CMBitMap*) 0x000002402b2604c0, (CMBitMap*) 0x000002402b260500
 Prev Bits: [0x0000024040f10000, 0x0000024048eb0000)
 Next Bits: [0x0000024048eb0000, 0x0000024050e50000)

Polling page: 0x0000024029160000

Metaspace:

Usage:
  Non-class:      5.73 MB used.
      Class:    549.89 KB used.
       Both:      6.26 MB used.

Virtual space:
  Non-class space:       64.00 MB reserved,       5.75 MB (  9%) committed,  1 nodes.
      Class space:        1.00 GB reserved,     640.00 KB ( <1%) committed,  1 nodes.
             Both:        1.06 GB reserved,       6.38 MB ( <1%) committed. 

Chunk freelists:
   Non-Class:  10.14 MB
       Class:  15.23 MB
        Both:  25.37 MB

MaxMetaspaceSize: unlimited
CompressedClassSpaceSize: 1.00 GB
Initial GC threshold: 21.00 MB
Current GC threshold: 21.00 MB
CDS: off
MetaspaceReclaimPolicy: balanced
 - commit_granule_bytes: 65536.
 - commit_granule_words: 8192.
 - virtual_space_node_default_size: 8388608.
 - enlarge_chunks_in_place: 1.
 - new_chunks_are_fully_committed: 0.
 - uncommit_free_chunks: 1.
 - use_allocation_guard: 0.
 - handle_deallocations: 1.


Internal statistics:

num_allocs_failed_limit: 0.
num_arena_births: 6.
num_arena_deaths: 0.
num_vsnodes_births: 2.
num_vsnodes_deaths: 0.
num_space_committed: 102.
num_space_uncommitted: 0.
num_chunks_returned_to_freelist: 0.
num_chunks_taken_from_freelist: 27.
num_chunk_merges: 0.
num_chunk_splits: 11.
num_chunks_enlarged: 7.
num_inconsistent_stats: 0.

CodeHeap 'non-profiled nmethods': size=119168Kb used=41Kb max_used=41Kb free=119126Kb
 bounds [0x0000024036230000, 0x00000240364a0000, 0x000002403d690000]
CodeHeap 'profiled nmethods': size=119104Kb used=190Kb max_used=190Kb free=118913Kb
 bounds [0x000002402e690000, 0x000002402e900000, 0x0000024035ae0000]
CodeHeap 'non-nmethods': size=7488Kb used=2226Kb max_used=2240Kb free=5261Kb
 bounds [0x0000024035ae0000, 0x0000024035d50000, 0x0000024036230000]
 total_blobs=538 nmethods=162 adapters=287
 compilation: enabled
              stopped_count=0, restarted_count=0
 full_count=0

Compilation events (20 events):
Event: 0.098 Thread 0x00000240540b3540  153       3       java.lang.ProcessEnvironment$NameComparator::compare (13 bytes)
Event: 0.098 Thread 0x0000024053f24c40 nmethod 150 0x000002402e6bb690 code [0x000002402e6bb840, 0x000002402e6bba38]
Event: 0.098 Thread 0x0000024053f24c40  152       1       java.util.HashMap$Node::getValue (5 bytes)
Event: 0.098 Thread 0x00000240540b3540 nmethod 153 0x000002402e6bbb10 code [0x000002402e6bbcc0, 0x000002402e6bbfe8]
Event: 0.098 Thread 0x0000024053f24c40 nmethod 152 0x0000024036239690 code [0x0000024036239820, 0x00000240362398f8]
Event: 0.098 Thread 0x0000024053f24c40  155       3       java.lang.String::lastIndexOf (29 bytes)
Event: 0.098 Thread 0x0000024053f24c40 nmethod 155 0x000002402e6bc110 code [0x000002402e6bc2e0, 0x000002402e6bc598]
Event: 0.098 Thread 0x0000024053f24c40  156       3       java.util.HashMap::<init> (11 bytes)
Event: 0.098 Thread 0x00000240540b7a80 nmethod 154 0x000002402e6bc690 code [0x000002402e6bc9a0, 0x000002402e6bdbf8]
Event: 0.098 Thread 0x0000024053f24c40 nmethod 156 0x000002402e6be490 code [0x000002402e6be640, 0x000002402e6be818]
Event: 0.099 Thread 0x0000024053f24c40  157       3       jdk.internal.misc.Unsafe::putReferenceRelease (9 bytes)
Event: 0.099 Thread 0x0000024053f24c40 nmethod 157 0x000002402e6be910 code [0x000002402e6beaa0, 0x000002402e6bec18]
Event: 0.100 Thread 0x0000024053f24c40  159       3       java.lang.String::lastIndexOf (12 bytes)
Event: 0.100 Thread 0x0000024053f74fd0  160       4       java.lang.String::coder (15 bytes)
Event: 0.100 Thread 0x0000024053f24c40 nmethod 159 0x000002402e6bec90 code [0x000002402e6bee80, 0x000002402e6bf298]
Event: 0.100 Thread 0x0000024053f74fd0 nmethod 160 0x0000024036239d90 code [0x0000024036239f00, 0x0000024036239f78]
Event: 0.100 Thread 0x0000024053f74fd0  161       4       java.lang.String::hashCode (60 bytes)
Event: 0.102 Thread 0x0000024053f74fd0 nmethod 161 0x000002403623a090 code [0x000002403623a200, 0x000002403623a3f8]
Event: 0.102 Thread 0x0000024053f24c40  162       3       java.util.concurrent.ConcurrentHashMap::setTabAt (20 bytes)
Event: 0.102 Thread 0x0000024053f24c40 nmethod 162 0x000002402e6bf410 code [0x000002402e6bf5c0, 0x000002402e6bf7e8]

GC Heap History (0 events):
No events

Dll operation events (2 events):
Event: 0.005 Loaded shared library C:\Program Files\Android\Android Studio\jbr\bin\java.dll
Event: 0.073 Loaded shared library C:\Program Files\Android\Android Studio\jbr\bin\verify.dll

Deoptimization events (0 events):
No events

Classes unloaded (0 events):
No events

Classes redefined (0 events):
No events

Internal exceptions (0 events):
No events

VM Operations (2 events):
Event: 0.070 Executing VM operation: HandshakeAllThreads
Event: 0.071 Executing VM operation: HandshakeAllThreads done

Events (20 events):
Event: 0.101 loading class java/net/Authenticator done
Event: 0.102 loading class jdk/internal/module/Resources
Event: 0.102 loading class jdk/internal/module/Resources done
Event: 0.102 loading class jdk/internal/loader/BuiltinClassLoader$2
Event: 0.102 loading class jdk/internal/loader/BuiltinClassLoader$2 done
Event: 0.102 loading class jdk/internal/loader/BuiltinClassLoader$5
Event: 0.102 loading class jdk/internal/loader/BuiltinClassLoader$5 done
Event: 0.102 loading class jdk/internal/module/SystemModuleFinders$SystemModuleReader
Event: 0.102 loading class java/lang/module/ModuleReader
Event: 0.102 loading class java/lang/module/ModuleReader done
Event: 0.102 loading class jdk/internal/module/SystemModuleFinders$SystemModuleReader done
Event: 0.102 loading class jdk/internal/module/SystemModuleFinders$SystemImage
Event: 0.102 loading class jdk/internal/module/SystemModuleFinders$SystemImage done
Event: 0.102 loading class jdk/internal/jimage/ImageReaderFactory
Event: 0.102 loading class jdk/internal/jimage/ImageReaderFactory done
Event: 0.102 loading class java/nio/file/Paths
Event: 0.102 loading class java/nio/file/Paths done
Event: 0.102 loading class java/nio/file/FileSystems
Event: 0.102 loading class java/nio/file/FileSystems done
Event: 0.102 loading class java/nio/file/FileSystems$DefaultFileSystemHolder


Dynamic libraries:
0x00007ff69c760000 - 0x00007ff69c76a000 	C:\Program Files\Android\Android Studio\jbr\bin\java.exe
0x00007ff892b10000 - 0x00007ff892d08000 	C:\WINDOWS\SYSTEM32\ntdll.dll
0x00007ff891300000 - 0x00007ff8913bd000 	C:\WINDOWS\System32\KERNEL32.DLL
0x00007ff8902b0000 - 0x00007ff8905a6000 	C:\WINDOWS\System32\KERNELBASE.dll
0x00007ff8908c0000 - 0x00007ff8909c0000 	C:\WINDOWS\System32\ucrtbase.dll
0x00007ff887ec0000 - 0x00007ff887ed7000 	C:\Program Files\Android\Android Studio\jbr\bin\jli.dll
0x00007ff880f80000 - 0x00007ff880f9b000 	C:\Program Files\Android\Android Studio\jbr\bin\VCRUNTIME140.dll
0x00007ff891d80000 - 0x00007ff891f1f000 	C:\WINDOWS\System32\USER32.dll
0x00007ff8909c0000 - 0x00007ff8909e2000 	C:\WINDOWS\System32\win32u.dll
0x00007ff87cf60000 - 0x00007ff87d1fa000 	C:\WINDOWS\WinSxS\amd64_microsoft.windows.common-controls_6595b64144ccf1df_6.0.19041.3636_none_60b6a03d71f818d5\COMCTL32.dll
0x00007ff891f80000 - 0x00007ff891fab000 	C:\WINDOWS\System32\GDI32.dll
0x00007ff890c70000 - 0x00007ff890d0e000 	C:\WINDOWS\System32\msvcrt.dll
0x00007ff8909f0000 - 0x00007ff890b07000 	C:\WINDOWS\System32\gdi32full.dll
0x00007ff8901c0000 - 0x00007ff89025d000 	C:\WINDOWS\System32\msvcp_win.dll
0x00007ff892960000 - 0x00007ff892992000 	C:\WINDOWS\System32\IMM32.DLL
0x00007ff88bb50000 - 0x00007ff88bb5c000 	C:\Program Files\Android\Android Studio\jbr\bin\vcruntime140_1.dll
0x00007ff857c80000 - 0x00007ff857d0d000 	C:\Program Files\Android\Android Studio\jbr\bin\msvcp140.dll
0x00007ff827840000 - 0x00007ff8284c3000 	C:\Program Files\Android\Android Studio\jbr\bin\server\jvm.dll
0x00007ff8928b0000 - 0x00007ff892960000 	C:\WINDOWS\System32\ADVAPI32.dll
0x00007ff8915b0000 - 0x00007ff891650000 	C:\WINDOWS\System32\sechost.dll
0x00007ff890b40000 - 0x00007ff890c63000 	C:\WINDOWS\System32\RPCRT4.dll
0x00007ff890b10000 - 0x00007ff890b37000 	C:\WINDOWS\System32\bcrypt.dll
0x00007ff88a3a0000 - 0x00007ff88a3c7000 	C:\WINDOWS\SYSTEM32\WINMM.dll
0x00007ff85ed50000 - 0x00007ff85ed59000 	C:\WINDOWS\SYSTEM32\WSOCK32.dll
0x00007ff888d00000 - 0x00007ff888d0a000 	C:\WINDOWS\SYSTEM32\VERSION.dll
0x00007ff88f750000 - 0x00007ff88f79b000 	C:\WINDOWS\SYSTEM32\POWRPROF.dll
0x00007ff891ba0000 - 0x00007ff891c0b000 	C:\WINDOWS\System32\WS2_32.dll
0x00007ff88f5c0000 - 0x00007ff88f5d2000 	C:\WINDOWS\SYSTEM32\UMPDC.dll
0x00007ff88ea00000 - 0x00007ff88ea12000 	C:\WINDOWS\SYSTEM32\kernel.appcore.dll
0x00007ff887f70000 - 0x00007ff887f7a000 	C:\Program Files\Android\Android Studio\jbr\bin\jimage.dll
0x00007ff88e670000 - 0x00007ff88e854000 	C:\WINDOWS\SYSTEM32\DBGHELP.DLL
0x00007ff86a340000 - 0x00007ff86a374000 	C:\WINDOWS\SYSTEM32\dbgcore.DLL
0x00007ff890780000 - 0x00007ff890802000 	C:\WINDOWS\System32\bcryptPrimitives.dll
0x00007ff880db0000 - 0x00007ff880dd5000 	C:\Program Files\Android\Android Studio\jbr\bin\java.dll
0x00007ff867bc0000 - 0x00007ff867bd8000 	C:\Program Files\Android\Android Studio\jbr\bin\zip.dll
0x00007ff892140000 - 0x00007ff8928ab000 	C:\WINDOWS\System32\SHELL32.dll
0x00007ff88de10000 - 0x00007ff88e5ae000 	C:\WINDOWS\SYSTEM32\windows.storage.dll
0x00007ff890ec0000 - 0x00007ff891213000 	C:\WINDOWS\System32\combase.dll
0x00007ff88fbf0000 - 0x00007ff88fc1e000 	C:\WINDOWS\SYSTEM32\Wldp.dll
0x00007ff891ca0000 - 0x00007ff891d6d000 	C:\WINDOWS\System32\OLEAUT32.dll
0x00007ff891450000 - 0x00007ff8914fd000 	C:\WINDOWS\System32\SHCORE.dll
0x00007ff891f20000 - 0x00007ff891f75000 	C:\WINDOWS\System32\shlwapi.dll
0x00007ff8900f0000 - 0x00007ff890113000 	C:\WINDOWS\SYSTEM32\profapi.dll
0x00007ff863230000 - 0x00007ff863249000 	C:\Program Files\Android\Android Studio\jbr\bin\net.dll
0x00007ff888d70000 - 0x00007ff888e7a000 	C:\WINDOWS\SYSTEM32\WINHTTP.dll
0x00007ff88f950000 - 0x00007ff88f9ba000 	C:\WINDOWS\system32\mswsock.dll
0x00007ff863210000 - 0x00007ff863226000 	C:\Program Files\Android\Android Studio\jbr\bin\nio.dll
0x00007ff880f70000 - 0x00007ff880f80000 	C:\Program Files\Android\Android Studio\jbr\bin\verify.dll

dbghelp: loaded successfully - version: 4.0.5 - missing functions: none
symbol engine: initialized successfully - sym options: 0x614 - pdb path: .;C:\Program Files\Android\Android Studio\jbr\bin;C:\WINDOWS\SYSTEM32;C:\WINDOWS\WinSxS\amd64_microsoft.windows.common-controls_6595b64144ccf1df_6.0.19041.3636_none_60b6a03d71f818d5;C:\Program Files\Android\Android Studio\jbr\bin\server

VM Arguments:
jvm_args: -Dorg.gradle.appname=gradlew 
java_command: org.gradle.wrapper.GradleWrapperMain -q -Ptarget-platform=android-x64 -Ptarget=C:\VirtualSole_App\virtualsole\lib\main.dart -Pbase-application-name=android.app.Application -Pdart-defines=RkxVVFRFUl9XRUJfQVVUT19ERVRFQ1Q9dHJ1ZQ==,RkxVVFRFUl9XRUJfQ0FOVkFTS0lUX1VSTD1odHRwczovL3d3dy5nc3RhdGljLmNvbS9mbHV0dGVyLWNhbnZhc2tpdC9jNGNkNDhlMTg2NDYwYjMyZDQ0NTg1Y2UzYzEwMzI3MWFiNjc2MzU1Lw== -Pdart-obfuscation=false -Ptrack-widget-creation=true -Ptree-shake-icons=false -Pfilesystem-scheme=org-dartlang-root assembleDebug
java_class_path (initial): C:\VirtualSole_App\virtualsole\android\\gradle\wrapper\gradle-wrapper.jar
Launcher Type: SUN_STANDARD

[Global flags]
     intx CICompilerCount                          = 12                                        {product} {ergonomic}
     uint ConcGCThreads                            = 3                                         {product} {ergonomic}
     uint G1ConcRefinementThreads                  = 13                                        {product} {ergonomic}
   size_t G1HeapRegionSize                         = 4194304                                   {product} {ergonomic}
    uintx GCDrainStackTargetSize                   = 64                                        {product} {ergonomic}
   size_t InitialHeapSize                          = 536870912                                 {product} {ergonomic}
   size_t MarkStackSize                            = 4194304                                   {product} {ergonomic}
   size_t MaxHeapSize                              = 8564768768                                {product} {ergonomic}
   size_t MaxNewSize                               = 5138022400                                {product} {ergonomic}
   size_t MinHeapDeltaBytes                        = 4194304                                   {product} {ergonomic}
   size_t MinHeapSize                              = 8388608                                   {product} {ergonomic}
    uintx NonNMethodCodeHeapSize                   = 7602480                                {pd product} {ergonomic}
    uintx NonProfiledCodeHeapSize                  = 122027880                              {pd product} {ergonomic}
    uintx ProfiledCodeHeapSize                     = 122027880                              {pd product} {ergonomic}
    uintx ReservedCodeCacheSize                    = 251658240                              {pd product} {ergonomic}
     bool SegmentedCodeCache                       = true                                      {product} {ergonomic}
   size_t SoftMaxHeapSize                          = 8564768768                             {manageable} {ergonomic}
     bool UseCompressedClassPointers               = true                           {product lp64_product} {ergonomic}
     bool UseCompressedOops                        = true                           {product lp64_product} {ergonomic}
     bool UseG1GC                                  = true                                      {product} {ergonomic}
     bool UseLargePagesIndividualAllocation        = false                                  {pd product} {ergonomic}

Logging:
Log output configuration:
 #0: stdout all=warning uptime,level,tags
 #1: stderr all=off uptime,level,tags

Environment Variables:
JAVA_HOME=C:\Program Files\Android\Android Studio\jbr
CLASSPATH=C:\VirtualSole_App\virtualsole\android\\gradle\wrapper\gradle-wrapper.jar
PATH=C:\Program Files\Android\Android Studio\jbr\bin;C:\Program Files (x86)\Common Files\Oracle\Java\javapath;C:\WINDOWS\system32;C:\WINDOWS;C:\WINDOWS\System32\Wbem;C:\WINDOWS\System32\WindowsPowerShell\v1.0\;C:\WINDOWS\System32\OpenSSH\;C:\Program Files\nodejs\;C:\Program Files\Git\cmd;C:\Program Files (x86)\PDFtk\bin\;C:\Program Files\dotnet\;C:\Users\Adrian Estriel\AppData\Local\Programs\Python\Python310\;C:\Users\Adrian Estriel\AppData\Local\Programs\Python\Python310\Scripts\;C:\Program Files (x86)\NVIDIA Corporation\PhysX\Common;C:\Program Files\NVIDIA Corporation\NVIDIA NvDLISR;C:\Program Files\MATLAB\R2023b\bin;C:\Program Files\Microsoft SQL Server\150\Tools\Binn\;C:\Program Files\Microsoft SQL Server\Client SDK\ODBC\170\Tools\Binn\;C:\Program Files (x86)\Windows Kits\10\Windows Performance Toolkit\;C:\ProgramData\chocolatey\bin;C:\Users\Adrian Estriel\scoop\shims;C:\Users\Adrian Estriel\AppData\Local\Programs\Eclipse Adoptium\jdk-17.0.9.9-hotspot\bin;C:\FFmpeg\bin;C:\Users\Adrian Estriel\AppData\Local\Programs\Microsoft VS Code\bin;C:\Users\Adrian Estriel\.dotnet\tools;C:\Flutter Folder\flutter\bin;;C:\Flutter Folder\flutter\bin\mingit\cmd;C:\Flutter Folder\flutter\bin\mingit\cmd
USERNAME=Adrian Estriel
OS=Windows_NT
PROCESSOR_IDENTIFIER=AMD64 Family 25 Model 33 Stepping 0, AuthenticAMD
TMP=C:\Users\ADRIAN~1\AppData\Local\Temp
TEMP=C:\Users\ADRIAN~1\AppData\Local\Temp



Periodic native trim disabled

JNI global refs:
JNI global refs: 17, weak refs: 0

JNI global refs memory usage: 843, weak refs: 209

OOME stack traces (most recent first):
Classloader memory used:
Loader bootstrap                                                                       : 786K
Loader jdk.internal.loader.ClassLoaders$AppClassLoader                                 : 15762B


---------------  S Y S T E M  ---------------

OS:
 Windows 10 , 64 bit Build 19041 (10.0.19041.3636)
OS uptime: 0 days 10:29 hours

CPU: total 16 (initial active 16) (16 cores per cpu, 2 threads per core) family 25 model 33 stepping 0 microcode 0x0, cx8, cmov, fxsr, ht, mmx, 3dnowpref, sse, sse2, sse3, ssse3, sse4a, sse4.1, sse4.2, popcnt, lzcnt, tsc, tscinvbit, avx, avx2, aes, erms, clmul, bmi1, bmi2, adx, sha, fma, vzeroupper, clflush, clflushopt
Processor Information for all 16 processors :
  Max Mhz: 3801, Current Mhz: 3801, Mhz Limit: 3801

Memory: 4k page, system-wide physical 32669M (13419M free)
TotalPageFile size 32669M (AvailPageFile size 43M)
current process WorkingSet (physical memory assigned to process): 36M, peak: 36M
current process commit charge ("private bytes"): 615M, peak: 616M

vm_info: OpenJDK 64-Bit Server VM (17.0.10+0--11572160) for windows-amd64 JRE (17.0.10+0--11572160), built on Mar 13 2024 23:56:38 by "androidbuild" with MS VC++ 16.10 / 16.11 (VS2019)

END.
