#
# There is insufficient memory for the Java Runtime Environment to continue.
# Native memory allocation (malloc) failed to allocate 304016 bytes for Chunk::new
# Possible reasons:
#   The system is out of physical RAM or swap space
#   The process is running with CompressedOops enabled, and the Java Heap may be blocking the growth of the native heap
# Possible solutions:
#   Reduce memory load on the system
#   Increase physical memory or swap space
#   Check if swap backing store is full
#   Decrease Java heap size (-Xmx/-Xms)
#   Decrease number of Java threads
#   Decrease Java thread stack sizes (-Xss)
#   Set larger code cache with -XX:ReservedCodeCacheSize=
#   JVM is running with Zero Based Compressed Oops mode in which the Java heap is
#     placed in the first 32GB address space. The Java Heap base address is the
#     maximum limit for the native heap growth. Please use -XX:HeapBaseMinAddress
#     to set the Java Heap base and to place the Java Heap above 32GB virtual address.
# This output file may be truncated or incomplete.
#
#  Out of Memory Error (arena.cpp:191), pid=16468, tid=31412
#
# JRE version: OpenJDK Runtime Environment (17.0.10) (build 17.0.10+0--11572160)
# Java VM: OpenJDK 64-Bit Server VM (17.0.10+0--11572160, mixed mode, tiered, compressed oops, compressed class ptrs, g1 gc, windows-amd64)
# No core dump will be written. Minidumps are not enabled by default on client versions of Windows
#

---------------  S U M M A R Y ------------

Command Line: -Dorg.gradle.appname=gradlew org.gradle.wrapper.GradleWrapperMain -q -Ptarget-platform=android-x64 -Ptarget=C:\VirtualSole_App\virtualsole\lib\main.dart -Pbase-application-name=android.app.Application -Pdart-defines=RkxVVFRFUl9XRUJfQVVUT19ERVRFQ1Q9dHJ1ZQ==,RkxVVFRFUl9XRUJfQ0FOVkFTS0lUX1VSTD1odHRwczovL3d3dy5nc3RhdGljLmNvbS9mbHV0dGVyLWNhbnZhc2tpdC9jNGNkNDhlMTg2NDYwYjMyZDQ0NTg1Y2UzYzEwMzI3MWFiNjc2MzU1Lw== -Pdart-obfuscation=false -Ptrack-widget-creation=true -Ptree-shake-icons=false -Pfilesystem-scheme=org-dartlang-root assembleDebug

Host: AMD Ryzen 7 5800X 8-Core Processor             , 16 cores, 31G,  Windows 10 , 64 bit Build 19041 (10.0.19041.3636)
Time: Tue May  7 20:20:41 2024 China Standard Time elapsed time: 0.304111 seconds (0d 0h 0m 0s)

---------------  T H R E A D  ---------------

Current thread (0x0000026b535b7d30):  JavaThread "C2 CompilerThread1" daemon [_thread_in_native, id=31412, stack(0x000000b92ef00000,0x000000b92f000000)]


Current CompileTask:
C2:    304  508       4       java.util.HashMap::putVal (300 bytes)

Stack: [0x000000b92ef00000,0x000000b92f000000]
Native frames: (J=compiled Java code, j=interpreted, Vv=VM code, C=native code)
V  [jvm.dll+0x688e89]
V  [jvm.dll+0x84247a]
V  [jvm.dll+0x8440be]
V  [jvm.dll+0x844723]
V  [jvm.dll+0x24be0f]
V  [jvm.dll+0xac524]
V  [jvm.dll+0xacb6c]
V  [jvm.dll+0x36bd12]
V  [jvm.dll+0x33615a]
V  [jvm.dll+0x3355fa]
V  [jvm.dll+0x21daa1]
V  [jvm.dll+0x21cec1]
V  [jvm.dll+0x1a60ad]
V  [jvm.dll+0x22cd78]
V  [jvm.dll+0x22aeb0]
V  [jvm.dll+0x7f6917]
V  [jvm.dll+0x7f0d1a]
V  [jvm.dll+0x687d05]
C  [ucrtbase.dll+0x21bb2]
C  [KERNEL32.DLL+0x17344]
C  [ntdll.dll+0x526b1]


---------------  P R O C E S S  ---------------

Threads class SMR info:
_java_thread_list=0x0000026b535b7af0, length=14, elements={
0x0000026b2a1d6e90, 0x0000026b50069a40, 0x0000026b52f1f930, 0x0000026b52f4fa60,
0x0000026b52f53350, 0x0000026b52f53c20, 0x0000026b52f544f0, 0x0000026b52f8b010,
0x0000026b52f91b00, 0x0000026b52f9d200, 0x0000026b530d89c0, 0x0000026b530f3b30,
0x0000026b530f4010, 0x0000026b535b7d30
}

Java Threads: ( => current thread )
  0x0000026b2a1d6e90 JavaThread "main" [_thread_in_Java, id=29448, stack(0x000000b92db00000,0x000000b92dc00000)]
  0x0000026b50069a40 JavaThread "Reference Handler" daemon [_thread_blocked, id=32576, stack(0x000000b92e200000,0x000000b92e300000)]
  0x0000026b52f1f930 JavaThread "Finalizer" daemon [_thread_blocked, id=31032, stack(0x000000b92e300000,0x000000b92e400000)]
  0x0000026b52f4fa60 JavaThread "Signal Dispatcher" daemon [_thread_blocked, id=24240, stack(0x000000b92e400000,0x000000b92e500000)]
  0x0000026b52f53350 JavaThread "Attach Listener" daemon [_thread_blocked, id=8536, stack(0x000000b92e500000,0x000000b92e600000)]
  0x0000026b52f53c20 JavaThread "Service Thread" daemon [_thread_blocked, id=1708, stack(0x000000b92e600000,0x000000b92e700000)]
  0x0000026b52f544f0 JavaThread "Monitor Deflation Thread" daemon [_thread_blocked, id=21380, stack(0x000000b92e700000,0x000000b92e800000)]
  0x0000026b52f8b010 JavaThread "C2 CompilerThread0" daemon [_thread_blocked, id=31908, stack(0x000000b92e800000,0x000000b92e900000)]
  0x0000026b52f91b00 JavaThread "C1 CompilerThread0" daemon [_thread_in_native, id=13260, stack(0x000000b92e900000,0x000000b92ea00000)]
  0x0000026b52f9d200 JavaThread "Sweeper thread" daemon [_thread_blocked, id=27624, stack(0x000000b92ea00000,0x000000b92eb00000)]
  0x0000026b530d89c0 JavaThread "C1 CompilerThread1" daemon [_thread_blocked, id=25676, stack(0x000000b92eb00000,0x000000b92ec00000)]
  0x0000026b530f3b30 JavaThread "Notification Thread" daemon [_thread_blocked, id=3032, stack(0x000000b92ec00000,0x000000b92ed00000)]
  0x0000026b530f4010 JavaThread "Common-Cleaner" daemon [_thread_blocked, id=30728, stack(0x000000b92ee00000,0x000000b92ef00000)]
=>0x0000026b535b7d30 JavaThread "C2 CompilerThread1" daemon [_thread_in_native, id=31412, stack(0x000000b92ef00000,0x000000b92f000000)]

Other Threads:
  0x0000026b50057350 VMThread "VM Thread" [stack: 0x000000b92e100000,0x000000b92e200000] [id=29656]
  0x0000026b530f5970 WatcherThread [stack: 0x000000b92ed00000,0x000000b92ee00000] [id=18528]
  0x0000026b2a281e50 GCTaskThread "GC Thread#0" [stack: 0x000000b92dc00000,0x000000b92dd00000] [id=24812]
  0x0000026b2a28ec10 ConcurrentGCThread "G1 Main Marker" [stack: 0x000000b92dd00000,0x000000b92de00000] [id=23848]
  0x0000026b4fe74e50 ConcurrentGCThread "G1 Conc#0" [stack: 0x000000b92de00000,0x000000b92df00000] [id=31320]
  0x0000026b4ff6fe00 ConcurrentGCThread "G1 Refine#0" [stack: 0x000000b92df00000,0x000000b92e000000] [id=32428]
  0x0000026b4ff70740 ConcurrentGCThread "G1 Service" [stack: 0x000000b92e000000,0x000000b92e100000] [id=27672]

Threads with active compile tasks:
C2 CompilerThread0      320  558       4       java.lang.String::equals (56 bytes)
C1 CompilerThread0      320  559   !   3       java.io.BufferedReader::readLine (327 bytes)
C1 CompilerThread1      320  561       3       jdk.internal.util.jar.JarIndex::addToList (59 bytes)
C2 CompilerThread1      320  508       4       java.util.HashMap::putVal (300 bytes)

VM state: not at safepoint (normal execution)

VM Mutex/Monitor currently owned by a thread: None

Heap address: 0x0000000601800000, size: 8168 MB, Compressed Oops mode: Zero based, Oop shift amount: 3

CDS archive(s) not mapped
Compressed class space mapped at: 0x0000000800000000-0x0000000840000000, reserved size: 1073741824
Narrow klass base: 0x0000000800000000, Narrow klass shift: 0, Narrow klass range: 0x40000000

GC Precious Log:
 CPUs: 16 total, 16 available
 Memory: 32669M
 Large Page Support: Disabled
 NUMA Support: Disabled
 Compressed Oops: Enabled (Zero based)
 Heap Region Size: 4M
 Heap Min Capacity: 8M
 Heap Initial Capacity: 512M
 Heap Max Capacity: 8168M
 Pre-touch: Disabled
 Parallel Workers: 13
 Concurrent Workers: 3
 Concurrent Refinement Workers: 13
 Periodic GC: Disabled

Heap:
 garbage-first heap   total 524288K, used 8192K [0x0000000601800000, 0x0000000800000000)
  region size 4096K, 4 young (16384K), 0 survivors (0K)
 Metaspace       used 8412K, committed 8576K, reserved 1114112K
  class space    used 739K, committed 768K, reserved 1048576K

Heap Regions: E=young(eden), S=young(survivor), O=old, HS=humongous(starts), HC=humongous(continues), CS=collection set, F=free, OA=open archive, CA=closed archive, TAMS=top-at-mark-start (previous, next)
|   0|0x0000000601800000, 0x0000000601800000, 0x0000000601c00000|  0%| F|  |TAMS 0x0000000601800000, 0x0000000601800000| Untracked 
|   1|0x0000000601c00000, 0x0000000601c00000, 0x0000000602000000|  0%| F|  |TAMS 0x0000000601c00000, 0x0000000601c00000| Untracked 
|   2|0x0000000602000000, 0x0000000602000000, 0x0000000602400000|  0%| F|  |TAMS 0x0000000602000000, 0x0000000602000000| Untracked 
|   3|0x0000000602400000, 0x0000000602400000, 0x0000000602800000|  0%| F|  |TAMS 0x0000000602400000, 0x0000000602400000| Untracked 
|   4|0x0000000602800000, 0x0000000602800000, 0x0000000602c00000|  0%| F|  |TAMS 0x0000000602800000, 0x0000000602800000| Untracked 
|   5|0x0000000602c00000, 0x0000000602c00000, 0x0000000603000000|  0%| F|  |TAMS 0x0000000602c00000, 0x0000000602c00000| Untracked 
|   6|0x0000000603000000, 0x0000000603000000, 0x0000000603400000|  0%| F|  |TAMS 0x0000000603000000, 0x0000000603000000| Untracked 
|   7|0x0000000603400000, 0x0000000603400000, 0x0000000603800000|  0%| F|  |TAMS 0x0000000603400000, 0x0000000603400000| Untracked 
|   8|0x0000000603800000, 0x0000000603800000, 0x0000000603c00000|  0%| F|  |TAMS 0x0000000603800000, 0x0000000603800000| Untracked 
|   9|0x0000000603c00000, 0x0000000603c00000, 0x0000000604000000|  0%| F|  |TAMS 0x0000000603c00000, 0x0000000603c00000| Untracked 
|  10|0x0000000604000000, 0x0000000604000000, 0x0000000604400000|  0%| F|  |TAMS 0x0000000604000000, 0x0000000604000000| Untracked 
|  11|0x0000000604400000, 0x0000000604400000, 0x0000000604800000|  0%| F|  |TAMS 0x0000000604400000, 0x0000000604400000| Untracked 
|  12|0x0000000604800000, 0x0000000604800000, 0x0000000604c00000|  0%| F|  |TAMS 0x0000000604800000, 0x0000000604800000| Untracked 
|  13|0x0000000604c00000, 0x0000000604c00000, 0x0000000605000000|  0%| F|  |TAMS 0x0000000604c00000, 0x0000000604c00000| Untracked 
|  14|0x0000000605000000, 0x0000000605000000, 0x0000000605400000|  0%| F|  |TAMS 0x0000000605000000, 0x0000000605000000| Untracked 
|  15|0x0000000605400000, 0x0000000605400000, 0x0000000605800000|  0%| F|  |TAMS 0x0000000605400000, 0x0000000605400000| Untracked 
|  16|0x0000000605800000, 0x0000000605800000, 0x0000000605c00000|  0%| F|  |TAMS 0x0000000605800000, 0x0000000605800000| Untracked 
|  17|0x0000000605c00000, 0x0000000605c00000, 0x0000000606000000|  0%| F|  |TAMS 0x0000000605c00000, 0x0000000605c00000| Untracked 
|  18|0x0000000606000000, 0x0000000606000000, 0x0000000606400000|  0%| F|  |TAMS 0x0000000606000000, 0x0000000606000000| Untracked 
|  19|0x0000000606400000, 0x0000000606400000, 0x0000000606800000|  0%| F|  |TAMS 0x0000000606400000, 0x0000000606400000| Untracked 
|  20|0x0000000606800000, 0x0000000606800000, 0x0000000606c00000|  0%| F|  |TAMS 0x0000000606800000, 0x0000000606800000| Untracked 
|  21|0x0000000606c00000, 0x0000000606c00000, 0x0000000607000000|  0%| F|  |TAMS 0x0000000606c00000, 0x0000000606c00000| Untracked 
|  22|0x0000000607000000, 0x0000000607000000, 0x0000000607400000|  0%| F|  |TAMS 0x0000000607000000, 0x0000000607000000| Untracked 
|  23|0x0000000607400000, 0x0000000607400000, 0x0000000607800000|  0%| F|  |TAMS 0x0000000607400000, 0x0000000607400000| Untracked 
|  24|0x0000000607800000, 0x0000000607800000, 0x0000000607c00000|  0%| F|  |TAMS 0x0000000607800000, 0x0000000607800000| Untracked 
|  25|0x0000000607c00000, 0x0000000607c00000, 0x0000000608000000|  0%| F|  |TAMS 0x0000000607c00000, 0x0000000607c00000| Untracked 
|  26|0x0000000608000000, 0x0000000608000000, 0x0000000608400000|  0%| F|  |TAMS 0x0000000608000000, 0x0000000608000000| Untracked 
|  27|0x0000000608400000, 0x0000000608400000, 0x0000000608800000|  0%| F|  |TAMS 0x0000000608400000, 0x0000000608400000| Untracked 
|  28|0x0000000608800000, 0x0000000608800000, 0x0000000608c00000|  0%| F|  |TAMS 0x0000000608800000, 0x0000000608800000| Untracked 
|  29|0x0000000608c00000, 0x0000000608c00000, 0x0000000609000000|  0%| F|  |TAMS 0x0000000608c00000, 0x0000000608c00000| Untracked 
|  30|0x0000000609000000, 0x0000000609000000, 0x0000000609400000|  0%| F|  |TAMS 0x0000000609000000, 0x0000000609000000| Untracked 
|  31|0x0000000609400000, 0x0000000609400000, 0x0000000609800000|  0%| F|  |TAMS 0x0000000609400000, 0x0000000609400000| Untracked 
|  32|0x0000000609800000, 0x0000000609800000, 0x0000000609c00000|  0%| F|  |TAMS 0x0000000609800000, 0x0000000609800000| Untracked 
|  33|0x0000000609c00000, 0x0000000609c00000, 0x000000060a000000|  0%| F|  |TAMS 0x0000000609c00000, 0x0000000609c00000| Untracked 
|  34|0x000000060a000000, 0x000000060a000000, 0x000000060a400000|  0%| F|  |TAMS 0x000000060a000000, 0x000000060a000000| Untracked 
|  35|0x000000060a400000, 0x000000060a400000, 0x000000060a800000|  0%| F|  |TAMS 0x000000060a400000, 0x000000060a400000| Untracked 
|  36|0x000000060a800000, 0x000000060a800000, 0x000000060ac00000|  0%| F|  |TAMS 0x000000060a800000, 0x000000060a800000| Untracked 
|  37|0x000000060ac00000, 0x000000060ac00000, 0x000000060b000000|  0%| F|  |TAMS 0x000000060ac00000, 0x000000060ac00000| Untracked 
|  38|0x000000060b000000, 0x000000060b000000, 0x000000060b400000|  0%| F|  |TAMS 0x000000060b000000, 0x000000060b000000| Untracked 
|  39|0x000000060b400000, 0x000000060b400000, 0x000000060b800000|  0%| F|  |TAMS 0x000000060b400000, 0x000000060b400000| Untracked 
|  40|0x000000060b800000, 0x000000060b800000, 0x000000060bc00000|  0%| F|  |TAMS 0x000000060b800000, 0x000000060b800000| Untracked 
|  41|0x000000060bc00000, 0x000000060bc00000, 0x000000060c000000|  0%| F|  |TAMS 0x000000060bc00000, 0x000000060bc00000| Untracked 
|  42|0x000000060c000000, 0x000000060c000000, 0x000000060c400000|  0%| F|  |TAMS 0x000000060c000000, 0x000000060c000000| Untracked 
|  43|0x000000060c400000, 0x000000060c400000, 0x000000060c800000|  0%| F|  |TAMS 0x000000060c400000, 0x000000060c400000| Untracked 
|  44|0x000000060c800000, 0x000000060c800000, 0x000000060cc00000|  0%| F|  |TAMS 0x000000060c800000, 0x000000060c800000| Untracked 
|  45|0x000000060cc00000, 0x000000060cc00000, 0x000000060d000000|  0%| F|  |TAMS 0x000000060cc00000, 0x000000060cc00000| Untracked 
|  46|0x000000060d000000, 0x000000060d000000, 0x000000060d400000|  0%| F|  |TAMS 0x000000060d000000, 0x000000060d000000| Untracked 
|  47|0x000000060d400000, 0x000000060d400000, 0x000000060d800000|  0%| F|  |TAMS 0x000000060d400000, 0x000000060d400000| Untracked 
|  48|0x000000060d800000, 0x000000060d800000, 0x000000060dc00000|  0%| F|  |TAMS 0x000000060d800000, 0x000000060d800000| Untracked 
|  49|0x000000060dc00000, 0x000000060dc00000, 0x000000060e000000|  0%| F|  |TAMS 0x000000060dc00000, 0x000000060dc00000| Untracked 
|  50|0x000000060e000000, 0x000000060e000000, 0x000000060e400000|  0%| F|  |TAMS 0x000000060e000000, 0x000000060e000000| Untracked 
|  51|0x000000060e400000, 0x000000060e400000, 0x000000060e800000|  0%| F|  |TAMS 0x000000060e400000, 0x000000060e400000| Untracked 
|  52|0x000000060e800000, 0x000000060e800000, 0x000000060ec00000|  0%| F|  |TAMS 0x000000060e800000, 0x000000060e800000| Untracked 
|  53|0x000000060ec00000, 0x000000060ec00000, 0x000000060f000000|  0%| F|  |TAMS 0x000000060ec00000, 0x000000060ec00000| Untracked 
|  54|0x000000060f000000, 0x000000060f000000, 0x000000060f400000|  0%| F|  |TAMS 0x000000060f000000, 0x000000060f000000| Untracked 
|  55|0x000000060f400000, 0x000000060f400000, 0x000000060f800000|  0%| F|  |TAMS 0x000000060f400000, 0x000000060f400000| Untracked 
|  56|0x000000060f800000, 0x000000060f800000, 0x000000060fc00000|  0%| F|  |TAMS 0x000000060f800000, 0x000000060f800000| Untracked 
|  57|0x000000060fc00000, 0x000000060fc00000, 0x0000000610000000|  0%| F|  |TAMS 0x000000060fc00000, 0x000000060fc00000| Untracked 
|  58|0x0000000610000000, 0x0000000610000000, 0x0000000610400000|  0%| F|  |TAMS 0x0000000610000000, 0x0000000610000000| Untracked 
|  59|0x0000000610400000, 0x0000000610400000, 0x0000000610800000|  0%| F|  |TAMS 0x0000000610400000, 0x0000000610400000| Untracked 
|  60|0x0000000610800000, 0x0000000610800000, 0x0000000610c00000|  0%| F|  |TAMS 0x0000000610800000, 0x0000000610800000| Untracked 
|  61|0x0000000610c00000, 0x0000000610c00000, 0x0000000611000000|  0%| F|  |TAMS 0x0000000610c00000, 0x0000000610c00000| Untracked 
|  62|0x0000000611000000, 0x0000000611000000, 0x0000000611400000|  0%| F|  |TAMS 0x0000000611000000, 0x0000000611000000| Untracked 
|  63|0x0000000611400000, 0x0000000611400000, 0x0000000611800000|  0%| F|  |TAMS 0x0000000611400000, 0x0000000611400000| Untracked 
|  64|0x0000000611800000, 0x0000000611800000, 0x0000000611c00000|  0%| F|  |TAMS 0x0000000611800000, 0x0000000611800000| Untracked 
|  65|0x0000000611c00000, 0x0000000611c00000, 0x0000000612000000|  0%| F|  |TAMS 0x0000000611c00000, 0x0000000611c00000| Untracked 
|  66|0x0000000612000000, 0x0000000612000000, 0x0000000612400000|  0%| F|  |TAMS 0x0000000612000000, 0x0000000612000000| Untracked 
|  67|0x0000000612400000, 0x0000000612400000, 0x0000000612800000|  0%| F|  |TAMS 0x0000000612400000, 0x0000000612400000| Untracked 
|  68|0x0000000612800000, 0x0000000612800000, 0x0000000612c00000|  0%| F|  |TAMS 0x0000000612800000, 0x0000000612800000| Untracked 
|  69|0x0000000612c00000, 0x0000000612c00000, 0x0000000613000000|  0%| F|  |TAMS 0x0000000612c00000, 0x0000000612c00000| Untracked 
|  70|0x0000000613000000, 0x0000000613000000, 0x0000000613400000|  0%| F|  |TAMS 0x0000000613000000, 0x0000000613000000| Untracked 
|  71|0x0000000613400000, 0x0000000613400000, 0x0000000613800000|  0%| F|  |TAMS 0x0000000613400000, 0x0000000613400000| Untracked 
|  72|0x0000000613800000, 0x0000000613800000, 0x0000000613c00000|  0%| F|  |TAMS 0x0000000613800000, 0x0000000613800000| Untracked 
|  73|0x0000000613c00000, 0x0000000613c00000, 0x0000000614000000|  0%| F|  |TAMS 0x0000000613c00000, 0x0000000613c00000| Untracked 
|  74|0x0000000614000000, 0x0000000614000000, 0x0000000614400000|  0%| F|  |TAMS 0x0000000614000000, 0x0000000614000000| Untracked 
|  75|0x0000000614400000, 0x0000000614400000, 0x0000000614800000|  0%| F|  |TAMS 0x0000000614400000, 0x0000000614400000| Untracked 
|  76|0x0000000614800000, 0x0000000614800000, 0x0000000614c00000|  0%| F|  |TAMS 0x0000000614800000, 0x0000000614800000| Untracked 
|  77|0x0000000614c00000, 0x0000000614c00000, 0x0000000615000000|  0%| F|  |TAMS 0x0000000614c00000, 0x0000000614c00000| Untracked 
|  78|0x0000000615000000, 0x0000000615000000, 0x0000000615400000|  0%| F|  |TAMS 0x0000000615000000, 0x0000000615000000| Untracked 
|  79|0x0000000615400000, 0x0000000615400000, 0x0000000615800000|  0%| F|  |TAMS 0x0000000615400000, 0x0000000615400000| Untracked 
|  80|0x0000000615800000, 0x0000000615800000, 0x0000000615c00000|  0%| F|  |TAMS 0x0000000615800000, 0x0000000615800000| Untracked 
|  81|0x0000000615c00000, 0x0000000615c00000, 0x0000000616000000|  0%| F|  |TAMS 0x0000000615c00000, 0x0000000615c00000| Untracked 
|  82|0x0000000616000000, 0x0000000616000000, 0x0000000616400000|  0%| F|  |TAMS 0x0000000616000000, 0x0000000616000000| Untracked 
|  83|0x0000000616400000, 0x0000000616400000, 0x0000000616800000|  0%| F|  |TAMS 0x0000000616400000, 0x0000000616400000| Untracked 
|  84|0x0000000616800000, 0x0000000616800000, 0x0000000616c00000|  0%| F|  |TAMS 0x0000000616800000, 0x0000000616800000| Untracked 
|  85|0x0000000616c00000, 0x0000000616c00000, 0x0000000617000000|  0%| F|  |TAMS 0x0000000616c00000, 0x0000000616c00000| Untracked 
|  86|0x0000000617000000, 0x0000000617000000, 0x0000000617400000|  0%| F|  |TAMS 0x0000000617000000, 0x0000000617000000| Untracked 
|  87|0x0000000617400000, 0x0000000617400000, 0x0000000617800000|  0%| F|  |TAMS 0x0000000617400000, 0x0000000617400000| Untracked 
|  88|0x0000000617800000, 0x0000000617800000, 0x0000000617c00000|  0%| F|  |TAMS 0x0000000617800000, 0x0000000617800000| Untracked 
|  89|0x0000000617c00000, 0x0000000617c00000, 0x0000000618000000|  0%| F|  |TAMS 0x0000000617c00000, 0x0000000617c00000| Untracked 
|  90|0x0000000618000000, 0x0000000618000000, 0x0000000618400000|  0%| F|  |TAMS 0x0000000618000000, 0x0000000618000000| Untracked 
|  91|0x0000000618400000, 0x0000000618400000, 0x0000000618800000|  0%| F|  |TAMS 0x0000000618400000, 0x0000000618400000| Untracked 
|  92|0x0000000618800000, 0x0000000618800000, 0x0000000618c00000|  0%| F|  |TAMS 0x0000000618800000, 0x0000000618800000| Untracked 
|  93|0x0000000618c00000, 0x0000000618c00000, 0x0000000619000000|  0%| F|  |TAMS 0x0000000618c00000, 0x0000000618c00000| Untracked 
|  94|0x0000000619000000, 0x0000000619000000, 0x0000000619400000|  0%| F|  |TAMS 0x0000000619000000, 0x0000000619000000| Untracked 
|  95|0x0000000619400000, 0x0000000619400000, 0x0000000619800000|  0%| F|  |TAMS 0x0000000619400000, 0x0000000619400000| Untracked 
|  96|0x0000000619800000, 0x0000000619800000, 0x0000000619c00000|  0%| F|  |TAMS 0x0000000619800000, 0x0000000619800000| Untracked 
|  97|0x0000000619c00000, 0x0000000619c00000, 0x000000061a000000|  0%| F|  |TAMS 0x0000000619c00000, 0x0000000619c00000| Untracked 
|  98|0x000000061a000000, 0x000000061a000000, 0x000000061a400000|  0%| F|  |TAMS 0x000000061a000000, 0x000000061a000000| Untracked 
|  99|0x000000061a400000, 0x000000061a400000, 0x000000061a800000|  0%| F|  |TAMS 0x000000061a400000, 0x000000061a400000| Untracked 
| 100|0x000000061a800000, 0x000000061a800000, 0x000000061ac00000|  0%| F|  |TAMS 0x000000061a800000, 0x000000061a800000| Untracked 
| 101|0x000000061ac00000, 0x000000061ac00000, 0x000000061b000000|  0%| F|  |TAMS 0x000000061ac00000, 0x000000061ac00000| Untracked 
| 102|0x000000061b000000, 0x000000061b000000, 0x000000061b400000|  0%| F|  |TAMS 0x000000061b000000, 0x000000061b000000| Untracked 
| 103|0x000000061b400000, 0x000000061b400000, 0x000000061b800000|  0%| F|  |TAMS 0x000000061b400000, 0x000000061b400000| Untracked 
| 104|0x000000061b800000, 0x000000061b800000, 0x000000061bc00000|  0%| F|  |TAMS 0x000000061b800000, 0x000000061b800000| Untracked 
| 105|0x000000061bc00000, 0x000000061bc00000, 0x000000061c000000|  0%| F|  |TAMS 0x000000061bc00000, 0x000000061bc00000| Untracked 
| 106|0x000000061c000000, 0x000000061c000000, 0x000000061c400000|  0%| F|  |TAMS 0x000000061c000000, 0x000000061c000000| Untracked 
| 107|0x000000061c400000, 0x000000061c400000, 0x000000061c800000|  0%| F|  |TAMS 0x000000061c400000, 0x000000061c400000| Untracked 
| 108|0x000000061c800000, 0x000000061c800000, 0x000000061cc00000|  0%| F|  |TAMS 0x000000061c800000, 0x000000061c800000| Untracked 
| 109|0x000000061cc00000, 0x000000061cc00000, 0x000000061d000000|  0%| F|  |TAMS 0x000000061cc00000, 0x000000061cc00000| Untracked 
| 110|0x000000061d000000, 0x000000061d000000, 0x000000061d400000|  0%| F|  |TAMS 0x000000061d000000, 0x000000061d000000| Untracked 
| 111|0x000000061d400000, 0x000000061d400000, 0x000000061d800000|  0%| F|  |TAMS 0x000000061d400000, 0x000000061d400000| Untracked 
| 112|0x000000061d800000, 0x000000061d800000, 0x000000061dc00000|  0%| F|  |TAMS 0x000000061d800000, 0x000000061d800000| Untracked 
| 113|0x000000061dc00000, 0x000000061dc00000, 0x000000061e000000|  0%| F|  |TAMS 0x000000061dc00000, 0x000000061dc00000| Untracked 
| 114|0x000000061e000000, 0x000000061e000000, 0x000000061e400000|  0%| F|  |TAMS 0x000000061e000000, 0x000000061e000000| Untracked 
| 115|0x000000061e400000, 0x000000061e400000, 0x000000061e800000|  0%| F|  |TAMS 0x000000061e400000, 0x000000061e400000| Untracked 
| 116|0x000000061e800000, 0x000000061e800000, 0x000000061ec00000|  0%| F|  |TAMS 0x000000061e800000, 0x000000061e800000| Untracked 
| 117|0x000000061ec00000, 0x000000061ec00000, 0x000000061f000000|  0%| F|  |TAMS 0x000000061ec00000, 0x000000061ec00000| Untracked 
| 118|0x000000061f000000, 0x000000061f000000, 0x000000061f400000|  0%| F|  |TAMS 0x000000061f000000, 0x000000061f000000| Untracked 
| 119|0x000000061f400000, 0x000000061f400000, 0x000000061f800000|  0%| F|  |TAMS 0x000000061f400000, 0x000000061f400000| Untracked 
| 120|0x000000061f800000, 0x000000061f800000, 0x000000061fc00000|  0%| F|  |TAMS 0x000000061f800000, 0x000000061f800000| Untracked 
| 121|0x000000061fc00000, 0x000000061fc00000, 0x0000000620000000|  0%| F|  |TAMS 0x000000061fc00000, 0x000000061fc00000| Untracked 
| 122|0x0000000620000000, 0x0000000620000000, 0x0000000620400000|  0%| F|  |TAMS 0x0000000620000000, 0x0000000620000000| Untracked 
| 123|0x0000000620400000, 0x0000000620400000, 0x0000000620800000|  0%| F|  |TAMS 0x0000000620400000, 0x0000000620400000| Untracked 
| 124|0x0000000620800000, 0x0000000620990148, 0x0000000620c00000| 39%| E|  |TAMS 0x0000000620800000, 0x0000000620800000| Complete 
| 125|0x0000000620c00000, 0x0000000621000000, 0x0000000621000000|100%| E|CS|TAMS 0x0000000620c00000, 0x0000000620c00000| Complete 
| 126|0x0000000621000000, 0x0000000621400000, 0x0000000621400000|100%| E|CS|TAMS 0x0000000621000000, 0x0000000621000000| Complete 
| 127|0x0000000621400000, 0x0000000621800000, 0x0000000621800000|100%| E|  |TAMS 0x0000000621400000, 0x0000000621400000| Complete 

Card table byte_map: [0x0000026b3df30000,0x0000026b3ef30000] _byte_map_base: 0x0000026b3af24000

Marking Bits (Prev, Next): (CMBitMap*) 0x0000026b2a282380, (CMBitMap*) 0x0000026b2a2823c0
 Prev Bits: [0x0000026b3ff30000, 0x0000026b47ed0000)
 Next Bits: [0x0000026b47ed0000, 0x0000026b4fe70000)

Polling page: 0x0000026b28110000

Metaspace:

Usage:
  Non-class:      7.51 MB used.
      Class:    739.37 KB used.
       Both:      8.23 MB used.

Virtual space:
  Non-class space:       64.00 MB reserved,       7.62 MB ( 12%) committed,  1 nodes.
      Class space:        1.00 GB reserved,     768.00 KB ( <1%) committed,  1 nodes.
             Both:        1.06 GB reserved,       8.38 MB ( <1%) committed. 

Chunk freelists:
   Non-Class:  7.81 MB
       Class:  15.20 MB
        Both:  23.01 MB

MaxMetaspaceSize: unlimited
CompressedClassSpaceSize: 1.00 GB
Initial GC threshold: 21.00 MB
Current GC threshold: 21.00 MB
CDS: off
MetaspaceReclaimPolicy: balanced
 - commit_granule_bytes: 65536.
 - commit_granule_words: 8192.
 - virtual_space_node_default_size: 8388608.
 - enlarge_chunks_in_place: 1.
 - new_chunks_are_fully_committed: 0.
 - uncommit_free_chunks: 1.
 - use_allocation_guard: 0.
 - handle_deallocations: 1.


Internal statistics:

num_allocs_failed_limit: 0.
num_arena_births: 14.
num_arena_deaths: 0.
num_vsnodes_births: 2.
num_vsnodes_deaths: 0.
num_space_committed: 134.
num_space_uncommitted: 0.
num_chunks_returned_to_freelist: 0.
num_chunks_taken_from_freelist: 55.
num_chunk_merges: 0.
num_chunk_splits: 25.
num_chunks_enlarged: 19.
num_inconsistent_stats: 0.

CodeHeap 'non-profiled nmethods': size=119168Kb used=184Kb max_used=184Kb free=118983Kb
 bounds [0x0000026b35250000, 0x0000026b354c0000, 0x0000026b3c6b0000]
CodeHeap 'profiled nmethods': size=119104Kb used=920Kb max_used=920Kb free=118183Kb
 bounds [0x0000026b2d6b0000, 0x0000026b2d920000, 0x0000026b34b00000]
CodeHeap 'non-nmethods': size=7488Kb used=1690Kb max_used=1707Kb free=5797Kb
 bounds [0x0000026b34b00000, 0x0000026b34d70000, 0x0000026b35250000]
 total_blobs=989 nmethods=578 adapters=323
 compilation: enabled
              stopped_count=0, restarted_count=0
 full_count=0

Compilation events (20 events):
Event: 0.297 Thread 0x0000026b530d89c0 nmethod 507 0x0000026b2d770710 code [0x0000026b2d770900, 0x0000026b2d770e38]
Event: 0.297 Thread 0x0000026b52f8b010  509       4       java.util.HashMap::put (13 bytes)
Event: 0.297 Thread 0x0000026b530d89c0  511       3       jdk.internal.module.ModuleReferenceImpl::hashCode (56 bytes)
Event: 0.298 Thread 0x0000026b530d89c0 nmethod 511 0x0000026b2d770f90 code [0x0000026b2d771180, 0x0000026b2d771608]
Event: 0.298 Thread 0x0000026b530d89c0  512       3       java.io.File::isDirectory (34 bytes)
Event: 0.299 Thread 0x0000026b530d89c0 nmethod 512 0x0000026b2d771790 code [0x0000026b2d771980, 0x0000026b2d771ec8]
Event: 0.300 Thread 0x0000026b52f91b00  514       3       java.net.URI$Parser::scan (76 bytes)
Event: 0.300 Thread 0x0000026b530d89c0  515       1       java.net.URL::getPath (5 bytes)
Event: 0.300 Thread 0x0000026b530d89c0 nmethod 515 0x0000026b35278210 code [0x0000026b352783a0, 0x0000026b35278478]
Event: 0.301 Thread 0x0000026b52f91b00 nmethod 514 0x0000026b2d772090 code [0x0000026b2d7722c0, 0x0000026b2d772b58]
Event: 0.301 Thread 0x0000026b52f91b00  516       1       java.net.URL::getRef (5 bytes)
Event: 0.301 Thread 0x0000026b52f91b00 nmethod 516 0x0000026b35278510 code [0x0000026b352786a0, 0x0000026b35278778]
Event: 0.301 Thread 0x0000026b52f91b00  517       3       java.net.URI$Parser::at (23 bytes)
Event: 0.301 Thread 0x0000026b530d89c0  518       1       java.net.URL::getAuthority (5 bytes)
Event: 0.301 Thread 0x0000026b52f91b00 nmethod 517 0x0000026b2d772f10 code [0x0000026b2d773100, 0x0000026b2d773738]
Event: 0.301 Thread 0x0000026b530d89c0 nmethod 518 0x0000026b35278810 code [0x0000026b352789a0, 0x0000026b35278a78]
Event: 0.301 Thread 0x0000026b52f91b00  519       1       java.net.URL::getQuery (5 bytes)
Event: 0.301 Thread 0x0000026b52f91b00 nmethod 519 0x0000026b35278b10 code [0x0000026b35278ca0, 0x0000026b35278d78]
Event: 0.301 Thread 0x0000026b52f91b00  520       1       java.net.URL::getPort (5 bytes)
Event: 0.302 Thread 0x0000026b52f91b00 nmethod 520 0x0000026b35278e10 code [0x0000026b35278fa0, 0x0000026b35279078]

GC Heap History (0 events):
No events

Dll operation events (2 events):
Event: 0.006 Loaded shared library C:\Program Files\Android\Android Studio\jbr\bin\java.dll
Event: 0.087 Loaded shared library C:\Program Files\Android\Android Studio\jbr\bin\verify.dll

Deoptimization events (20 events):
Event: 0.198 Thread 0x0000026b2a1d6e90 DEOPT PACKING pc=0x0000026b2d7043be sp=0x000000b92dbfd9a0
Event: 0.198 Thread 0x0000026b2a1d6e90 DEOPT UNPACKING pc=0x0000026b34b57143 sp=0x000000b92dbfce18 mode 0
Event: 0.237 Thread 0x0000026b2a1d6e90 DEOPT PACKING pc=0x0000026b2d712602 sp=0x000000b92dbfd5f0
Event: 0.237 Thread 0x0000026b2a1d6e90 DEOPT UNPACKING pc=0x0000026b34b57143 sp=0x000000b92dbfcab0 mode 0
Event: 0.259 Thread 0x0000026b2a1d6e90 Uncommon trap: trap_request=0xffffffbe fr.pc=0x0000026b3526fab8 relative=0x00000000000003f8
Event: 0.259 Thread 0x0000026b2a1d6e90 Uncommon trap: reason=profile_predicate action=maybe_recompile pc=0x0000026b3526fab8 method=java.util.regex.Pattern$Slice.match(Ljava/util/regex/Matcher;ILjava/lang/CharSequence;)Z @ 18 c2
Event: 0.259 Thread 0x0000026b2a1d6e90 DEOPT PACKING pc=0x0000026b3526fab8 sp=0x000000b92dbfd940
Event: 0.259 Thread 0x0000026b2a1d6e90 DEOPT UNPACKING pc=0x0000026b34b569a3 sp=0x000000b92dbfd848 mode 2
Event: 0.259 Thread 0x0000026b2a1d6e90 Uncommon trap: trap_request=0xffffffbe fr.pc=0x0000026b3526fab8 relative=0x00000000000003f8
Event: 0.259 Thread 0x0000026b2a1d6e90 Uncommon trap: reason=profile_predicate action=maybe_recompile pc=0x0000026b3526fab8 method=java.util.regex.Pattern$Slice.match(Ljava/util/regex/Matcher;ILjava/lang/CharSequence;)Z @ 18 c2
Event: 0.259 Thread 0x0000026b2a1d6e90 DEOPT PACKING pc=0x0000026b3526fab8 sp=0x000000b92dbfd940
Event: 0.259 Thread 0x0000026b2a1d6e90 DEOPT UNPACKING pc=0x0000026b34b569a3 sp=0x000000b92dbfd848 mode 2
Event: 0.259 Thread 0x0000026b2a1d6e90 Uncommon trap: trap_request=0xffffffbe fr.pc=0x0000026b3526fab8 relative=0x00000000000003f8
Event: 0.259 Thread 0x0000026b2a1d6e90 Uncommon trap: reason=profile_predicate action=maybe_recompile pc=0x0000026b3526fab8 method=java.util.regex.Pattern$Slice.match(Ljava/util/regex/Matcher;ILjava/lang/CharSequence;)Z @ 18 c2
Event: 0.259 Thread 0x0000026b2a1d6e90 DEOPT PACKING pc=0x0000026b3526fab8 sp=0x000000b92dbfd940
Event: 0.259 Thread 0x0000026b2a1d6e90 DEOPT UNPACKING pc=0x0000026b34b569a3 sp=0x000000b92dbfd848 mode 2
Event: 0.261 Thread 0x0000026b2a1d6e90 Uncommon trap: trap_request=0xffffffbe fr.pc=0x0000026b3526fab8 relative=0x00000000000003f8
Event: 0.261 Thread 0x0000026b2a1d6e90 Uncommon trap: reason=profile_predicate action=maybe_recompile pc=0x0000026b3526fab8 method=java.util.regex.Pattern$Slice.match(Ljava/util/regex/Matcher;ILjava/lang/CharSequence;)Z @ 18 c2
Event: 0.261 Thread 0x0000026b2a1d6e90 DEOPT PACKING pc=0x0000026b3526fab8 sp=0x000000b92dbfd940
Event: 0.261 Thread 0x0000026b2a1d6e90 DEOPT UNPACKING pc=0x0000026b34b569a3 sp=0x000000b92dbfd848 mode 2

Classes unloaded (0 events):
No events

Classes redefined (0 events):
No events

Internal exceptions (1 events):
Event: 0.166 Thread 0x0000026b2a1d6e90 Exception <a 'java/lang/NoSuchMethodError'{0x00000006217f8f10}: 'int java.lang.invoke.DirectMethodHandle$Holder.invokeStaticInit(java.lang.Object, java.lang.Object)'> (0x00000006217f8f10) 
thrown [s\src\hotspot\share\interpreter\linkResolver.cpp, line 771]

VM Operations (2 events):
Event: 0.084 Executing VM operation: HandshakeAllThreads
Event: 0.084 Executing VM operation: HandshakeAllThreads done

Events (20 events):
Event: 0.169 loading class java/io/FileFilter done
Event: 0.185 loading class java/util/Collections$UnmodifiableList
Event: 0.185 loading class java/util/Collections$UnmodifiableList done
Event: 0.185 loading class java/util/Collections$UnmodifiableRandomAccessList
Event: 0.185 loading class java/util/Collections$UnmodifiableRandomAccessList done
Event: 0.188 loading class java/util/AbstractList$Itr
Event: 0.188 loading class java/util/AbstractList$Itr done
Event: 0.189 loading class java/util/zip/ZipException
Event: 0.189 loading class java/util/zip/ZipException done
Event: 0.189 loading class java/util/ArrayList$SubList
Event: 0.189 loading class java/util/ArrayList$SubList done
Event: 0.195 loading class java/util/Collections$UnmodifiableCollection$1
Event: 0.195 loading class java/util/Collections$UnmodifiableCollection$1 done
Event: 0.197 loading class java/util/Collections$SingletonSet
Event: 0.197 loading class java/util/Collections$SingletonSet done
Event: 0.197 loading class java/util/Collections$1
Event: 0.197 loading class java/util/Collections$1 done
Event: 0.198 loading class java/lang/invoke/DirectMethodHandle$Special
Event: 0.199 loading class java/lang/invoke/DirectMethodHandle$Special done
Event: 0.264 Thread 0x0000026b535b7d30 Thread added: 0x0000026b535b7d30


Dynamic libraries:
0x00007ff69c760000 - 0x00007ff69c76a000 	C:\Program Files\Android\Android Studio\jbr\bin\java.exe
0x00007ff892b10000 - 0x00007ff892d08000 	C:\WINDOWS\SYSTEM32\ntdll.dll
0x00007ff891300000 - 0x00007ff8913bd000 	C:\WINDOWS\System32\KERNEL32.DLL
0x00007ff8902b0000 - 0x00007ff8905a6000 	C:\WINDOWS\System32\KERNELBASE.dll
0x00007ff8908c0000 - 0x00007ff8909c0000 	C:\WINDOWS\System32\ucrtbase.dll
0x00007ff856c70000 - 0x00007ff856c87000 	C:\Program Files\Android\Android Studio\jbr\bin\jli.dll
0x00007ff8531e0000 - 0x00007ff8531fb000 	C:\Program Files\Android\Android Studio\jbr\bin\VCRUNTIME140.dll
0x00007ff891d80000 - 0x00007ff891f1f000 	C:\WINDOWS\System32\USER32.dll
0x00007ff87cf60000 - 0x00007ff87d1fa000 	C:\WINDOWS\WinSxS\amd64_microsoft.windows.common-controls_6595b64144ccf1df_6.0.19041.3636_none_60b6a03d71f818d5\COMCTL32.dll
0x00007ff8909c0000 - 0x00007ff8909e2000 	C:\WINDOWS\System32\win32u.dll
0x00007ff890c70000 - 0x00007ff890d0e000 	C:\WINDOWS\System32\msvcrt.dll
0x00007ff891f80000 - 0x00007ff891fab000 	C:\WINDOWS\System32\GDI32.dll
0x00007ff8909f0000 - 0x00007ff890b07000 	C:\WINDOWS\System32\gdi32full.dll
0x00007ff8901c0000 - 0x00007ff89025d000 	C:\WINDOWS\System32\msvcp_win.dll
0x00007ff892960000 - 0x00007ff892992000 	C:\WINDOWS\System32\IMM32.DLL
0x00007ff86e450000 - 0x00007ff86e45c000 	C:\Program Files\Android\Android Studio\jbr\bin\vcruntime140_1.dll
0x00007ff823240000 - 0x00007ff8232cd000 	C:\Program Files\Android\Android Studio\jbr\bin\msvcp140.dll
0x00007fffe7610000 - 0x00007fffe8293000 	C:\Program Files\Android\Android Studio\jbr\bin\server\jvm.dll
0x00007ff8928b0000 - 0x00007ff892960000 	C:\WINDOWS\System32\ADVAPI32.dll
0x00007ff8915b0000 - 0x00007ff891650000 	C:\WINDOWS\System32\sechost.dll
0x00007ff890b40000 - 0x00007ff890c63000 	C:\WINDOWS\System32\RPCRT4.dll
0x00007ff890b10000 - 0x00007ff890b37000 	C:\WINDOWS\System32\bcrypt.dll
0x00007ff88f750000 - 0x00007ff88f79b000 	C:\WINDOWS\SYSTEM32\POWRPROF.dll
0x00007ff85ed50000 - 0x00007ff85ed59000 	C:\WINDOWS\SYSTEM32\WSOCK32.dll
0x00007ff88a3a0000 - 0x00007ff88a3c7000 	C:\WINDOWS\SYSTEM32\WINMM.dll
0x00007ff888d00000 - 0x00007ff888d0a000 	C:\WINDOWS\SYSTEM32\VERSION.dll
0x00007ff891ba0000 - 0x00007ff891c0b000 	C:\WINDOWS\System32\WS2_32.dll
0x00007ff88f5c0000 - 0x00007ff88f5d2000 	C:\WINDOWS\SYSTEM32\UMPDC.dll
0x00007ff88ea00000 - 0x00007ff88ea12000 	C:\WINDOWS\SYSTEM32\kernel.appcore.dll
0x00007ff867a30000 - 0x00007ff867a3a000 	C:\Program Files\Android\Android Studio\jbr\bin\jimage.dll
0x00007ff88e670000 - 0x00007ff88e854000 	C:\WINDOWS\SYSTEM32\DBGHELP.DLL
0x00007ff86a340000 - 0x00007ff86a374000 	C:\WINDOWS\SYSTEM32\dbgcore.DLL
0x00007ff890780000 - 0x00007ff890802000 	C:\WINDOWS\System32\bcryptPrimitives.dll
0x00007ff84bb70000 - 0x00007ff84bb95000 	C:\Program Files\Android\Android Studio\jbr\bin\java.dll
0x00007ff84d990000 - 0x00007ff84d9a8000 	C:\Program Files\Android\Android Studio\jbr\bin\zip.dll
0x00007ff892140000 - 0x00007ff8928ab000 	C:\WINDOWS\System32\SHELL32.dll
0x00007ff88de10000 - 0x00007ff88e5ae000 	C:\WINDOWS\SYSTEM32\windows.storage.dll
0x00007ff890ec0000 - 0x00007ff891213000 	C:\WINDOWS\System32\combase.dll
0x00007ff88fbf0000 - 0x00007ff88fc1e000 	C:\WINDOWS\SYSTEM32\Wldp.dll
0x00007ff891ca0000 - 0x00007ff891d6d000 	C:\WINDOWS\System32\OLEAUT32.dll
0x00007ff891450000 - 0x00007ff8914fd000 	C:\WINDOWS\System32\SHCORE.dll
0x00007ff891f20000 - 0x00007ff891f75000 	C:\WINDOWS\System32\shlwapi.dll
0x00007ff8900f0000 - 0x00007ff890113000 	C:\WINDOWS\SYSTEM32\profapi.dll
0x00007ff84ad70000 - 0x00007ff84ad89000 	C:\Program Files\Android\Android Studio\jbr\bin\net.dll
0x00007ff888d70000 - 0x00007ff888e7a000 	C:\WINDOWS\SYSTEM32\WINHTTP.dll
0x00007ff88f950000 - 0x00007ff88f9ba000 	C:\WINDOWS\system32\mswsock.dll
0x00007ff84ad50000 - 0x00007ff84ad66000 	C:\Program Files\Android\Android Studio\jbr\bin\nio.dll
0x00007ff861c70000 - 0x00007ff861c80000 	C:\Program Files\Android\Android Studio\jbr\bin\verify.dll

dbghelp: loaded successfully - version: 4.0.5 - missing functions: none
symbol engine: initialized successfully - sym options: 0x614 - pdb path: .;C:\Program Files\Android\Android Studio\jbr\bin;C:\WINDOWS\SYSTEM32;C:\WINDOWS\WinSxS\amd64_microsoft.windows.common-controls_6595b64144ccf1df_6.0.19041.3636_none_60b6a03d71f818d5;C:\Program Files\Android\Android Studio\jbr\bin\server

VM Arguments:
jvm_args: -Dorg.gradle.appname=gradlew 
java_command: org.gradle.wrapper.GradleWrapperMain -q -Ptarget-platform=android-x64 -Ptarget=C:\VirtualSole_App\virtualsole\lib\main.dart -Pbase-application-name=android.app.Application -Pdart-defines=RkxVVFRFUl9XRUJfQVVUT19ERVRFQ1Q9dHJ1ZQ==,RkxVVFRFUl9XRUJfQ0FOVkFTS0lUX1VSTD1odHRwczovL3d3dy5nc3RhdGljLmNvbS9mbHV0dGVyLWNhbnZhc2tpdC9jNGNkNDhlMTg2NDYwYjMyZDQ0NTg1Y2UzYzEwMzI3MWFiNjc2MzU1Lw== -Pdart-obfuscation=false -Ptrack-widget-creation=true -Ptree-shake-icons=false -Pfilesystem-scheme=org-dartlang-root assembleDebug
java_class_path (initial): C:\VirtualSole_App\virtualsole\android\\gradle\wrapper\gradle-wrapper.jar
Launcher Type: SUN_STANDARD

[Global flags]
     intx CICompilerCount                          = 12                                        {product} {ergonomic}
     uint ConcGCThreads                            = 3                                         {product} {ergonomic}
     uint G1ConcRefinementThreads                  = 13                                        {product} {ergonomic}
   size_t G1HeapRegionSize                         = 4194304                                   {product} {ergonomic}
    uintx GCDrainStackTargetSize                   = 64                                        {product} {ergonomic}
   size_t InitialHeapSize                          = 536870912                                 {product} {ergonomic}
   size_t MarkStackSize                            = 4194304                                   {product} {ergonomic}
   size_t MaxHeapSize                              = 8564768768                                {product} {ergonomic}
   size_t MaxNewSize                               = 5138022400                                {product} {ergonomic}
   size_t MinHeapDeltaBytes                        = 4194304                                   {product} {ergonomic}
   size_t MinHeapSize                              = 8388608                                   {product} {ergonomic}
    uintx NonNMethodCodeHeapSize                   = 7602480                                {pd product} {ergonomic}
    uintx NonProfiledCodeHeapSize                  = 122027880                              {pd product} {ergonomic}
    uintx ProfiledCodeHeapSize                     = 122027880                              {pd product} {ergonomic}
    uintx ReservedCodeCacheSize                    = 251658240                              {pd product} {ergonomic}
     bool SegmentedCodeCache                       = true                                      {product} {ergonomic}
   size_t SoftMaxHeapSize                          = 8564768768                             {manageable} {ergonomic}
     bool UseCompressedClassPointers               = true                           {product lp64_product} {ergonomic}
     bool UseCompressedOops                        = true                           {product lp64_product} {ergonomic}
     bool UseG1GC                                  = true                                      {product} {ergonomic}
     bool UseLargePagesIndividualAllocation        = false                                  {pd product} {ergonomic}

Logging:
Log output configuration:
 #0: stdout all=warning uptime,level,tags
 #1: stderr all=off uptime,level,tags

Environment Variables:
JAVA_HOME=C:\Program Files\Android\Android Studio\jbr
CLASSPATH=C:\VirtualSole_App\virtualsole\android\\gradle\wrapper\gradle-wrapper.jar
PATH=C:\Program Files\Android\Android Studio\jbr\bin;C:\Program Files (x86)\Common Files\Oracle\Java\javapath;C:\WINDOWS\system32;C:\WINDOWS;C:\WINDOWS\System32\Wbem;C:\WINDOWS\System32\WindowsPowerShell\v1.0\;C:\WINDOWS\System32\OpenSSH\;C:\Program Files\nodejs\;C:\Program Files\Git\cmd;C:\Program Files (x86)\PDFtk\bin\;C:\Program Files\dotnet\;C:\Users\Adrian Estriel\AppData\Local\Programs\Python\Python310\;C:\Users\Adrian Estriel\AppData\Local\Programs\Python\Python310\Scripts\;C:\Program Files (x86)\NVIDIA Corporation\PhysX\Common;C:\Program Files\NVIDIA Corporation\NVIDIA NvDLISR;C:\Program Files\MATLAB\R2023b\bin;C:\Program Files\Microsoft SQL Server\150\Tools\Binn\;C:\Program Files\Microsoft SQL Server\Client SDK\ODBC\170\Tools\Binn\;C:\Program Files (x86)\Windows Kits\10\Windows Performance Toolkit\;C:\ProgramData\chocolatey\bin;C:\Users\Adrian Estriel\scoop\shims;C:\Users\Adrian Estriel\AppData\Local\Programs\Eclipse Adoptium\jdk-17.0.9.9-hotspot\bin;C:\FFmpeg\bin;C:\Users\Adrian Estriel\AppData\Local\Programs\Microsoft VS Code\bin;C:\Users\Adrian Estriel\.dotnet\tools;C:\Flutter Folder\flutter\bin;;C:\Flutter Folder\flutter\bin\mingit\cmd;C:\Flutter Folder\flutter\bin\mingit\cmd
USERNAME=Adrian Estriel
OS=Windows_NT
PROCESSOR_IDENTIFIER=AMD64 Family 25 Model 33 Stepping 0, AuthenticAMD
TMP=C:\Users\ADRIAN~1\AppData\Local\Temp
TEMP=C:\Users\ADRIAN~1\AppData\Local\Temp



Periodic native trim disabled

JNI global refs:
JNI global refs: 17, weak refs: 0

JNI global refs memory usage: 843, weak refs: 841

OOME stack traces (most recent first):
Classloader memory used:
